<?xml version="1.0" encoding="UTF-8"?>
<coverage generated="1556172575323" clover="3.2.0">
  <project timestamp="1556172575323" name="All files">
    <metrics statements="470" coveredstatements="296" conditionals="152" coveredconditionals="101" methods="177" coveredmethods="101" elements="799" coveredelements="498" complexity="0" loc="470" ncloc="470" packages="10" files="15" classes="15">
      <package name="src">
        <metrics statements="41" coveredstatements="13" conditionals="7" coveredconditionals="0" methods="26" coveredmethods="0"/>
        <file name="actions.js" path="D:\git\xray-test\src\actions.js">
          <metrics statements="24" coveredstatements="5" conditionals="0" coveredconditionals="0" methods="19" coveredmethods="0"/>
          <line num="5" count="5" type="stmt"/>
          <line num="6" count="0" type="stmt"/>
          <line num="7" count="0" type="stmt"/>
          <line num="9" count="0" type="stmt"/>
          <line num="10" count="0" type="stmt"/>
          <line num="14" count="5" type="stmt"/>
          <line num="15" count="0" type="stmt"/>
          <line num="16" count="0" type="stmt"/>
          <line num="18" count="0" type="stmt"/>
          <line num="19" count="0" type="stmt"/>
          <line num="23" count="5" type="stmt"/>
          <line num="24" count="0" type="stmt"/>
          <line num="25" count="0" type="stmt"/>
          <line num="27" count="0" type="stmt"/>
          <line num="28" count="0" type="stmt"/>
          <line num="32" count="5" type="stmt"/>
          <line num="33" count="0" type="stmt"/>
          <line num="34" count="0" type="stmt"/>
          <line num="36" count="0" type="stmt"/>
          <line num="37" count="0" type="stmt"/>
          <line num="41" count="5" type="stmt"/>
          <line num="42" count="0" type="stmt"/>
          <line num="43" count="0" type="stmt"/>
          <line num="44" count="0" type="stmt"/>
        </file>
        <file name="config.js" path="D:\git\xray-test\src\config.js">
          <metrics statements="9" coveredstatements="4" conditionals="3" coveredconditionals="0" methods="3" coveredmethods="0"/>
          <line num="3" count="5" type="stmt"/>
          <line num="5" count="5" type="cond" truecount="0" falsecount="1"/>
          <line num="6" count="0" type="stmt"/>
          <line num="16" count="0" type="cond" truecount="0" falsecount="2"/>
          <line num="18" count="0" type="stmt"/>
          <line num="21" count="5" type="stmt"/>
          <line num="22" count="0" type="stmt"/>
          <line num="32" count="5" type="stmt"/>
          <line num="33" count="0" type="stmt"/>
        </file>
        <file name="helpers.js" path="D:\git\xray-test\src\helpers.js">
          <metrics statements="8" coveredstatements="4" conditionals="4" coveredconditionals="0" methods="4" coveredmethods="0"/>
          <line num="6" count="6" type="cond" truecount="0" falsecount="2"/>
          <line num="13" count="6" type="stmt"/>
          <line num="14" count="0" type="stmt"/>
          <line num="22" count="6" type="stmt"/>
          <line num="23" count="0" type="cond" truecount="0" falsecount="2"/>
          <line num="24" count="0" type="stmt"/>
          <line num="27" count="0" type="stmt"/>
          <line num="33" count="6" type="stmt"/>
        </file>
      </package>
      <package name="src.components.Admin">
        <metrics statements="81" coveredstatements="70" conditionals="22" coveredconditionals="11" methods="39" coveredmethods="33"/>
        <file name="index.js" path="D:\git\xray-test\src\components\Admin\index.js">
          <metrics statements="81" coveredstatements="70" conditionals="22" coveredconditionals="11" methods="39" coveredmethods="33"/>
          <line num="7" count="1" type="stmt"/>
          <line num="9" count="1" type="stmt"/>
          <line num="17" count="1" type="stmt"/>
          <line num="18" count="1" type="stmt"/>
          <line num="19" count="1" type="stmt"/>
          <line num="20" count="1" type="stmt"/>
          <line num="21" count="1" type="stmt"/>
          <line num="22" count="1" type="stmt"/>
          <line num="24" count="1" type="cond" truecount="1" falsecount="1"/>
          <line num="25" count="1" type="cond" truecount="1" falsecount="1"/>
          <line num="26" count="1" type="cond" truecount="1" falsecount="1"/>
          <line num="27" count="1" type="cond" truecount="1" falsecount="1"/>
          <line num="28" count="1" type="cond" truecount="1" falsecount="1"/>
          <line num="32" count="1" type="stmt"/>
          <line num="33" count="1" type="stmt"/>
          <line num="34" count="1" type="stmt"/>
          <line num="38" count="1" type="stmt"/>
          <line num="39" count="1" type="stmt"/>
          <line num="40" count="0" type="stmt"/>
          <line num="44" count="4" type="stmt"/>
          <line num="45" count="4" type="stmt"/>
          <line num="46" count="0" type="stmt"/>
          <line num="50" count="4" type="stmt"/>
          <line num="51" count="4" type="stmt"/>
          <line num="52" count="0" type="stmt"/>
          <line num="56" count="3" type="stmt"/>
          <line num="57" count="3" type="stmt"/>
          <line num="61" count="2" type="stmt"/>
          <line num="63" count="2" type="cond" truecount="1" falsecount="1"/>
          <line num="64" count="2" type="stmt"/>
          <line num="65" count="2" type="stmt"/>
          <line num="66" count="0" type="stmt"/>
          <line num="71" count="1" type="stmt"/>
          <line num="72" count="1" type="stmt"/>
          <line num="77" count="1" type="stmt"/>
          <line num="78" count="1" type="cond" truecount="1" falsecount="1"/>
          <line num="79" count="1" type="stmt"/>
          <line num="80" count="1" type="stmt"/>
          <line num="82" count="1" type="stmt"/>
          <line num="84" count="1" type="stmt"/>
          <line num="85" count="1" type="cond" truecount="1" falsecount="1"/>
          <line num="88" count="1" type="stmt"/>
          <line num="92" count="1" type="stmt"/>
          <line num="93" count="0" type="stmt"/>
          <line num="96" count="1" type="cond" truecount="1" falsecount="1"/>
          <line num="97" count="1" type="stmt"/>
          <line num="101" count="1" type="stmt"/>
          <line num="103" count="1" type="stmt"/>
          <line num="106" count="1" type="stmt"/>
          <line num="107" count="1" type="stmt"/>
          <line num="108" count="1" type="stmt"/>
          <line num="112" count="1" type="stmt"/>
          <line num="116" count="1" type="stmt"/>
          <line num="118" count="1" type="stmt"/>
          <line num="120" count="1" type="cond" truecount="1" falsecount="1"/>
          <line num="122" count="1" type="stmt"/>
          <line num="124" count="1" type="cond" truecount="1" falsecount="1"/>
          <line num="126" count="1" type="stmt"/>
          <line num="128" count="1" type="stmt"/>
          <line num="129" count="1" type="stmt"/>
          <line num="132" count="1" type="stmt"/>
          <line num="136" count="0" type="stmt"/>
          <line num="137" count="0" type="stmt"/>
          <line num="138" count="0" type="stmt"/>
          <line num="140" count="0" type="stmt"/>
          <line num="141" count="0" type="stmt"/>
          <line num="143" count="0" type="stmt"/>
          <line num="147" count="1" type="stmt"/>
          <line num="148" count="1" type="stmt"/>
          <line num="150" count="1" type="stmt"/>
          <line num="152" count="1" type="stmt"/>
          <line num="153" count="1" type="stmt"/>
          <line num="155" count="1" type="stmt"/>
          <line num="159" count="24" type="stmt"/>
          <line num="161" count="24" type="stmt"/>
          <line num="186" count="23" type="stmt"/>
          <line num="212" count="22" type="stmt"/>
          <line num="213" count="1" type="stmt"/>
          <line num="214" count="1" type="stmt"/>
          <line num="225" count="21" type="stmt"/>
          <line num="227" count="1" type="stmt"/>
        </file>
      </package>
      <package name="src.components.App">
        <metrics statements="18" coveredstatements="18" conditionals="12" coveredconditionals="9" methods="6" coveredmethods="6"/>
        <file name="index.js" path="D:\git\xray-test\src\components\App\index.js">
          <metrics statements="18" coveredstatements="18" conditionals="12" coveredconditionals="9" methods="6" coveredmethods="6"/>
          <line num="16" count="1" type="stmt"/>
          <line num="18" count="1" type="stmt"/>
          <line num="25" count="1" type="stmt"/>
          <line num="26" count="1" type="stmt"/>
          <line num="27" count="1" type="stmt"/>
          <line num="29" count="1" type="cond" truecount="1" falsecount="1"/>
          <line num="30" count="1" type="cond" truecount="1" falsecount="1"/>
          <line num="34" count="1" type="stmt"/>
          <line num="36" count="1" type="stmt"/>
          <line num="41" count="1" type="stmt"/>
          <line num="43" count="1" type="stmt"/>
          <line num="46" count="1" type="stmt"/>
          <line num="50" count="1" type="cond" truecount="1" falsecount="1"/>
          <line num="51" count="1" type="stmt"/>
          <line num="55" count="1" type="stmt"/>
          <line num="60" count="1" type="stmt"/>
          <line num="64" count="7" type="stmt"/>
          <line num="66" count="7" type="stmt"/>
        </file>
      </package>
      <package name="src.components.CreateQuestion">
        <metrics statements="71" coveredstatements="40" conditionals="32" coveredconditionals="20" methods="23" coveredmethods="12"/>
        <file name="index.js" path="D:\git\xray-test\src\components\CreateQuestion\index.js">
          <metrics statements="71" coveredstatements="40" conditionals="32" coveredconditionals="20" methods="23" coveredmethods="12"/>
          <line num="9" count="2" type="stmt"/>
          <line num="11" count="2" type="stmt"/>
          <line num="21" count="2" type="stmt"/>
          <line num="22" count="2" type="stmt"/>
          <line num="23" count="2" type="stmt"/>
          <line num="24" count="2" type="stmt"/>
          <line num="25" count="2" type="stmt"/>
          <line num="29" count="2" type="stmt"/>
          <line num="30" count="2" type="stmt"/>
          <line num="31" count="2" type="stmt"/>
          <line num="33" count="2" type="cond" truecount="1" falsecount="1"/>
          <line num="34" count="2" type="cond" truecount="1" falsecount="1"/>
          <line num="35" count="2" type="cond" truecount="1" falsecount="1"/>
          <line num="36" count="2" type="cond" truecount="1" falsecount="1"/>
          <line num="37" count="2" type="cond" truecount="1" falsecount="1"/>
          <line num="38" count="2" type="stmt"/>
          <line num="42" count="0" type="stmt"/>
          <line num="50" count="0" type="stmt"/>
          <line num="58" count="0" type="stmt"/>
          <line num="69" count="2" type="cond" truecount="4" falsecount="0"/>
          <line num="70" count="1" type="stmt"/>
          <line num="71" count="1" type="stmt"/>
          <line num="73" count="1" type="stmt"/>
          <line num="83" count="1" type="stmt"/>
          <line num="85" count="1" type="cond" truecount="1" falsecount="1"/>
          <line num="86" count="1" type="stmt"/>
          <line num="98" count="1" type="stmt"/>
          <line num="100" count="1" type="cond" truecount="1" falsecount="1"/>
          <line num="101" count="1" type="cond" truecount="1" falsecount="1"/>
          <line num="103" count="1" type="stmt"/>
          <line num="105" count="1" type="stmt"/>
          <line num="108" count="1" type="stmt"/>
          <line num="117" count="0" type="stmt"/>
          <line num="118" count="0" type="stmt"/>
          <line num="119" count="0" type="stmt"/>
          <line num="121" count="0" type="stmt"/>
          <line num="132" count="0" type="stmt"/>
          <line num="133" count="0" type="stmt"/>
          <line num="134" count="0" type="stmt"/>
          <line num="135" count="0" type="stmt"/>
          <line num="137" count="0" type="stmt"/>
          <line num="138" count="0" type="stmt"/>
          <line num="139" count="0" type="cond" truecount="0" falsecount="2"/>
          <line num="141" count="0" type="stmt"/>
          <line num="149" count="2" type="stmt"/>
          <line num="151" count="2" type="stmt"/>
          <line num="153" count="2" type="stmt"/>
          <line num="162" count="0" type="stmt"/>
          <line num="164" count="0" type="stmt"/>
          <line num="166" count="0" type="stmt"/>
          <line num="167" count="0" type="stmt"/>
          <line num="168" count="0" type="stmt"/>
          <line num="169" count="0" type="stmt"/>
          <line num="178" count="0" type="stmt"/>
          <line num="180" count="0" type="stmt"/>
          <line num="181" count="0" type="stmt"/>
          <line num="182" count="0" type="stmt"/>
          <line num="183" count="0" type="stmt"/>
          <line num="191" count="0" type="stmt"/>
          <line num="200" count="0" type="stmt"/>
          <line num="202" count="0" type="cond" truecount="0" falsecount="2"/>
          <line num="204" count="0" type="stmt"/>
          <line num="212" count="0" type="stmt"/>
          <line num="220" count="1" type="stmt"/>
          <line num="222" count="1" type="stmt"/>
          <line num="230" count="1" type="stmt"/>
          <line num="232" count="1" type="stmt"/>
          <line num="233" count="1" type="stmt"/>
          <line num="235" count="1" type="stmt"/>
          <line num="239" count="17" type="stmt"/>
          <line num="241" count="17" type="stmt"/>
        </file>
      </package>
      <package name="src.components.CreateTest">
        <metrics statements="16" coveredstatements="16" conditionals="2" coveredconditionals="1" methods="6" coveredmethods="6"/>
        <file name="index.js" path="D:\git\xray-test\src\components\CreateTest\index.js">
          <metrics statements="16" coveredstatements="16" conditionals="2" coveredconditionals="1" methods="6" coveredmethods="6"/>
          <line num="7" count="1" type="stmt"/>
          <line num="9" count="1" type="stmt"/>
          <line num="15" count="1" type="stmt"/>
          <line num="16" count="1" type="stmt"/>
          <line num="17" count="1" type="cond" truecount="1" falsecount="1"/>
          <line num="21" count="1" type="stmt"/>
          <line num="23" count="1" type="stmt"/>
          <line num="25" count="1" type="stmt"/>
          <line num="27" count="1" type="stmt"/>
          <line num="28" count="1" type="stmt"/>
          <line num="30" count="1" type="stmt"/>
          <line num="34" count="1" type="stmt"/>
          <line num="36" count="1" type="stmt"/>
          <line num="38" count="1" type="stmt"/>
          <line num="42" count="7" type="stmt"/>
          <line num="44" count="7" type="stmt"/>
        </file>
      </package>
      <package name="src.components.Drawer">
        <metrics statements="70" coveredstatements="0" conditionals="3" coveredconditionals="0" methods="17" coveredmethods="0"/>
        <file name="index.js" path="D:\git\xray-test\src\components\Drawer\index.js">
          <metrics statements="70" coveredstatements="0" conditionals="3" coveredconditionals="0" methods="17" coveredmethods="0"/>
          <line num="3" count="0" type="stmt"/>
          <line num="4" count="0" type="stmt"/>
          <line num="6" count="0" type="stmt"/>
          <line num="8" count="0" type="stmt"/>
          <line num="9" count="0" type="stmt"/>
          <line num="10" count="0" type="stmt"/>
          <line num="11" count="0" type="stmt"/>
          <line num="13" count="0" type="stmt"/>
          <line num="15" count="0" type="stmt"/>
          <line num="16" count="0" type="stmt"/>
          <line num="18" count="0" type="stmt"/>
          <line num="19" count="0" type="stmt"/>
          <line num="20" count="0" type="stmt"/>
          <line num="21" count="0" type="stmt"/>
          <line num="25" count="0" type="stmt"/>
          <line num="27" count="0" type="stmt"/>
          <line num="28" count="0" type="stmt"/>
          <line num="32" count="0" type="cond" truecount="0" falsecount="2"/>
          <line num="33" count="0" type="stmt"/>
          <line num="35" count="0" type="stmt"/>
          <line num="36" count="0" type="stmt"/>
          <line num="38" count="0" type="stmt"/>
          <line num="40" count="0" type="stmt"/>
          <line num="41" count="0" type="stmt"/>
          <line num="46" count="0" type="stmt"/>
          <line num="48" count="0" type="stmt"/>
          <line num="50" count="0" type="stmt"/>
          <line num="51" count="0" type="stmt"/>
          <line num="53" count="0" type="stmt"/>
          <line num="55" count="0" type="stmt"/>
          <line num="56" count="0" type="stmt"/>
          <line num="57" count="0" type="stmt"/>
          <line num="61" count="0" type="stmt"/>
          <line num="62" count="0" type="stmt"/>
          <line num="63" count="0" type="stmt"/>
          <line num="67" count="0" type="stmt"/>
          <line num="69" count="0" type="stmt"/>
          <line num="70" count="0" type="stmt"/>
          <line num="74" count="0" type="stmt"/>
          <line num="75" count="0" type="stmt"/>
          <line num="77" count="0" type="stmt"/>
          <line num="84" count="0" type="stmt"/>
          <line num="86" count="0" type="stmt"/>
          <line num="87" count="0" type="stmt"/>
          <line num="88" count="0" type="stmt"/>
          <line num="89" count="0" type="stmt"/>
          <line num="91" count="0" type="stmt"/>
          <line num="92" count="0" type="stmt"/>
          <line num="94" count="0" type="stmt"/>
          <line num="99" count="0" type="stmt"/>
          <line num="101" count="0" type="stmt"/>
          <line num="105" count="0" type="stmt"/>
          <line num="107" count="0" type="stmt"/>
          <line num="111" count="0" type="stmt"/>
          <line num="112" count="0" type="stmt"/>
          <line num="114" count="0" type="stmt"/>
          <line num="115" count="0" type="stmt"/>
          <line num="117" count="0" type="stmt"/>
          <line num="121" count="0" type="stmt"/>
          <line num="122" count="0" type="stmt"/>
          <line num="123" count="0" type="stmt"/>
          <line num="127" count="0" type="stmt"/>
          <line num="128" count="0" type="stmt"/>
          <line num="129" count="0" type="stmt"/>
          <line num="133" count="0" type="stmt"/>
          <line num="137" count="0" type="stmt"/>
          <line num="138" count="0" type="stmt"/>
          <line num="139" count="0" type="stmt"/>
          <line num="143" count="0" type="stmt"/>
          <line num="144" count="0" type="stmt"/>
        </file>
      </package>
      <package name="src.components.Forbidden">
        <metrics statements="1" coveredstatements="1" conditionals="0" coveredconditionals="0" methods="1" coveredmethods="1"/>
        <file name="index.js" path="D:\git\xray-test\src\components\Forbidden\index.js">
          <metrics statements="1" coveredstatements="1" conditionals="0" coveredconditionals="0" methods="1" coveredmethods="1"/>
          <line num="6" count="1" type="stmt"/>
        </file>
      </package>
      <package name="src.components.Header">
        <metrics statements="8" coveredstatements="8" conditionals="4" coveredconditionals="4" methods="2" coveredmethods="2"/>
        <file name="Login.js" path="D:\git\xray-test\src\components\Header\Login.js">
          <metrics statements="4" coveredstatements="4" conditionals="2" coveredconditionals="2" methods="1" coveredmethods="1"/>
          <line num="6" count="3" type="stmt"/>
          <line num="7" count="10" type="stmt"/>
          <line num="9" count="10" type="stmt"/>
          <line num="28" count="3" type="stmt"/>
        </file>
        <file name="index.js" path="D:\git\xray-test\src\components\Header\index.js">
          <metrics statements="4" coveredstatements="4" conditionals="2" coveredconditionals="2" methods="1" coveredmethods="1"/>
          <line num="7" count="2" type="stmt"/>
          <line num="8" count="9" type="stmt"/>
          <line num="10" count="9" type="stmt"/>
          <line num="29" count="2" type="stmt"/>
        </file>
      </package>
      <package name="src.components.Menu">
        <metrics statements="1" coveredstatements="1" conditionals="0" coveredconditionals="0" methods="1" coveredmethods="1"/>
        <file name="index.js" path="D:\git\xray-test\src\components\Menu\index.js">
          <metrics statements="1" coveredstatements="1" conditionals="0" coveredconditionals="0" methods="1" coveredmethods="1"/>
          <line num="7" count="8" type="stmt"/>
        </file>
      </package>
      <package name="src.components.Test">
        <metrics statements="163" coveredstatements="129" conditionals="70" coveredconditionals="56" methods="56" coveredmethods="40"/>
        <file name="Slide.js" path="D:\git\xray-test\src\components\Test\Slide.js">
          <metrics statements="114" coveredstatements="88" conditionals="58" coveredconditionals="48" methods="35" coveredmethods="24"/>
          <line num="10" count="3" type="stmt"/>
          <line num="12" count="3" type="stmt"/>
          <line num="13" count="3" type="stmt"/>
          <line num="14" count="3" type="stmt"/>
          <line num="16" count="3" type="stmt"/>
          <line num="30" count="3" type="stmt"/>
          <line num="31" count="3" type="stmt"/>
          <line num="32" count="3" type="stmt"/>
          <line num="33" count="3" type="stmt"/>
          <line num="34" count="3" type="stmt"/>
          <line num="35" count="3" type="stmt"/>
          <line num="36" count="3" type="stmt"/>
          <line num="37" count="3" type="stmt"/>
          <line num="38" count="3" type="stmt"/>
          <line num="39" count="3" type="stmt"/>
          <line num="41" count="3" type="stmt"/>
          <line num="45" count="3" type="stmt"/>
          <line num="47" count="3" type="cond" truecount="1" falsecount="1"/>
          <line num="48" count="3" type="cond" truecount="1" falsecount="1"/>
          <line num="49" count="3" type="stmt"/>
          <line num="53" count="28" type="stmt"/>
          <line num="54" count="28" type="stmt"/>
          <line num="56" count="28" type="cond" truecount="1" falsecount="1"/>
          <line num="57" count="0" type="stmt"/>
          <line num="62" count="2" type="stmt"/>
          <line num="66" count="3" type="stmt"/>
          <line num="68" count="3" type="stmt"/>
          <line num="85" count="0" type="stmt"/>
          <line num="87" count="0" type="stmt"/>
          <line num="89" count="0" type="stmt"/>
          <line num="90" count="0" type="stmt"/>
          <line num="91" count="0" type="stmt"/>
          <line num="92" count="0" type="stmt"/>
          <line num="94" count="0" type="stmt"/>
          <line num="95" count="0" type="stmt"/>
          <line num="107" count="0" type="stmt"/>
          <line num="108" count="0" type="stmt"/>
          <line num="109" count="0" type="stmt"/>
          <line num="112" count="0" type="cond" truecount="0" falsecount="2"/>
          <line num="113" count="0" type="stmt"/>
          <line num="122" count="0" type="stmt"/>
          <line num="124" count="0" type="stmt"/>
          <line num="125" count="0" type="stmt"/>
          <line num="126" count="0" type="stmt"/>
          <line num="127" count="0" type="stmt"/>
          <line num="135" count="0" type="stmt"/>
          <line num="144" count="6" type="stmt"/>
          <line num="145" count="6" type="cond" truecount="2" falsecount="0"/>
          <line num="147" count="2" type="stmt"/>
          <line num="155" count="0" type="stmt"/>
          <line num="163" count="0" type="stmt"/>
          <line num="167" count="2" type="stmt"/>
          <line num="168" count="2" type="stmt"/>
          <line num="170" count="2" type="cond" truecount="2" falsecount="0"/>
          <line num="171" count="1" type="stmt"/>
          <line num="175" count="1" type="stmt"/>
          <line num="186" count="3" type="stmt"/>
          <line num="188" count="3" type="stmt"/>
          <line num="197" count="1" type="stmt"/>
          <line num="199" count="1" type="stmt"/>
          <line num="200" count="1" type="stmt"/>
          <line num="208" count="8" type="stmt"/>
          <line num="209" count="2" type="stmt"/>
          <line num="212" count="8" type="stmt"/>
          <line num="216" count="1" type="stmt"/>
          <line num="217" count="1" type="stmt"/>
          <line num="218" count="1" type="stmt"/>
          <line num="220" count="1" type="cond" truecount="1" falsecount="1"/>
          <line num="223" count="1" type="cond" truecount="1" falsecount="1"/>
          <line num="224" count="1" type="stmt"/>
          <line num="227" count="0" type="stmt"/>
          <line num="231" count="1" type="stmt"/>
          <line num="235" count="3" type="stmt"/>
          <line num="237" count="3" type="stmt"/>
          <line num="238" count="3" type="stmt"/>
          <line num="239" count="3" type="stmt"/>
          <line num="241" count="3" type="cond" truecount="4" falsecount="0"/>
          <line num="242" count="1" type="stmt"/>
          <line num="245" count="2" type="stmt"/>
          <line num="249" count="2" type="stmt"/>
          <line num="250" count="2" type="stmt"/>
          <line num="251" count="2" type="stmt"/>
          <line num="252" count="2" type="stmt"/>
          <line num="253" count="2" type="stmt"/>
          <line num="254" count="2" type="stmt"/>
          <line num="255" count="2" type="cond" truecount="4" falsecount="0"/>
          <line num="258" count="2" type="cond" truecount="1" falsecount="1"/>
          <line num="259" count="2" type="cond" truecount="2" falsecount="0"/>
          <line num="260" count="1" type="stmt"/>
          <line num="263" count="2" type="cond" truecount="2" falsecount="0"/>
          <line num="267" count="1" type="stmt"/>
          <line num="268" count="1" type="stmt"/>
          <line num="269" count="1" type="stmt"/>
          <line num="274" count="1" type="stmt"/>
          <line num="276" count="1" type="cond" truecount="1" falsecount="1"/>
          <line num="278" count="0" type="stmt"/>
          <line num="279" count="0" type="stmt"/>
          <line num="280" count="0" type="stmt"/>
          <line num="284" count="6" type="stmt"/>
          <line num="285" count="6" type="stmt"/>
          <line num="286" count="6" type="stmt"/>
          <line num="287" count="6" type="stmt"/>
          <line num="291" count="6" type="stmt"/>
          <line num="292" count="6" type="stmt"/>
          <line num="294" count="6" type="stmt"/>
          <line num="298" count="1" type="stmt"/>
          <line num="300" count="1" type="stmt"/>
          <line num="302" count="1" type="stmt"/>
          <line num="306" count="31" type="stmt"/>
          <line num="307" count="31" type="stmt"/>
          <line num="308" count="31" type="stmt"/>
          <line num="310" count="31" type="stmt"/>
          <line num="344" count="3" type="cond" truecount="2" falsecount="0"/>
          <line num="364" count="3" type="stmt"/>
        </file>
        <file name="User.js" path="D:\git\xray-test\src\components\Test\User.js">
          <metrics statements="4" coveredstatements="4" conditionals="0" coveredconditionals="0" methods="1" coveredmethods="1"/>
          <line num="6" count="3" type="stmt"/>
          <line num="7" count="9" type="stmt"/>
          <line num="9" count="9" type="stmt"/>
          <line num="32" count="3" type="stmt"/>
        </file>
        <file name="index.js" path="D:\git\xray-test\src\components\Test\index.js">
          <metrics statements="45" coveredstatements="37" conditionals="12" coveredconditionals="8" methods="20" coveredmethods="15"/>
          <line num="10" count="1" type="stmt"/>
          <line num="12" count="1" type="stmt"/>
          <line num="24" count="1" type="stmt"/>
          <line num="25" count="1" type="stmt"/>
          <line num="26" count="1" type="stmt"/>
          <line num="27" count="1" type="stmt"/>
          <line num="28" count="1" type="stmt"/>
          <line num="30" count="1" type="cond" truecount="1" falsecount="1"/>
          <line num="34" count="1" type="stmt"/>
          <line num="35" count="1" type="stmt"/>
          <line num="39" count="1" type="stmt"/>
          <line num="41" count="1" type="stmt"/>
          <line num="43" count="1" type="stmt"/>
          <line num="47" count="1" type="stmt"/>
          <line num="49" count="1" type="stmt"/>
          <line num="53" count="1" type="stmt"/>
          <line num="54" count="1" type="stmt"/>
          <line num="55" count="0" type="stmt"/>
          <line num="59" count="1" type="stmt"/>
          <line num="60" count="1" type="stmt"/>
          <line num="61" count="0" type="stmt"/>
          <line num="65" count="1" type="stmt"/>
          <line num="67" count="1" type="stmt"/>
          <line num="68" count="1" type="stmt"/>
          <line num="71" count="1" type="stmt"/>
          <line num="75" count="1" type="stmt"/>
          <line num="76" count="1" type="stmt"/>
          <line num="77" count="1" type="stmt"/>
          <line num="78" count="1" type="stmt"/>
          <line num="80" count="1" type="stmt"/>
          <line num="84" count="1" type="stmt"/>
          <line num="85" count="1" type="stmt"/>
          <line num="86" count="0" type="stmt"/>
          <line num="90" count="1" type="stmt"/>
          <line num="91" count="1" type="stmt"/>
          <line num="93" count="1" type="cond" truecount="1" falsecount="1"/>
          <line num="94" count="0" type="stmt"/>
          <line num="98" count="0" type="stmt"/>
          <line num="102" count="0" type="stmt"/>
          <line num="104" count="0" type="stmt"/>
          <line num="105" count="0" type="stmt"/>
          <line num="109" count="11" type="stmt"/>
          <line num="110" count="11" type="stmt"/>
          <line num="111" count="11" type="stmt"/>
          <line num="113" count="11" type="stmt"/>
        </file>
      </package>
    </metrics>
  </project>
</coverage>
