{"/home/pavel/git/xray-test/src/actions.js": {"path":"/home/pavel/git/xray-test/src/actions.js","statementMap":{"0":{"start":{"line":5,"column":17},"end":{"line":12,"column":1}},"1":{"start":{"line":6,"column":2},"end":{"line":11,"column":4}},"2":{"start":{"line":7,"column":4},"end":{"line":10,"column":31}},"3":{"start":{"line":9,"column":18},"end":{"line":9,"column":30}},"4":{"start":{"line":10,"column":19},"end":{"line":10,"column":30}},"5":{"start":{"line":14,"column":16},"end":{"line":21,"column":1}},"6":{"start":{"line":15,"column":2},"end":{"line":20,"column":4}},"7":{"start":{"line":16,"column":4},"end":{"line":19,"column":31}},"8":{"start":{"line":18,"column":18},"end":{"line":18,"column":30}},"9":{"start":{"line":19,"column":19},"end":{"line":19,"column":30}},"10":{"start":{"line":23,"column":19},"end":{"line":30,"column":1}},"11":{"start":{"line":24,"column":2},"end":{"line":29,"column":4}},"12":{"start":{"line":25,"column":4},"end":{"line":28,"column":31}},"13":{"start":{"line":27,"column":18},"end":{"line":27,"column":30}},"14":{"start":{"line":28,"column":19},"end":{"line":28,"column":30}},"15":{"start":{"line":32,"column":17},"end":{"line":39,"column":1}},"16":{"start":{"line":33,"column":2},"end":{"line":38,"column":4}},"17":{"start":{"line":34,"column":4},"end":{"line":37,"column":31}},"18":{"start":{"line":36,"column":18},"end":{"line":36,"column":30}},"19":{"start":{"line":37,"column":19},"end":{"line":37,"column":30}},"20":{"start":{"line":41,"column":21},"end":{"line":45,"column":1}},"21":{"start":{"line":42,"column":2},"end":{"line":44,"column":50}},"22":{"start":{"line":43,"column":23},"end":{"line":43,"column":33}},"23":{"start":{"line":44,"column":24},"end":{"line":44,"column":48}}},"fnMap":{"0":{"name":"(anonymous_0)","decl":{"start":{"line":5,"column":17},"end":{"line":5,"column":18}},"loc":{"start":{"line":5,"column":38},"end":{"line":12,"column":1}},"line":5},"1":{"name":"(anonymous_1)","decl":{"start":{"line":6,"column":21},"end":{"line":6,"column":22}},"loc":{"start":{"line":6,"column":42},"end":{"line":11,"column":3}},"line":6},"2":{"name":"(anonymous_2)","decl":{"start":{"line":9,"column":11},"end":{"line":9,"column":12}},"loc":{"start":{"line":9,"column":18},"end":{"line":9,"column":30}},"line":9},"3":{"name":"(anonymous_3)","decl":{"start":{"line":10,"column":12},"end":{"line":10,"column":13}},"loc":{"start":{"line":10,"column":19},"end":{"line":10,"column":30}},"line":10},"4":{"name":"(anonymous_4)","decl":{"start":{"line":14,"column":16},"end":{"line":14,"column":17}},"loc":{"start":{"line":14,"column":37},"end":{"line":21,"column":1}},"line":14},"5":{"name":"(anonymous_5)","decl":{"start":{"line":15,"column":21},"end":{"line":15,"column":22}},"loc":{"start":{"line":15,"column":42},"end":{"line":20,"column":3}},"line":15},"6":{"name":"(anonymous_6)","decl":{"start":{"line":18,"column":11},"end":{"line":18,"column":12}},"loc":{"start":{"line":18,"column":18},"end":{"line":18,"column":30}},"line":18},"7":{"name":"(anonymous_7)","decl":{"start":{"line":19,"column":12},"end":{"line":19,"column":13}},"loc":{"start":{"line":19,"column":19},"end":{"line":19,"column":30}},"line":19},"8":{"name":"(anonymous_8)","decl":{"start":{"line":23,"column":19},"end":{"line":23,"column":20}},"loc":{"start":{"line":23,"column":40},"end":{"line":30,"column":1}},"line":23},"9":{"name":"(anonymous_9)","decl":{"start":{"line":24,"column":21},"end":{"line":24,"column":22}},"loc":{"start":{"line":24,"column":42},"end":{"line":29,"column":3}},"line":24},"10":{"name":"(anonymous_10)","decl":{"start":{"line":27,"column":11},"end":{"line":27,"column":12}},"loc":{"start":{"line":27,"column":18},"end":{"line":27,"column":30}},"line":27},"11":{"name":"(anonymous_11)","decl":{"start":{"line":28,"column":12},"end":{"line":28,"column":13}},"loc":{"start":{"line":28,"column":19},"end":{"line":28,"column":30}},"line":28},"12":{"name":"(anonymous_12)","decl":{"start":{"line":32,"column":17},"end":{"line":32,"column":18}},"loc":{"start":{"line":32,"column":38},"end":{"line":39,"column":1}},"line":32},"13":{"name":"(anonymous_13)","decl":{"start":{"line":33,"column":21},"end":{"line":33,"column":22}},"loc":{"start":{"line":33,"column":42},"end":{"line":38,"column":3}},"line":33},"14":{"name":"(anonymous_14)","decl":{"start":{"line":36,"column":11},"end":{"line":36,"column":12}},"loc":{"start":{"line":36,"column":18},"end":{"line":36,"column":30}},"line":36},"15":{"name":"(anonymous_15)","decl":{"start":{"line":37,"column":12},"end":{"line":37,"column":13}},"loc":{"start":{"line":37,"column":19},"end":{"line":37,"column":30}},"line":37},"16":{"name":"(anonymous_16)","decl":{"start":{"line":41,"column":21},"end":{"line":41,"column":22}},"loc":{"start":{"line":41,"column":46},"end":{"line":45,"column":1}},"line":41},"17":{"name":"(anonymous_17)","decl":{"start":{"line":43,"column":16},"end":{"line":43,"column":17}},"loc":{"start":{"line":43,"column":23},"end":{"line":43,"column":33}},"line":43},"18":{"name":"(anonymous_18)","decl":{"start":{"line":44,"column":16},"end":{"line":44,"column":17}},"loc":{"start":{"line":44,"column":24},"end":{"line":44,"column":48}},"line":44}},"branchMap":{},"s":{"0":5,"1":0,"2":0,"3":0,"4":0,"5":5,"6":2,"7":2,"8":0,"9":0,"10":5,"11":0,"12":0,"13":0,"14":0,"15":5,"16":0,"17":0,"18":0,"19":0,"20":5,"21":0,"22":0,"23":0},"f":{"0":0,"1":0,"2":0,"3":0,"4":2,"5":2,"6":0,"7":0,"8":0,"9":0,"10":0,"11":0,"12":0,"13":0,"14":0,"15":0,"16":0,"17":0,"18":0},"b":{},"_coverageSchema":"332fd63041d2c1bcb487cc26dd0d5f7d97098a6c","hash":"6c1d7171b7fe5e1a5119f9e9f79d10c21bf73b2b"}
,"/home/pavel/git/xray-test/src/config.js": {"path":"/home/pavel/git/xray-test/src/config.js","statementMap":{"0":{"start":{"line":3,"column":23},"end":{"line":3,"column":42}},"1":{"start":{"line":5,"column":28},"end":{"line":19,"column":1}},"2":{"start":{"line":6,"column":22},"end":{"line":14,"column":5}},"3":{"start":{"line":16,"column":2},"end":{"line":16,"column":70}},"4":{"start":{"line":16,"column":12},"end":{"line":16,"column":70}},"5":{"start":{"line":18,"column":2},"end":{"line":18,"column":20}},"6":{"start":{"line":21,"column":25},"end":{"line":30,"column":1}},"7":{"start":{"line":22,"column":2},"end":{"line":29,"column":5}},"8":{"start":{"line":32,"column":29},"end":{"line":40,"column":1}},"9":{"start":{"line":33,"column":2},"end":{"line":39,"column":3}}},"fnMap":{"0":{"name":"(anonymous_0)","decl":{"start":{"line":5,"column":28},"end":{"line":5,"column":29}},"loc":{"start":{"line":5,"column":60},"end":{"line":19,"column":1}},"line":5},"1":{"name":"(anonymous_1)","decl":{"start":{"line":21,"column":25},"end":{"line":21,"column":26}},"loc":{"start":{"line":21,"column":41},"end":{"line":30,"column":1}},"line":21},"2":{"name":"(anonymous_2)","decl":{"start":{"line":32,"column":29},"end":{"line":32,"column":30}},"loc":{"start":{"line":32,"column":41},"end":{"line":40,"column":1}},"line":32}},"branchMap":{"0":{"loc":{"start":{"line":5,"column":38},"end":{"line":5,"column":52}},"type":"default-arg","locations":[{"start":{"line":5,"column":47},"end":{"line":5,"column":52}}],"line":5},"1":{"loc":{"start":{"line":16,"column":2},"end":{"line":16,"column":70}},"type":"if","locations":[{"start":{"line":16,"column":2},"end":{"line":16,"column":70}},{"start":{"line":16,"column":2},"end":{"line":16,"column":70}}],"line":16}},"s":{"0":5,"1":5,"2":0,"3":0,"4":0,"5":0,"6":5,"7":0,"8":5,"9":0},"f":{"0":0,"1":0,"2":0},"b":{"0":[0],"1":[0,0]},"_coverageSchema":"332fd63041d2c1bcb487cc26dd0d5f7d97098a6c","hash":"6d2c33fa41cd74cfd77c2e8ae9c19b7aeba69046"}
,"/home/pavel/git/xray-test/src/helpers.js": {"path":"/home/pavel/git/xray-test/src/helpers.js","statementMap":{"0":{"start":{"line":6,"column":30},"end":{"line":6,"column":113}},"1":{"start":{"line":6,"column":42},"end":{"line":6,"column":113}},"2":{"start":{"line":6,"column":71},"end":{"line":6,"column":112}},"3":{"start":{"line":13,"column":24},"end":{"line":15,"column":1}},"4":{"start":{"line":14,"column":2},"end":{"line":14,"column":46}},"5":{"start":{"line":22,"column":24},"end":{"line":28,"column":1}},"6":{"start":{"line":23,"column":2},"end":{"line":25,"column":3}},"7":{"start":{"line":24,"column":4},"end":{"line":24,"column":40}},"8":{"start":{"line":27,"column":2},"end":{"line":27,"column":15}},"9":{"start":{"line":33,"column":24},"end":{"line":39,"column":1}}},"fnMap":{"0":{"name":"(anonymous_0)","decl":{"start":{"line":6,"column":30},"end":{"line":6,"column":31}},"loc":{"start":{"line":6,"column":42},"end":{"line":6,"column":113}},"line":6},"1":{"name":"(anonymous_1)","decl":{"start":{"line":6,"column":63},"end":{"line":6,"column":64}},"loc":{"start":{"line":6,"column":71},"end":{"line":6,"column":112}},"line":6},"2":{"name":"(anonymous_2)","decl":{"start":{"line":13,"column":24},"end":{"line":13,"column":25}},"loc":{"start":{"line":13,"column":33},"end":{"line":15,"column":1}},"line":13},"3":{"name":"(anonymous_3)","decl":{"start":{"line":22,"column":24},"end":{"line":22,"column":25}},"loc":{"start":{"line":22,"column":30},"end":{"line":28,"column":1}},"line":22}},"branchMap":{"0":{"loc":{"start":{"line":6,"column":71},"end":{"line":6,"column":112}},"type":"cond-expr","locations":[{"start":{"line":6,"column":85},"end":{"line":6,"column":89}},{"start":{"line":6,"column":92},"end":{"line":6,"column":112}}],"line":6},"1":{"loc":{"start":{"line":23,"column":2},"end":{"line":25,"column":3}},"type":"if","locations":[{"start":{"line":23,"column":2},"end":{"line":25,"column":3}},{"start":{"line":23,"column":2},"end":{"line":25,"column":3}}],"line":23}},"s":{"0":6,"1":0,"2":0,"3":6,"4":0,"5":6,"6":0,"7":0,"8":0,"9":6},"f":{"0":0,"1":0,"2":0,"3":0},"b":{"0":[0,0],"1":[0,0]},"_coverageSchema":"332fd63041d2c1bcb487cc26dd0d5f7d97098a6c","hash":"13b1991e3980b73cb0fb1a64fe3dc9f12c80e37b"}
,"/home/pavel/git/xray-test/src/components/Admin/index.js": {"path":"/home/pavel/git/xray-test/src/components/Admin/index.js","statementMap":{"0":{"start":{"line":7,"column":4},"end":{"line":7,"column":16}},"1":{"start":{"line":9,"column":4},"end":{"line":15,"column":5}},"2":{"start":{"line":17,"column":4},"end":{"line":17,"column":47}},"3":{"start":{"line":18,"column":4},"end":{"line":18,"column":51}},"4":{"start":{"line":19,"column":4},"end":{"line":19,"column":53}},"5":{"start":{"line":20,"column":4},"end":{"line":20,"column":53}},"6":{"start":{"line":21,"column":4},"end":{"line":21,"column":41}},"7":{"start":{"line":22,"column":4},"end":{"line":22,"column":61}},"8":{"start":{"line":24,"column":4},"end":{"line":24,"column":49}},"9":{"start":{"line":25,"column":4},"end":{"line":25,"column":52}},"10":{"start":{"line":26,"column":4},"end":{"line":26,"column":52}},"11":{"start":{"line":27,"column":4},"end":{"line":27,"column":58}},"12":{"start":{"line":28,"column":4},"end":{"line":28,"column":64}},"13":{"start":{"line":32,"column":4},"end":{"line":32,"column":23}},"14":{"start":{"line":33,"column":4},"end":{"line":33,"column":20}},"15":{"start":{"line":34,"column":4},"end":{"line":34,"column":24}},"16":{"start":{"line":38,"column":4},"end":{"line":40,"column":58}},"17":{"start":{"line":39,"column":33},"end":{"line":39,"column":60}},"18":{"start":{"line":40,"column":29},"end":{"line":40,"column":57}},"19":{"start":{"line":44,"column":4},"end":{"line":46,"column":58}},"20":{"start":{"line":45,"column":30},"end":{"line":45,"column":54}},"21":{"start":{"line":46,"column":29},"end":{"line":46,"column":57}},"22":{"start":{"line":50,"column":4},"end":{"line":52,"column":58}},"23":{"start":{"line":51,"column":34},"end":{"line":51,"column":62}},"24":{"start":{"line":52,"column":29},"end":{"line":52,"column":57}},"25":{"start":{"line":56,"column":4},"end":{"line":56,"column":20}},"26":{"start":{"line":57,"column":4},"end":{"line":57,"column":24}},"27":{"start":{"line":61,"column":15},"end":{"line":61,"column":44}},"28":{"start":{"line":63,"column":4},"end":{"line":67,"column":5}},"29":{"start":{"line":64,"column":6},"end":{"line":66,"column":60}},"30":{"start":{"line":65,"column":30},"end":{"line":65,"column":48}},"31":{"start":{"line":66,"column":31},"end":{"line":66,"column":59}},"32":{"start":{"line":71,"column":4},"end":{"line":73,"column":35}},"33":{"start":{"line":72,"column":28},"end":{"line":72,"column":62}},"34":{"start":{"line":77,"column":26},"end":{"line":77,"column":34}},"35":{"start":{"line":78,"column":28},"end":{"line":78,"column":56}},"36":{"start":{"line":79,"column":17},"end":{"line":79,"column":28}},"37":{"start":{"line":80,"column":25},"end":{"line":80,"column":35}},"38":{"start":{"line":82,"column":4},"end":{"line":82,"column":42}},"39":{"start":{"line":84,"column":4},"end":{"line":86,"column":6}},"40":{"start":{"line":85,"column":6},"end":{"line":85,"column":93}},"41":{"start":{"line":85,"column":30},"end":{"line":85,"column":93}},"42":{"start":{"line":88,"column":4},"end":{"line":88,"column":31}},"43":{"start":{"line":92,"column":21},"end":{"line":94,"column":5}},"44":{"start":{"line":93,"column":20},"end":{"line":93,"column":31}},"45":{"start":{"line":96,"column":4},"end":{"line":97,"column":19}},"46":{"start":{"line":96,"column":24},"end":{"line":96,"column":50}},"47":{"start":{"line":97,"column":9},"end":{"line":97,"column":19}},"48":{"start":{"line":101,"column":4},"end":{"line":101,"column":39}},"49":{"start":{"line":103,"column":4},"end":{"line":112,"column":67}},"50":{"start":{"line":106,"column":18},"end":{"line":106,"column":78}},"51":{"start":{"line":107,"column":18},"end":{"line":109,"column":23}},"52":{"start":{"line":108,"column":20},"end":{"line":108,"column":87}},"53":{"start":{"line":112,"column":30},"end":{"line":112,"column":66}},"54":{"start":{"line":116,"column":4},"end":{"line":116,"column":23}},"55":{"start":{"line":118,"column":15},"end":{"line":118,"column":84}},"56":{"start":{"line":120,"column":4},"end":{"line":120,"column":22}},"57":{"start":{"line":120,"column":15},"end":{"line":120,"column":22}},"58":{"start":{"line":122,"column":4},"end":{"line":122,"column":39}},"59":{"start":{"line":124,"column":17},"end":{"line":124,"column":67}},"60":{"start":{"line":126,"column":4},"end":{"line":132,"column":67}},"61":{"start":{"line":128,"column":18},"end":{"line":128,"column":57}},"62":{"start":{"line":129,"column":18},"end":{"line":129,"column":37}},"63":{"start":{"line":132,"column":30},"end":{"line":132,"column":66}},"64":{"start":{"line":136,"column":22},"end":{"line":136,"column":84}},"65":{"start":{"line":137,"column":18},"end":{"line":137,"column":76}},"66":{"start":{"line":138,"column":17},"end":{"line":138,"column":31}},"67":{"start":{"line":140,"column":4},"end":{"line":140,"column":49}},"68":{"start":{"line":141,"column":4},"end":{"line":141,"column":41}},"69":{"start":{"line":143,"column":4},"end":{"line":143,"column":16}},"70":{"start":{"line":147,"column":4},"end":{"line":147,"column":23}},"71":{"start":{"line":148,"column":4},"end":{"line":148,"column":39}},"72":{"start":{"line":150,"column":25},"end":{"line":150,"column":35}},"73":{"start":{"line":152,"column":4},"end":{"line":155,"column":67}},"74":{"start":{"line":153,"column":28},"end":{"line":153,"column":62}},"75":{"start":{"line":155,"column":30},"end":{"line":155,"column":66}},"76":{"start":{"line":159,"column":55},"end":{"line":159,"column":65}},"77":{"start":{"line":161,"column":4},"end":{"line":234,"column":5}},"78":{"start":{"line":186,"column":18},"end":{"line":197,"column":24}},"79":{"start":{"line":212,"column":16},"end":{"line":215,"column":21}},"80":{"start":{"line":213,"column":34},"end":{"line":213,"column":61}},"81":{"start":{"line":214,"column":53},"end":{"line":214,"column":86}},"82":{"start":{"line":225,"column":16},"end":{"line":228,"column":21}},"83":{"start":{"line":227,"column":55},"end":{"line":227,"column":89}}},"fnMap":{"0":{"name":"(anonymous_0)","decl":{"start":{"line":6,"column":2},"end":{"line":6,"column":3}},"loc":{"start":{"line":6,"column":22},"end":{"line":29,"column":3}},"line":6},"1":{"name":"(anonymous_1)","decl":{"start":{"line":31,"column":2},"end":{"line":31,"column":3}},"loc":{"start":{"line":31,"column":23},"end":{"line":35,"column":3}},"line":31},"2":{"name":"(anonymous_2)","decl":{"start":{"line":37,"column":2},"end":{"line":37,"column":3}},"loc":{"start":{"line":37,"column":17},"end":{"line":41,"column":3}},"line":37},"3":{"name":"(anonymous_3)","decl":{"start":{"line":39,"column":21},"end":{"line":39,"column":22}},"loc":{"start":{"line":39,"column":33},"end":{"line":39,"column":60}},"line":39},"4":{"name":"(anonymous_4)","decl":{"start":{"line":40,"column":22},"end":{"line":40,"column":23}},"loc":{"start":{"line":40,"column":29},"end":{"line":40,"column":57}},"line":40},"5":{"name":"(anonymous_5)","decl":{"start":{"line":43,"column":2},"end":{"line":43,"column":3}},"loc":{"start":{"line":43,"column":14},"end":{"line":47,"column":3}},"line":43},"6":{"name":"(anonymous_6)","decl":{"start":{"line":45,"column":21},"end":{"line":45,"column":22}},"loc":{"start":{"line":45,"column":30},"end":{"line":45,"column":54}},"line":45},"7":{"name":"(anonymous_7)","decl":{"start":{"line":46,"column":22},"end":{"line":46,"column":23}},"loc":{"start":{"line":46,"column":29},"end":{"line":46,"column":57}},"line":46},"8":{"name":"(anonymous_8)","decl":{"start":{"line":49,"column":2},"end":{"line":49,"column":3}},"loc":{"start":{"line":49,"column":18},"end":{"line":53,"column":3}},"line":49},"9":{"name":"(anonymous_9)","decl":{"start":{"line":51,"column":21},"end":{"line":51,"column":22}},"loc":{"start":{"line":51,"column":34},"end":{"line":51,"column":62}},"line":51},"10":{"name":"(anonymous_10)","decl":{"start":{"line":52,"column":22},"end":{"line":52,"column":23}},"loc":{"start":{"line":52,"column":29},"end":{"line":52,"column":57}},"line":52},"11":{"name":"(anonymous_11)","decl":{"start":{"line":55,"column":2},"end":{"line":55,"column":3}},"loc":{"start":{"line":55,"column":17},"end":{"line":58,"column":3}},"line":55},"12":{"name":"(anonymous_12)","decl":{"start":{"line":60,"column":2},"end":{"line":60,"column":3}},"loc":{"start":{"line":60,"column":24},"end":{"line":68,"column":3}},"line":60},"13":{"name":"(anonymous_13)","decl":{"start":{"line":65,"column":23},"end":{"line":65,"column":24}},"loc":{"start":{"line":65,"column":30},"end":{"line":65,"column":48}},"line":65},"14":{"name":"(anonymous_14)","decl":{"start":{"line":66,"column":24},"end":{"line":66,"column":25}},"loc":{"start":{"line":66,"column":31},"end":{"line":66,"column":59}},"line":66},"15":{"name":"(anonymous_15)","decl":{"start":{"line":70,"column":2},"end":{"line":70,"column":3}},"loc":{"start":{"line":70,"column":21},"end":{"line":74,"column":3}},"line":70},"16":{"name":"(anonymous_16)","decl":{"start":{"line":72,"column":21},"end":{"line":72,"column":22}},"loc":{"start":{"line":72,"column":28},"end":{"line":72,"column":62}},"line":72},"17":{"name":"(anonymous_17)","decl":{"start":{"line":76,"column":2},"end":{"line":76,"column":3}},"loc":{"start":{"line":76,"column":19},"end":{"line":89,"column":3}},"line":76},"18":{"name":"(anonymous_18)","decl":{"start":{"line":84,"column":21},"end":{"line":84,"column":22}},"loc":{"start":{"line":84,"column":34},"end":{"line":86,"column":5}},"line":84},"19":{"name":"(anonymous_19)","decl":{"start":{"line":91,"column":2},"end":{"line":91,"column":3}},"loc":{"start":{"line":91,"column":26},"end":{"line":98,"column":3}},"line":91},"20":{"name":"(anonymous_20)","decl":{"start":{"line":93,"column":14},"end":{"line":93,"column":15}},"loc":{"start":{"line":93,"column":20},"end":{"line":93,"column":31}},"line":93},"21":{"name":"(anonymous_21)","decl":{"start":{"line":100,"column":2},"end":{"line":100,"column":3}},"loc":{"start":{"line":100,"column":12},"end":{"line":113,"column":3}},"line":100},"22":{"name":"(anonymous_22)","decl":{"start":{"line":104,"column":21},"end":{"line":104,"column":22}},"loc":{"start":{"line":104,"column":27},"end":{"line":110,"column":16}},"line":104},"23":{"name":"(anonymous_23)","decl":{"start":{"line":107,"column":29},"end":{"line":107,"column":30}},"loc":{"start":{"line":108,"column":20},"end":{"line":108,"column":87}},"line":108},"24":{"name":"(anonymous_24)","decl":{"start":{"line":112,"column":24},"end":{"line":112,"column":25}},"loc":{"start":{"line":112,"column":30},"end":{"line":112,"column":66}},"line":112},"25":{"name":"(anonymous_25)","decl":{"start":{"line":115,"column":2},"end":{"line":115,"column":3}},"loc":{"start":{"line":115,"column":23},"end":{"line":133,"column":3}},"line":115},"26":{"name":"(anonymous_26)","decl":{"start":{"line":127,"column":21},"end":{"line":127,"column":22}},"loc":{"start":{"line":127,"column":27},"end":{"line":130,"column":16}},"line":127},"27":{"name":"(anonymous_27)","decl":{"start":{"line":132,"column":24},"end":{"line":132,"column":25}},"loc":{"start":{"line":132,"column":30},"end":{"line":132,"column":66}},"line":132},"28":{"name":"(anonymous_28)","decl":{"start":{"line":135,"column":2},"end":{"line":135,"column":3}},"loc":{"start":{"line":135,"column":20},"end":{"line":144,"column":3}},"line":135},"29":{"name":"(anonymous_29)","decl":{"start":{"line":146,"column":2},"end":{"line":146,"column":3}},"loc":{"start":{"line":146,"column":19},"end":{"line":156,"column":3}},"line":146},"30":{"name":"(anonymous_30)","decl":{"start":{"line":153,"column":21},"end":{"line":153,"column":22}},"loc":{"start":{"line":153,"column":28},"end":{"line":153,"column":62}},"line":153},"31":{"name":"(anonymous_31)","decl":{"start":{"line":155,"column":24},"end":{"line":155,"column":25}},"loc":{"start":{"line":155,"column":30},"end":{"line":155,"column":66}},"line":155},"32":{"name":"(anonymous_32)","decl":{"start":{"line":158,"column":2},"end":{"line":158,"column":3}},"loc":{"start":{"line":158,"column":12},"end":{"line":235,"column":3}},"line":158},"33":{"name":"(anonymous_33)","decl":{"start":{"line":185,"column":29},"end":{"line":185,"column":30}},"loc":{"start":{"line":185,"column":37},"end":{"line":198,"column":17}},"line":185},"34":{"name":"(anonymous_34)","decl":{"start":{"line":211,"column":24},"end":{"line":211,"column":25}},"loc":{"start":{"line":211,"column":32},"end":{"line":216,"column":15}},"line":211},"35":{"name":"(anonymous_35)","decl":{"start":{"line":213,"column":28},"end":{"line":213,"column":29}},"loc":{"start":{"line":213,"column":34},"end":{"line":213,"column":61}},"line":213},"36":{"name":"(anonymous_36)","decl":{"start":{"line":214,"column":47},"end":{"line":214,"column":48}},"loc":{"start":{"line":214,"column":53},"end":{"line":214,"column":86}},"line":214},"37":{"name":"(anonymous_37)","decl":{"start":{"line":224,"column":28},"end":{"line":224,"column":29}},"loc":{"start":{"line":224,"column":33},"end":{"line":229,"column":15}},"line":224},"38":{"name":"(anonymous_38)","decl":{"start":{"line":227,"column":49},"end":{"line":227,"column":50}},"loc":{"start":{"line":227,"column":55},"end":{"line":227,"column":89}},"line":227}},"branchMap":{"0":{"loc":{"start":{"line":24,"column":19},"end":{"line":24,"column":48}},"type":"binary-expr","locations":[{"start":{"line":24,"column":19},"end":{"line":24,"column":37}},{"start":{"line":24,"column":41},"end":{"line":24,"column":48}}],"line":24},"1":{"loc":{"start":{"line":25,"column":20},"end":{"line":25,"column":51}},"type":"binary-expr","locations":[{"start":{"line":25,"column":20},"end":{"line":25,"column":39}},{"start":{"line":25,"column":43},"end":{"line":25,"column":51}}],"line":25},"2":{"loc":{"start":{"line":26,"column":20},"end":{"line":26,"column":51}},"type":"binary-expr","locations":[{"start":{"line":26,"column":20},"end":{"line":26,"column":39}},{"start":{"line":26,"column":43},"end":{"line":26,"column":51}}],"line":26},"3":{"loc":{"start":{"line":27,"column":22},"end":{"line":27,"column":57}},"type":"binary-expr","locations":[{"start":{"line":27,"column":22},"end":{"line":27,"column":43}},{"start":{"line":27,"column":47},"end":{"line":27,"column":57}}],"line":27},"4":{"loc":{"start":{"line":28,"column":24},"end":{"line":28,"column":63}},"type":"binary-expr","locations":[{"start":{"line":28,"column":24},"end":{"line":28,"column":47}},{"start":{"line":28,"column":51},"end":{"line":28,"column":63}}],"line":28},"5":{"loc":{"start":{"line":63,"column":4},"end":{"line":67,"column":5}},"type":"if","locations":[{"start":{"line":63,"column":4},"end":{"line":67,"column":5}},{"start":{"line":63,"column":4},"end":{"line":67,"column":5}}],"line":63},"6":{"loc":{"start":{"line":78,"column":28},"end":{"line":78,"column":56}},"type":"binary-expr","locations":[{"start":{"line":78,"column":28},"end":{"line":78,"column":36}},{"start":{"line":78,"column":40},"end":{"line":78,"column":56}}],"line":78},"7":{"loc":{"start":{"line":85,"column":6},"end":{"line":85,"column":93}},"type":"if","locations":[{"start":{"line":85,"column":6},"end":{"line":85,"column":93}},{"start":{"line":85,"column":6},"end":{"line":85,"column":93}}],"line":85},"8":{"loc":{"start":{"line":96,"column":4},"end":{"line":97,"column":19}},"type":"if","locations":[{"start":{"line":96,"column":4},"end":{"line":97,"column":19}},{"start":{"line":96,"column":4},"end":{"line":97,"column":19}}],"line":96},"9":{"loc":{"start":{"line":120,"column":4},"end":{"line":120,"column":22}},"type":"if","locations":[{"start":{"line":120,"column":4},"end":{"line":120,"column":22}},{"start":{"line":120,"column":4},"end":{"line":120,"column":22}}],"line":120},"10":{"loc":{"start":{"line":124,"column":17},"end":{"line":124,"column":67}},"type":"binary-expr","locations":[{"start":{"line":124,"column":17},"end":{"line":124,"column":42}},{"start":{"line":124,"column":46},"end":{"line":124,"column":67}}],"line":124}},"s":{"0":1,"1":1,"2":1,"3":1,"4":1,"5":1,"6":1,"7":1,"8":1,"9":1,"10":1,"11":1,"12":1,"13":1,"14":1,"15":1,"16":1,"17":1,"18":0,"19":4,"20":4,"21":0,"22":4,"23":4,"24":0,"25":3,"26":3,"27":2,"28":2,"29":2,"30":2,"31":0,"32":1,"33":1,"34":1,"35":1,"36":1,"37":1,"38":1,"39":1,"40":1,"41":1,"42":1,"43":1,"44":0,"45":1,"46":0,"47":1,"48":1,"49":1,"50":1,"51":1,"52":1,"53":1,"54":1,"55":1,"56":1,"57":0,"58":1,"59":1,"60":1,"61":1,"62":1,"63":1,"64":0,"65":0,"66":0,"67":0,"68":0,"69":0,"70":1,"71":1,"72":1,"73":1,"74":1,"75":1,"76":24,"77":24,"78":23,"79":22,"80":1,"81":1,"82":21,"83":1},"f":{"0":1,"1":1,"2":1,"3":1,"4":0,"5":4,"6":4,"7":0,"8":4,"9":4,"10":0,"11":3,"12":2,"13":2,"14":0,"15":1,"16":1,"17":1,"18":1,"19":1,"20":0,"21":1,"22":1,"23":1,"24":1,"25":1,"26":1,"27":1,"28":0,"29":1,"30":1,"31":1,"32":24,"33":23,"34":22,"35":1,"36":1,"37":21,"38":1},"b":{"0":[1,0],"1":[1,0],"2":[1,0],"3":[1,0],"4":[1,0],"5":[2,0],"6":[1,0],"7":[1,0],"8":[0,1],"9":[0,1],"10":[1,0]},"_coverageSchema":"332fd63041d2c1bcb487cc26dd0d5f7d97098a6c","hash":"50317ef1c5c5f7a94a98ef2d89eb5d0e37d2cf17"}
,"/home/pavel/git/xray-test/src/components/App/index.js": {"path":"/home/pavel/git/xray-test/src/components/App/index.js","statementMap":{"0":{"start":{"line":16,"column":4},"end":{"line":16,"column":11}},"1":{"start":{"line":18,"column":4},"end":{"line":23,"column":5}},"2":{"start":{"line":25,"column":4},"end":{"line":25,"column":38}},"3":{"start":{"line":26,"column":4},"end":{"line":26,"column":40}},"4":{"start":{"line":27,"column":4},"end":{"line":27,"column":48}},"5":{"start":{"line":31,"column":4},"end":{"line":31,"column":22}},"6":{"start":{"line":33,"column":17},"end":{"line":36,"column":5}},"7":{"start":{"line":38,"column":4},"end":{"line":38,"column":38}},"8":{"start":{"line":40,"column":4},"end":{"line":43,"column":57}},"9":{"start":{"line":43,"column":21},"end":{"line":43,"column":56}},"10":{"start":{"line":47,"column":4},"end":{"line":47,"column":37}},"11":{"start":{"line":47,"column":18},"end":{"line":47,"column":37}},"12":{"start":{"line":48,"column":4},"end":{"line":48,"column":79}},"13":{"start":{"line":52,"column":4},"end":{"line":55,"column":7}},"14":{"start":{"line":57,"column":5},"end":{"line":57,"column":19}},"15":{"start":{"line":61,"column":45},"end":{"line":61,"column":55}},"16":{"start":{"line":63,"column":4},"end":{"line":82,"column":5}}},"fnMap":{"0":{"name":"(anonymous_0)","decl":{"start":{"line":15,"column":2},"end":{"line":15,"column":3}},"loc":{"start":{"line":15,"column":17},"end":{"line":28,"column":3}},"line":15},"1":{"name":"(anonymous_1)","decl":{"start":{"line":30,"column":2},"end":{"line":30,"column":3}},"loc":{"start":{"line":30,"column":12},"end":{"line":44,"column":3}},"line":30},"2":{"name":"(anonymous_2)","decl":{"start":{"line":43,"column":15},"end":{"line":43,"column":16}},"loc":{"start":{"line":43,"column":21},"end":{"line":43,"column":56}},"line":43},"3":{"name":"(anonymous_3)","decl":{"start":{"line":46,"column":2},"end":{"line":46,"column":3}},"loc":{"start":{"line":46,"column":19},"end":{"line":49,"column":3}},"line":46},"4":{"name":"(anonymous_4)","decl":{"start":{"line":51,"column":2},"end":{"line":51,"column":3}},"loc":{"start":{"line":51,"column":12},"end":{"line":58,"column":3}},"line":51},"5":{"name":"(anonymous_5)","decl":{"start":{"line":60,"column":2},"end":{"line":60,"column":3}},"loc":{"start":{"line":60,"column":12},"end":{"line":83,"column":3}},"line":60}},"branchMap":{"0":{"loc":{"start":{"line":47,"column":4},"end":{"line":47,"column":37}},"type":"if","locations":[{"start":{"line":47,"column":4},"end":{"line":47,"column":37}},{"start":{"line":47,"column":4},"end":{"line":47,"column":37}}],"line":47},"1":{"loc":{"start":{"line":76,"column":41},"end":{"line":76,"column":68}},"type":"cond-expr","locations":[{"start":{"line":76,"column":51},"end":{"line":76,"column":56}},{"start":{"line":76,"column":59},"end":{"line":76,"column":68}}],"line":76},"2":{"loc":{"start":{"line":77,"column":47},"end":{"line":77,"column":79}},"type":"cond-expr","locations":[{"start":{"line":77,"column":57},"end":{"line":77,"column":67}},{"start":{"line":77,"column":70},"end":{"line":77,"column":79}}],"line":77},"3":{"loc":{"start":{"line":78,"column":51},"end":{"line":78,"column":87}},"type":"cond-expr","locations":[{"start":{"line":78,"column":61},"end":{"line":78,"column":75}},{"start":{"line":78,"column":78},"end":{"line":78,"column":87}}],"line":78}},"s":{"0":1,"1":1,"2":1,"3":1,"4":1,"5":0,"6":0,"7":0,"8":0,"9":0,"10":0,"11":0,"12":0,"13":0,"14":0,"15":1,"16":1},"f":{"0":1,"1":0,"2":0,"3":0,"4":0,"5":1},"b":{"0":[0,0],"1":[0,1],"2":[0,1],"3":[0,1]},"_coverageSchema":"332fd63041d2c1bcb487cc26dd0d5f7d97098a6c","hash":"08c7627697db635f4ba2adbee02cbfbb0e417693"}
,"/home/pavel/git/xray-test/src/components/CreateQuestion/index.js": {"path":"/home/pavel/git/xray-test/src/components/CreateQuestion/index.js","statementMap":{"0":{"start":{"line":9,"column":4},"end":{"line":9,"column":11}},"1":{"start":{"line":11,"column":4},"end":{"line":19,"column":5}},"2":{"start":{"line":21,"column":4},"end":{"line":21,"column":53}},"3":{"start":{"line":22,"column":4},"end":{"line":22,"column":53}},"4":{"start":{"line":23,"column":4},"end":{"line":23,"column":53}},"5":{"start":{"line":24,"column":4},"end":{"line":24,"column":51}},"6":{"start":{"line":25,"column":4},"end":{"line":25,"column":53}},"7":{"start":{"line":29,"column":23},"end":{"line":29,"column":40}},"8":{"start":{"line":30,"column":29},"end":{"line":30,"column":48}},"9":{"start":{"line":31,"column":4},"end":{"line":31,"column":51}},"10":{"start":{"line":33,"column":4},"end":{"line":33,"column":86}},"11":{"start":{"line":34,"column":4},"end":{"line":34,"column":52}},"12":{"start":{"line":35,"column":4},"end":{"line":35,"column":52}},"13":{"start":{"line":36,"column":4},"end":{"line":36,"column":33}},"14":{"start":{"line":40,"column":4},"end":{"line":40,"column":24}},"15":{"start":{"line":48,"column":4},"end":{"line":48,"column":56}},"16":{"start":{"line":56,"column":4},"end":{"line":56,"column":62}},"17":{"start":{"line":67,"column":4},"end":{"line":72,"column":5}},"18":{"start":{"line":68,"column":20},"end":{"line":68,"column":67}},"19":{"start":{"line":69,"column":23},"end":{"line":69,"column":44}},"20":{"start":{"line":71,"column":6},"end":{"line":71,"column":39}},"21":{"start":{"line":81,"column":4},"end":{"line":87,"column":32}},"22":{"start":{"line":83,"column":14},"end":{"line":85,"column":15}},"23":{"start":{"line":84,"column":16},"end":{"line":84,"column":54}},"24":{"start":{"line":96,"column":4},"end":{"line":96,"column":23}},"25":{"start":{"line":98,"column":17},"end":{"line":98,"column":67}},"26":{"start":{"line":99,"column":25},"end":{"line":99,"column":69}},"27":{"start":{"line":101,"column":4},"end":{"line":101,"column":37}},"28":{"start":{"line":103,"column":4},"end":{"line":106,"column":56}},"29":{"start":{"line":106,"column":21},"end":{"line":106,"column":54}},"30":{"start":{"line":115,"column":21},"end":{"line":115,"column":31}},"31":{"start":{"line":116,"column":20},"end":{"line":116,"column":55}},"32":{"start":{"line":117,"column":4},"end":{"line":117,"column":24}},"33":{"start":{"line":119,"column":4},"end":{"line":122,"column":26}},"34":{"start":{"line":130,"column":18},"end":{"line":130,"column":63}},"35":{"start":{"line":131,"column":18},"end":{"line":131,"column":63}},"36":{"start":{"line":132,"column":31},"end":{"line":132,"column":41}},"37":{"start":{"line":133,"column":17},"end":{"line":133,"column":31}},"38":{"start":{"line":135,"column":4},"end":{"line":135,"column":34}},"39":{"start":{"line":136,"column":4},"end":{"line":136,"column":41}},"40":{"start":{"line":137,"column":4},"end":{"line":137,"column":63}},"41":{"start":{"line":137,"column":26},"end":{"line":137,"column":63}},"42":{"start":{"line":139,"column":4},"end":{"line":139,"column":16}},"43":{"start":{"line":147,"column":17},"end":{"line":147,"column":19}},"44":{"start":{"line":149,"column":4},"end":{"line":149,"column":39}},"45":{"start":{"line":151,"column":4},"end":{"line":151,"column":24}},"46":{"start":{"line":160,"column":4},"end":{"line":160,"column":31}},"47":{"start":{"line":162,"column":23},"end":{"line":162,"column":34}},"48":{"start":{"line":164,"column":4},"end":{"line":164,"column":40}},"49":{"start":{"line":165,"column":4},"end":{"line":168,"column":5}},"50":{"start":{"line":166,"column":6},"end":{"line":166,"column":42}},"51":{"start":{"line":167,"column":6},"end":{"line":167,"column":28}},"52":{"start":{"line":176,"column":30},"end":{"line":176,"column":51}},"53":{"start":{"line":178,"column":4},"end":{"line":178,"column":39}},"54":{"start":{"line":179,"column":4},"end":{"line":179,"column":41}},"55":{"start":{"line":180,"column":4},"end":{"line":180,"column":45}},"56":{"start":{"line":181,"column":4},"end":{"line":181,"column":47}},"57":{"start":{"line":189,"column":4},"end":{"line":189,"column":74}},"58":{"start":{"line":198,"column":28},"end":{"line":198,"column":38}},"59":{"start":{"line":200,"column":4},"end":{"line":200,"column":70}},"60":{"start":{"line":200,"column":32},"end":{"line":200,"column":70}},"61":{"start":{"line":202,"column":4},"end":{"line":202,"column":30}},"62":{"start":{"line":210,"column":4},"end":{"line":210,"column":35}},"63":{"start":{"line":218,"column":52},"end":{"line":218,"column":62}},"64":{"start":{"line":220,"column":21},"end":{"line":226,"column":6}},"65":{"start":{"line":228,"column":5},"end":{"line":228,"column":38}},"66":{"start":{"line":230,"column":5},"end":{"line":233,"column":65}},"67":{"start":{"line":231,"column":29},"end":{"line":231,"column":63}},"68":{"start":{"line":233,"column":31},"end":{"line":233,"column":64}},"69":{"start":{"line":237,"column":40},"end":{"line":237,"column":50}},"70":{"start":{"line":239,"column":4},"end":{"line":311,"column":5}}},"fnMap":{"0":{"name":"(anonymous_0)","decl":{"start":{"line":8,"column":2},"end":{"line":8,"column":3}},"loc":{"start":{"line":8,"column":17},"end":{"line":26,"column":3}},"line":8},"1":{"name":"(anonymous_1)","decl":{"start":{"line":28,"column":2},"end":{"line":28,"column":3}},"loc":{"start":{"line":28,"column":23},"end":{"line":37,"column":3}},"line":28},"2":{"name":"(anonymous_2)","decl":{"start":{"line":39,"column":2},"end":{"line":39,"column":3}},"loc":{"start":{"line":39,"column":26},"end":{"line":41,"column":3}},"line":39},"3":{"name":"(anonymous_3)","decl":{"start":{"line":47,"column":2},"end":{"line":47,"column":3}},"loc":{"start":{"line":47,"column":19},"end":{"line":49,"column":3}},"line":47},"4":{"name":"(anonymous_4)","decl":{"start":{"line":55,"column":2},"end":{"line":55,"column":3}},"loc":{"start":{"line":55,"column":25},"end":{"line":57,"column":3}},"line":55},"5":{"name":"(anonymous_5)","decl":{"start":{"line":66,"column":2},"end":{"line":66,"column":3}},"loc":{"start":{"line":66,"column":28},"end":{"line":73,"column":3}},"line":66},"6":{"name":"(anonymous_6)","decl":{"start":{"line":80,"column":2},"end":{"line":80,"column":3}},"loc":{"start":{"line":80,"column":25},"end":{"line":88,"column":3}},"line":80},"7":{"name":"(anonymous_7)","decl":{"start":{"line":82,"column":18},"end":{"line":82,"column":19}},"loc":{"start":{"line":82,"column":25},"end":{"line":86,"column":13}},"line":82},"8":{"name":"(anonymous_8)","decl":{"start":{"line":95,"column":2},"end":{"line":95,"column":3}},"loc":{"start":{"line":95,"column":19},"end":{"line":107,"column":3}},"line":95},"9":{"name":"(anonymous_9)","decl":{"start":{"line":106,"column":15},"end":{"line":106,"column":16}},"loc":{"start":{"line":106,"column":21},"end":{"line":106,"column":54}},"line":106},"10":{"name":"(anonymous_10)","decl":{"start":{"line":114,"column":2},"end":{"line":114,"column":3}},"loc":{"start":{"line":114,"column":21},"end":{"line":123,"column":3}},"line":114},"11":{"name":"(anonymous_11)","decl":{"start":{"line":129,"column":2},"end":{"line":129,"column":3}},"loc":{"start":{"line":129,"column":20},"end":{"line":140,"column":3}},"line":129},"12":{"name":"(anonymous_12)","decl":{"start":{"line":146,"column":2},"end":{"line":146,"column":3}},"loc":{"start":{"line":146,"column":19},"end":{"line":152,"column":3}},"line":146},"13":{"name":"(anonymous_13)","decl":{"start":{"line":159,"column":2},"end":{"line":159,"column":3}},"loc":{"start":{"line":159,"column":19},"end":{"line":169,"column":3}},"line":159},"14":{"name":"(anonymous_14)","decl":{"start":{"line":165,"column":24},"end":{"line":165,"column":25}},"loc":{"start":{"line":165,"column":30},"end":{"line":168,"column":5}},"line":165},"15":{"name":"(anonymous_15)","decl":{"start":{"line":175,"column":2},"end":{"line":175,"column":3}},"loc":{"start":{"line":175,"column":25},"end":{"line":182,"column":3}},"line":175},"16":{"name":"(anonymous_16)","decl":{"start":{"line":188,"column":2},"end":{"line":188,"column":3}},"loc":{"start":{"line":188,"column":27},"end":{"line":190,"column":3}},"line":188},"17":{"name":"(anonymous_17)","decl":{"start":{"line":197,"column":2},"end":{"line":197,"column":3}},"loc":{"start":{"line":197,"column":21},"end":{"line":203,"column":3}},"line":197},"18":{"name":"(anonymous_18)","decl":{"start":{"line":209,"column":2},"end":{"line":209,"column":3}},"loc":{"start":{"line":209,"column":17},"end":{"line":211,"column":3}},"line":209},"19":{"name":"(anonymous_19)","decl":{"start":{"line":217,"column":2},"end":{"line":217,"column":3}},"loc":{"start":{"line":217,"column":18},"end":{"line":234,"column":3}},"line":217},"20":{"name":"(anonymous_20)","decl":{"start":{"line":231,"column":22},"end":{"line":231,"column":23}},"loc":{"start":{"line":231,"column":29},"end":{"line":231,"column":63}},"line":231},"21":{"name":"(anonymous_21)","decl":{"start":{"line":233,"column":25},"end":{"line":233,"column":26}},"loc":{"start":{"line":233,"column":31},"end":{"line":233,"column":64}},"line":233},"22":{"name":"(anonymous_22)","decl":{"start":{"line":236,"column":2},"end":{"line":236,"column":3}},"loc":{"start":{"line":236,"column":12},"end":{"line":312,"column":3}},"line":236}},"branchMap":{"0":{"loc":{"start":{"line":33,"column":18},"end":{"line":33,"column":85}},"type":"binary-expr","locations":[{"start":{"line":33,"column":18},"end":{"line":33,"column":35}},{"start":{"line":33,"column":39},"end":{"line":33,"column":85}}],"line":33},"1":{"loc":{"start":{"line":34,"column":20},"end":{"line":34,"column":51}},"type":"binary-expr","locations":[{"start":{"line":34,"column":20},"end":{"line":34,"column":39}},{"start":{"line":34,"column":43},"end":{"line":34,"column":51}}],"line":34},"2":{"loc":{"start":{"line":35,"column":20},"end":{"line":35,"column":51}},"type":"binary-expr","locations":[{"start":{"line":35,"column":20},"end":{"line":35,"column":39}},{"start":{"line":35,"column":43},"end":{"line":35,"column":51}}],"line":35},"3":{"loc":{"start":{"line":67,"column":4},"end":{"line":72,"column":5}},"type":"if","locations":[{"start":{"line":67,"column":4},"end":{"line":72,"column":5}},{"start":{"line":67,"column":4},"end":{"line":72,"column":5}}],"line":67},"4":{"loc":{"start":{"line":67,"column":8},"end":{"line":67,"column":68}},"type":"binary-expr","locations":[{"start":{"line":67,"column":8},"end":{"line":67,"column":27}},{"start":{"line":67,"column":31},"end":{"line":67,"column":68}}],"line":67},"5":{"loc":{"start":{"line":83,"column":14},"end":{"line":85,"column":15}},"type":"if","locations":[{"start":{"line":83,"column":14},"end":{"line":85,"column":15}},{"start":{"line":83,"column":14},"end":{"line":85,"column":15}}],"line":83},"6":{"loc":{"start":{"line":98,"column":17},"end":{"line":98,"column":67}},"type":"binary-expr","locations":[{"start":{"line":98,"column":17},"end":{"line":98,"column":42}},{"start":{"line":98,"column":46},"end":{"line":98,"column":67}}],"line":98},"7":{"loc":{"start":{"line":99,"column":25},"end":{"line":99,"column":69}},"type":"binary-expr","locations":[{"start":{"line":99,"column":25},"end":{"line":99,"column":48}},{"start":{"line":99,"column":52},"end":{"line":99,"column":69}}],"line":99},"8":{"loc":{"start":{"line":137,"column":4},"end":{"line":137,"column":63}},"type":"if","locations":[{"start":{"line":137,"column":4},"end":{"line":137,"column":63}},{"start":{"line":137,"column":4},"end":{"line":137,"column":63}}],"line":137},"9":{"loc":{"start":{"line":200,"column":4},"end":{"line":200,"column":70}},"type":"if","locations":[{"start":{"line":200,"column":4},"end":{"line":200,"column":70}},{"start":{"line":200,"column":4},"end":{"line":200,"column":70}}],"line":200},"10":{"loc":{"start":{"line":252,"column":27},"end":{"line":252,"column":54}},"type":"cond-expr","locations":[{"start":{"line":252,"column":45},"end":{"line":252,"column":49}},{"start":{"line":252,"column":52},"end":{"line":252,"column":54}}],"line":252},"11":{"loc":{"start":{"line":274,"column":25},"end":{"line":274,"column":53}},"type":"cond-expr","locations":[{"start":{"line":274,"column":44},"end":{"line":274,"column":47}},{"start":{"line":274,"column":50},"end":{"line":274,"column":53}}],"line":274},"12":{"loc":{"start":{"line":282,"column":14},"end":{"line":293,"column":27}},"type":"cond-expr","locations":[{"start":{"line":283,"column":14},"end":{"line":292,"column":20}},{"start":{"line":293,"column":14},"end":{"line":293,"column":27}}],"line":282},"13":{"loc":{"start":{"line":303,"column":50},"end":{"line":303,"column":72}},"type":"binary-expr","locations":[{"start":{"line":303,"column":50},"end":{"line":303,"column":57}},{"start":{"line":303,"column":61},"end":{"line":303,"column":72}}],"line":303}},"s":{"0":1,"1":1,"2":1,"3":1,"4":1,"5":1,"6":1,"7":1,"8":1,"9":1,"10":1,"11":1,"12":1,"13":1,"14":0,"15":0,"16":0,"17":1,"18":0,"19":0,"20":0,"21":0,"22":0,"23":0,"24":1,"25":1,"26":1,"27":1,"28":1,"29":1,"30":0,"31":0,"32":0,"33":0,"34":0,"35":0,"36":0,"37":0,"38":0,"39":0,"40":0,"41":0,"42":0,"43":2,"44":2,"45":2,"46":0,"47":0,"48":0,"49":0,"50":0,"51":0,"52":0,"53":0,"54":0,"55":0,"56":0,"57":0,"58":0,"59":0,"60":0,"61":0,"62":0,"63":1,"64":1,"65":1,"66":1,"67":1,"68":1,"69":13,"70":13},"f":{"0":1,"1":1,"2":0,"3":0,"4":0,"5":1,"6":0,"7":0,"8":1,"9":1,"10":0,"11":0,"12":2,"13":0,"14":0,"15":0,"16":0,"17":0,"18":0,"19":1,"20":1,"21":1,"22":13},"b":{"0":[1,0],"1":[1,0],"2":[1,0],"3":[0,1],"4":[1,0],"5":[0,0],"6":[1,0],"7":[1,0],"8":[0,0],"9":[0,0],"10":[4,9],"11":[12,1],"12":[12,1],"13":[13,11]},"_coverageSchema":"332fd63041d2c1bcb487cc26dd0d5f7d97098a6c","hash":"d1624c0122c6445efb6a973a9e9eda44d20012ca"}
,"/home/pavel/git/xray-test/src/components/CreateTest/index.js": {"path":"/home/pavel/git/xray-test/src/components/CreateTest/index.js","statementMap":{"0":{"start":{"line":7,"column":4},"end":{"line":7,"column":16}},"1":{"start":{"line":9,"column":4},"end":{"line":13,"column":5}},"2":{"start":{"line":15,"column":4},"end":{"line":15,"column":53}},"3":{"start":{"line":16,"column":4},"end":{"line":16,"column":53}},"4":{"start":{"line":17,"column":4},"end":{"line":17,"column":47}},"5":{"start":{"line":21,"column":4},"end":{"line":21,"column":23}},"6":{"start":{"line":23,"column":21},"end":{"line":23,"column":31}},"7":{"start":{"line":25,"column":4},"end":{"line":25,"column":37}},"8":{"start":{"line":27,"column":4},"end":{"line":30,"column":64}},"9":{"start":{"line":28,"column":28},"end":{"line":28,"column":62}},"10":{"start":{"line":30,"column":30},"end":{"line":30,"column":63}},"11":{"start":{"line":34,"column":17},"end":{"line":34,"column":19}},"12":{"start":{"line":36,"column":4},"end":{"line":36,"column":39}},"13":{"start":{"line":38,"column":4},"end":{"line":38,"column":24}},"14":{"start":{"line":42,"column":24},"end":{"line":42,"column":34}},"15":{"start":{"line":44,"column":4},"end":{"line":61,"column":5}}},"fnMap":{"0":{"name":"(anonymous_0)","decl":{"start":{"line":6,"column":2},"end":{"line":6,"column":3}},"loc":{"start":{"line":6,"column":22},"end":{"line":18,"column":3}},"line":6},"1":{"name":"(anonymous_1)","decl":{"start":{"line":20,"column":2},"end":{"line":20,"column":3}},"loc":{"start":{"line":20,"column":19},"end":{"line":31,"column":3}},"line":20},"2":{"name":"(anonymous_2)","decl":{"start":{"line":28,"column":21},"end":{"line":28,"column":22}},"loc":{"start":{"line":28,"column":28},"end":{"line":28,"column":62}},"line":28},"3":{"name":"(anonymous_3)","decl":{"start":{"line":30,"column":24},"end":{"line":30,"column":25}},"loc":{"start":{"line":30,"column":30},"end":{"line":30,"column":63}},"line":30},"4":{"name":"(anonymous_4)","decl":{"start":{"line":33,"column":2},"end":{"line":33,"column":3}},"loc":{"start":{"line":33,"column":19},"end":{"line":39,"column":3}},"line":33},"5":{"name":"(anonymous_5)","decl":{"start":{"line":41,"column":2},"end":{"line":41,"column":3}},"loc":{"start":{"line":41,"column":12},"end":{"line":62,"column":3}},"line":41}},"branchMap":{"0":{"loc":{"start":{"line":17,"column":20},"end":{"line":17,"column":46}},"type":"binary-expr","locations":[{"start":{"line":17,"column":20},"end":{"line":17,"column":34}},{"start":{"line":17,"column":38},"end":{"line":17,"column":46}}],"line":17}},"s":{"0":1,"1":1,"2":1,"3":1,"4":1,"5":1,"6":1,"7":1,"8":1,"9":1,"10":1,"11":1,"12":1,"13":1,"14":7,"15":7},"f":{"0":1,"1":1,"2":1,"3":1,"4":1,"5":7},"b":{"0":[1,0]},"_coverageSchema":"332fd63041d2c1bcb487cc26dd0d5f7d97098a6c","hash":"0a7e506d04b14ef9a323698881f602eb72caaac8"}
,"/home/pavel/git/xray-test/src/components/Drawer/index.js": {"path":"/home/pavel/git/xray-test/src/components/Drawer/index.js","statementMap":{"0":{"start":{"line":3,"column":4},"end":{"line":3,"column":25}},"1":{"start":{"line":4,"column":4},"end":{"line":4,"column":44}},"2":{"start":{"line":6,"column":4},"end":{"line":6,"column":20}},"3":{"start":{"line":8,"column":4},"end":{"line":8,"column":16}},"4":{"start":{"line":9,"column":4},"end":{"line":9,"column":16}},"5":{"start":{"line":10,"column":4},"end":{"line":10,"column":16}},"6":{"start":{"line":11,"column":4},"end":{"line":11,"column":16}},"7":{"start":{"line":13,"column":4},"end":{"line":13,"column":39}},"8":{"start":{"line":15,"column":4},"end":{"line":15,"column":26}},"9":{"start":{"line":16,"column":4},"end":{"line":16,"column":27}},"10":{"start":{"line":18,"column":4},"end":{"line":18,"column":55}},"11":{"start":{"line":19,"column":4},"end":{"line":19,"column":59}},"12":{"start":{"line":20,"column":4},"end":{"line":20,"column":59}},"13":{"start":{"line":21,"column":4},"end":{"line":21,"column":49}},"14":{"start":{"line":25,"column":4},"end":{"line":25,"column":26}},"15":{"start":{"line":27,"column":4},"end":{"line":27,"column":24}},"16":{"start":{"line":28,"column":4},"end":{"line":28,"column":24}},"17":{"start":{"line":32,"column":4},"end":{"line":42,"column":5}},"18":{"start":{"line":33,"column":6},"end":{"line":33,"column":31}},"19":{"start":{"line":35,"column":6},"end":{"line":35,"column":26}},"20":{"start":{"line":36,"column":6},"end":{"line":36,"column":26}},"21":{"start":{"line":38,"column":29},"end":{"line":38,"column":53}},"22":{"start":{"line":40,"column":6},"end":{"line":40,"column":36}},"23":{"start":{"line":41,"column":6},"end":{"line":41,"column":43}},"24":{"start":{"line":46,"column":4},"end":{"line":46,"column":27}},"25":{"start":{"line":48,"column":4},"end":{"line":48,"column":29}},"26":{"start":{"line":50,"column":4},"end":{"line":50,"column":24}},"27":{"start":{"line":51,"column":4},"end":{"line":51,"column":24}},"28":{"start":{"line":53,"column":27},"end":{"line":53,"column":51}},"29":{"start":{"line":55,"column":4},"end":{"line":55,"column":34}},"30":{"start":{"line":56,"column":4},"end":{"line":56,"column":39}},"31":{"start":{"line":57,"column":4},"end":{"line":57,"column":21}},"32":{"start":{"line":61,"column":4},"end":{"line":61,"column":33}},"33":{"start":{"line":62,"column":4},"end":{"line":62,"column":37}},"34":{"start":{"line":63,"column":4},"end":{"line":63,"column":22}},"35":{"start":{"line":67,"column":34},"end":{"line":67,"column":53}},"36":{"start":{"line":69,"column":4},"end":{"line":69,"column":60}},"37":{"start":{"line":70,"column":4},"end":{"line":70,"column":25}},"38":{"start":{"line":74,"column":25},"end":{"line":74,"column":47}},"39":{"start":{"line":75,"column":28},"end":{"line":75,"column":53}},"40":{"start":{"line":77,"column":4},"end":{"line":77,"column":59}},"41":{"start":{"line":84,"column":4},"end":{"line":84,"column":27}},"42":{"start":{"line":86,"column":4},"end":{"line":95,"column":6}},"43":{"start":{"line":87,"column":29},"end":{"line":87,"column":59}},"44":{"start":{"line":88,"column":20},"end":{"line":88,"column":49}},"45":{"start":{"line":89,"column":21},"end":{"line":89,"column":50}},"46":{"start":{"line":91,"column":6},"end":{"line":91,"column":33}},"47":{"start":{"line":92,"column":6},"end":{"line":92,"column":34}},"48":{"start":{"line":94,"column":6},"end":{"line":94,"column":36}},"49":{"start":{"line":99,"column":31},"end":{"line":99,"column":35}},"50":{"start":{"line":101,"column":4},"end":{"line":101,"column":47}},"51":{"start":{"line":105,"column":31},"end":{"line":105,"column":35}},"52":{"start":{"line":107,"column":4},"end":{"line":107,"column":47}},"53":{"start":{"line":111,"column":25},"end":{"line":111,"column":47}},"54":{"start":{"line":112,"column":28},"end":{"line":112,"column":53}},"55":{"start":{"line":114,"column":16},"end":{"line":114,"column":52}},"56":{"start":{"line":115,"column":17},"end":{"line":115,"column":53}},"57":{"start":{"line":117,"column":4},"end":{"line":117,"column":44}},"58":{"start":{"line":121,"column":4},"end":{"line":121,"column":67}},"59":{"start":{"line":122,"column":4},"end":{"line":122,"column":63}},"60":{"start":{"line":123,"column":4},"end":{"line":123,"column":67}},"61":{"start":{"line":127,"column":4},"end":{"line":127,"column":70}},"62":{"start":{"line":128,"column":4},"end":{"line":128,"column":66}},"63":{"start":{"line":129,"column":4},"end":{"line":129,"column":70}},"64":{"start":{"line":133,"column":4},"end":{"line":133,"column":22}},"65":{"start":{"line":137,"column":4},"end":{"line":137,"column":20}},"66":{"start":{"line":138,"column":4},"end":{"line":138,"column":68}},"67":{"start":{"line":139,"column":4},"end":{"line":139,"column":25}},"68":{"start":{"line":143,"column":4},"end":{"line":143,"column":26}},"69":{"start":{"line":144,"column":4},"end":{"line":144,"column":22}}},"fnMap":{"0":{"name":"(anonymous_0)","decl":{"start":{"line":2,"column":2},"end":{"line":2,"column":3}},"loc":{"start":{"line":2,"column":23},"end":{"line":22,"column":3}},"line":2},"1":{"name":"(anonymous_1)","decl":{"start":{"line":24,"column":2},"end":{"line":24,"column":3}},"loc":{"start":{"line":24,"column":22},"end":{"line":29,"column":3}},"line":24},"2":{"name":"(anonymous_2)","decl":{"start":{"line":31,"column":2},"end":{"line":31,"column":3}},"loc":{"start":{"line":31,"column":22},"end":{"line":43,"column":3}},"line":31},"3":{"name":"(anonymous_3)","decl":{"start":{"line":45,"column":2},"end":{"line":45,"column":3}},"loc":{"start":{"line":45,"column":20},"end":{"line":58,"column":3}},"line":45},"4":{"name":"(anonymous_4)","decl":{"start":{"line":60,"column":2},"end":{"line":60,"column":3}},"loc":{"start":{"line":60,"column":43},"end":{"line":64,"column":3}},"line":60},"5":{"name":"(anonymous_5)","decl":{"start":{"line":66,"column":2},"end":{"line":66,"column":3}},"loc":{"start":{"line":66,"column":23},"end":{"line":71,"column":3}},"line":66},"6":{"name":"(anonymous_6)","decl":{"start":{"line":73,"column":2},"end":{"line":73,"column":3}},"loc":{"start":{"line":73,"column":15},"end":{"line":78,"column":3}},"line":73},"7":{"name":"(anonymous_7)","decl":{"start":{"line":83,"column":2},"end":{"line":83,"column":3}},"loc":{"start":{"line":83,"column":27},"end":{"line":96,"column":3}},"line":83},"8":{"name":"(anonymous_8)","decl":{"start":{"line":86,"column":22},"end":{"line":86,"column":23}},"loc":{"start":{"line":86,"column":36},"end":{"line":95,"column":5}},"line":86},"9":{"name":"(anonymous_9)","decl":{"start":{"line":98,"column":2},"end":{"line":98,"column":3}},"loc":{"start":{"line":98,"column":21},"end":{"line":102,"column":3}},"line":98},"10":{"name":"(anonymous_10)","decl":{"start":{"line":104,"column":2},"end":{"line":104,"column":3}},"loc":{"start":{"line":104,"column":24},"end":{"line":108,"column":3}},"line":104},"11":{"name":"(anonymous_11)","decl":{"start":{"line":110,"column":2},"end":{"line":110,"column":3}},"loc":{"start":{"line":110,"column":23},"end":{"line":118,"column":3}},"line":110},"12":{"name":"(anonymous_12)","decl":{"start":{"line":120,"column":2},"end":{"line":120,"column":3}},"loc":{"start":{"line":120,"column":11},"end":{"line":124,"column":3}},"line":120},"13":{"name":"(anonymous_13)","decl":{"start":{"line":126,"column":2},"end":{"line":126,"column":3}},"loc":{"start":{"line":126,"column":20},"end":{"line":130,"column":3}},"line":126},"14":{"name":"(anonymous_14)","decl":{"start":{"line":132,"column":2},"end":{"line":132,"column":3}},"loc":{"start":{"line":132,"column":14},"end":{"line":134,"column":3}},"line":132},"15":{"name":"(anonymous_15)","decl":{"start":{"line":136,"column":2},"end":{"line":136,"column":3}},"loc":{"start":{"line":136,"column":16},"end":{"line":140,"column":3}},"line":136},"16":{"name":"(anonymous_16)","decl":{"start":{"line":142,"column":2},"end":{"line":142,"column":3}},"loc":{"start":{"line":142,"column":11},"end":{"line":145,"column":3}},"line":142}},"branchMap":{"0":{"loc":{"start":{"line":32,"column":4},"end":{"line":42,"column":5}},"type":"if","locations":[{"start":{"line":32,"column":4},"end":{"line":42,"column":5}},{"start":{"line":32,"column":4},"end":{"line":42,"column":5}}],"line":32},"1":{"loc":{"start":{"line":60,"column":28},"end":{"line":60,"column":41}},"type":"default-arg","locations":[{"start":{"line":60,"column":36},"end":{"line":60,"column":41}}],"line":60}},"s":{"0":0,"1":0,"2":0,"3":0,"4":0,"5":0,"6":0,"7":0,"8":0,"9":0,"10":0,"11":0,"12":0,"13":0,"14":0,"15":0,"16":0,"17":0,"18":0,"19":0,"20":0,"21":0,"22":0,"23":0,"24":0,"25":0,"26":0,"27":0,"28":0,"29":0,"30":0,"31":0,"32":0,"33":0,"34":0,"35":0,"36":0,"37":0,"38":0,"39":0,"40":0,"41":0,"42":0,"43":0,"44":0,"45":0,"46":0,"47":0,"48":0,"49":0,"50":0,"51":0,"52":0,"53":0,"54":0,"55":0,"56":0,"57":0,"58":0,"59":0,"60":0,"61":0,"62":0,"63":0,"64":0,"65":0,"66":0,"67":0,"68":0,"69":0},"f":{"0":0,"1":0,"2":0,"3":0,"4":0,"5":0,"6":0,"7":0,"8":0,"9":0,"10":0,"11":0,"12":0,"13":0,"14":0,"15":0,"16":0},"b":{"0":[0,0],"1":[0]},"_coverageSchema":"332fd63041d2c1bcb487cc26dd0d5f7d97098a6c","hash":"805c24dd70d99518dfb5338ea47403a8a873525a"}
,"/home/pavel/git/xray-test/src/components/Forbidden/index.js": {"path":"/home/pavel/git/xray-test/src/components/Forbidden/index.js","statementMap":{"0":{"start":{"line":6,"column":4},"end":{"line":11,"column":5}}},"fnMap":{"0":{"name":"(anonymous_0)","decl":{"start":{"line":5,"column":2},"end":{"line":5,"column":3}},"loc":{"start":{"line":5,"column":12},"end":{"line":12,"column":3}},"line":5}},"branchMap":{},"s":{"0":1},"f":{"0":1},"b":{},"_coverageSchema":"332fd63041d2c1bcb487cc26dd0d5f7d97098a6c","hash":"079ef72e38e2c17adebabdfa8038662d0219c6b2"}
,"/home/pavel/git/xray-test/src/components/Header/Login.js": {"path":"/home/pavel/git/xray-test/src/components/Header/Login.js","statementMap":{"0":{"start":{"line":6,"column":14},"end":{"line":26,"column":1}},"1":{"start":{"line":7,"column":41},"end":{"line":7,"column":46}},"2":{"start":{"line":9,"column":2},"end":{"line":25,"column":3}},"3":{"start":{"line":28,"column":0},"end":{"line":30,"column":1}}},"fnMap":{"0":{"name":"(anonymous_0)","decl":{"start":{"line":6,"column":14},"end":{"line":6,"column":15}},"loc":{"start":{"line":6,"column":23},"end":{"line":26,"column":1}},"line":6}},"branchMap":{"0":{"loc":{"start":{"line":12,"column":10},"end":{"line":15,"column":14}},"type":"cond-expr","locations":[{"start":{"line":13,"column":12},"end":{"line":13,"column":88}},{"start":{"line":15,"column":12},"end":{"line":15,"column":14}}],"line":12}},"s":{"0":3,"1":6,"2":6,"3":3},"f":{"0":6},"b":{"0":[1,5]},"_coverageSchema":"332fd63041d2c1bcb487cc26dd0d5f7d97098a6c","hash":"f6c477ef325f3b65c39d5dee7e4fd2271de31cd2"}
,"/home/pavel/git/xray-test/src/components/Header/index.js": {"path":"/home/pavel/git/xray-test/src/components/Header/index.js","statementMap":{"0":{"start":{"line":7,"column":15},"end":{"line":27,"column":1}},"1":{"start":{"line":8,"column":47},"end":{"line":8,"column":52}},"2":{"start":{"line":10,"column":2},"end":{"line":26,"column":3}},"3":{"start":{"line":29,"column":0},"end":{"line":33,"column":1}}},"fnMap":{"0":{"name":"(anonymous_0)","decl":{"start":{"line":7,"column":15},"end":{"line":7,"column":16}},"loc":{"start":{"line":7,"column":24},"end":{"line":27,"column":1}},"line":7}},"branchMap":{"0":{"loc":{"start":{"line":16,"column":8},"end":{"line":23,"column":54}},"type":"cond-expr","locations":[{"start":{"line":17,"column":12},"end":{"line":22,"column":16}},{"start":{"line":23,"column":12},"end":{"line":23,"column":54}}],"line":16}},"s":{"0":2,"1":3,"2":3,"3":2},"f":{"0":3},"b":{"0":[1,2]},"_coverageSchema":"332fd63041d2c1bcb487cc26dd0d5f7d97098a6c","hash":"435612902131dccf9aa278883c65694f0e04ebe5"}
,"/home/pavel/git/xray-test/src/components/Menu/index.js": {"path":"/home/pavel/git/xray-test/src/components/Menu/index.js","statementMap":{"0":{"start":{"line":7,"column":4},"end":{"line":16,"column":5}}},"fnMap":{"0":{"name":"(anonymous_0)","decl":{"start":{"line":6,"column":2},"end":{"line":6,"column":3}},"loc":{"start":{"line":6,"column":12},"end":{"line":17,"column":3}},"line":6}},"branchMap":{},"s":{"0":2},"f":{"0":2},"b":{},"_coverageSchema":"332fd63041d2c1bcb487cc26dd0d5f7d97098a6c","hash":"3a054d10939e74fe93dc5e8b5257937c5b747be9"}
,"/home/pavel/git/xray-test/src/components/Test/Slide.js": {"path":"/home/pavel/git/xray-test/src/components/Test/Slide.js","statementMap":{"0":{"start":{"line":10,"column":4},"end":{"line":10,"column":17}},"1":{"start":{"line":12,"column":35},"end":{"line":12,"column":45}},"2":{"start":{"line":13,"column":23},"end":{"line":13,"column":40}},"3":{"start":{"line":14,"column":29},"end":{"line":14,"column":48}},"4":{"start":{"line":16,"column":4},"end":{"line":27,"column":5}},"5":{"start":{"line":29,"column":4},"end":{"line":29,"column":45}},"6":{"start":{"line":30,"column":4},"end":{"line":30,"column":53}},"7":{"start":{"line":31,"column":4},"end":{"line":31,"column":63}},"8":{"start":{"line":32,"column":4},"end":{"line":32,"column":51}},"9":{"start":{"line":33,"column":4},"end":{"line":33,"column":63}},"10":{"start":{"line":34,"column":4},"end":{"line":34,"column":51}},"11":{"start":{"line":35,"column":4},"end":{"line":35,"column":51}},"12":{"start":{"line":36,"column":4},"end":{"line":36,"column":55}},"13":{"start":{"line":37,"column":4},"end":{"line":37,"column":57}},"14":{"start":{"line":38,"column":4},"end":{"line":38,"column":47}},"15":{"start":{"line":40,"column":4},"end":{"line":40,"column":21}},"16":{"start":{"line":44,"column":27},"end":{"line":44,"column":37}},"17":{"start":{"line":46,"column":4},"end":{"line":46,"column":65}},"18":{"start":{"line":47,"column":4},"end":{"line":47,"column":26}},"19":{"start":{"line":51,"column":25},"end":{"line":51,"column":43}},"20":{"start":{"line":52,"column":24},"end":{"line":52,"column":43}},"21":{"start":{"line":54,"column":4},"end":{"line":56,"column":5}},"22":{"start":{"line":55,"column":7},"end":{"line":55,"column":28}},"23":{"start":{"line":60,"column":4},"end":{"line":60,"column":23}},"24":{"start":{"line":61,"column":4},"end":{"line":61,"column":31}},"25":{"start":{"line":65,"column":35},"end":{"line":65,"column":45}},"26":{"start":{"line":67,"column":4},"end":{"line":75,"column":27}},"27":{"start":{"line":79,"column":22},"end":{"line":79,"column":42}},"28":{"start":{"line":81,"column":4},"end":{"line":81,"column":66}},"29":{"start":{"line":90,"column":4},"end":{"line":90,"column":31}},"30":{"start":{"line":92,"column":23},"end":{"line":92,"column":34}},"31":{"start":{"line":94,"column":4},"end":{"line":94,"column":49}},"32":{"start":{"line":95,"column":4},"end":{"line":103,"column":5}},"33":{"start":{"line":96,"column":6},"end":{"line":96,"column":43}},"34":{"start":{"line":97,"column":6},"end":{"line":102,"column":31}},"35":{"start":{"line":99,"column":12},"end":{"line":99,"column":37}},"36":{"start":{"line":100,"column":12},"end":{"line":100,"column":36}},"37":{"start":{"line":112,"column":4},"end":{"line":119,"column":7}},"38":{"start":{"line":113,"column":19},"end":{"line":113,"column":45}},"39":{"start":{"line":114,"column":19},"end":{"line":114,"column":39}},"40":{"start":{"line":117,"column":8},"end":{"line":118,"column":82}},"41":{"start":{"line":117,"column":45},"end":{"line":117,"column":55}},"42":{"start":{"line":118,"column":13},"end":{"line":118,"column":82}},"43":{"start":{"line":127,"column":30},"end":{"line":127,"column":60}},"44":{"start":{"line":129,"column":4},"end":{"line":129,"column":39}},"45":{"start":{"line":130,"column":4},"end":{"line":130,"column":41}},"46":{"start":{"line":131,"column":4},"end":{"line":131,"column":45}},"47":{"start":{"line":132,"column":4},"end":{"line":132,"column":47}},"48":{"start":{"line":140,"column":4},"end":{"line":140,"column":74}},"49":{"start":{"line":149,"column":28},"end":{"line":149,"column":47}},"50":{"start":{"line":150,"column":4},"end":{"line":150,"column":77}},"51":{"start":{"line":150,"column":32},"end":{"line":150,"column":77}},"52":{"start":{"line":152,"column":4},"end":{"line":152,"column":17}},"53":{"start":{"line":160,"column":4},"end":{"line":160,"column":56}},"54":{"start":{"line":168,"column":4},"end":{"line":168,"column":62}},"55":{"start":{"line":172,"column":25},"end":{"line":172,"column":44}},"56":{"start":{"line":173,"column":25},"end":{"line":173,"column":44}},"57":{"start":{"line":175,"column":4},"end":{"line":180,"column":33}},"58":{"start":{"line":176,"column":6},"end":{"line":179,"column":29}},"59":{"start":{"line":180,"column":11},"end":{"line":180,"column":33}},"60":{"start":{"line":184,"column":22},"end":{"line":184,"column":42}},"61":{"start":{"line":186,"column":4},"end":{"line":186,"column":63}},"62":{"start":{"line":197,"column":24},"end":{"line":197,"column":42}},"63":{"start":{"line":199,"column":4},"end":{"line":199,"column":52}},"64":{"start":{"line":208,"column":34},"end":{"line":208,"column":53}},"65":{"start":{"line":210,"column":4},"end":{"line":210,"column":55}},"66":{"start":{"line":211,"column":4},"end":{"line":211,"column":48}},"67":{"start":{"line":219,"column":4},"end":{"line":221,"column":7}},"68":{"start":{"line":220,"column":6},"end":{"line":220,"column":25}},"69":{"start":{"line":223,"column":4},"end":{"line":223,"column":21}},"70":{"start":{"line":227,"column":25},"end":{"line":227,"column":35}},"71":{"start":{"line":228,"column":38},"end":{"line":228,"column":57}},"72":{"start":{"line":229,"column":25},"end":{"line":229,"column":44}},"73":{"start":{"line":231,"column":4},"end":{"line":236,"column":5}},"74":{"start":{"line":234,"column":6},"end":{"line":234,"column":57}},"75":{"start":{"line":235,"column":6},"end":{"line":235,"column":99}},"76":{"start":{"line":238,"column":4},"end":{"line":238,"column":17}},"77":{"start":{"line":242,"column":4},"end":{"line":242,"column":49}},"78":{"start":{"line":246,"column":25},"end":{"line":246,"column":35}},"79":{"start":{"line":247,"column":25},"end":{"line":247,"column":44}},"80":{"start":{"line":248,"column":28},"end":{"line":248,"column":47}},"81":{"start":{"line":250,"column":4},"end":{"line":252,"column":5}},"82":{"start":{"line":251,"column":6},"end":{"line":251,"column":98}},"83":{"start":{"line":254,"column":4},"end":{"line":254,"column":43}},"84":{"start":{"line":258,"column":14},"end":{"line":258,"column":23}},"85":{"start":{"line":259,"column":14},"end":{"line":259,"column":23}},"86":{"start":{"line":260,"column":25},"end":{"line":260,"column":35}},"87":{"start":{"line":261,"column":28},"end":{"line":261,"column":47}},"88":{"start":{"line":262,"column":25},"end":{"line":262,"column":44}},"89":{"start":{"line":263,"column":20},"end":{"line":265,"column":5}},"90":{"start":{"line":264,"column":6},"end":{"line":264,"column":62}},"91":{"start":{"line":267,"column":4},"end":{"line":270,"column":5}},"92":{"start":{"line":268,"column":6},"end":{"line":269,"column":91}},"93":{"start":{"line":268,"column":19},"end":{"line":268,"column":41}},"94":{"start":{"line":269,"column":11},"end":{"line":269,"column":91}},"95":{"start":{"line":272,"column":4},"end":{"line":272,"column":35}},"96":{"start":{"line":272,"column":17},"end":{"line":272,"column":35}},"97":{"start":{"line":276,"column":4},"end":{"line":279,"column":7}},"98":{"start":{"line":277,"column":6},"end":{"line":277,"column":34}},"99":{"start":{"line":278,"column":6},"end":{"line":278,"column":75}},"100":{"start":{"line":283,"column":18},"end":{"line":283,"column":58}},"101":{"start":{"line":285,"column":4},"end":{"line":285,"column":67}},"102":{"start":{"line":286,"column":4},"end":{"line":286,"column":67}},"103":{"start":{"line":287,"column":4},"end":{"line":287,"column":64}},"104":{"start":{"line":287,"column":24},"end":{"line":287,"column":58}},"105":{"start":{"line":291,"column":4},"end":{"line":291,"column":38}},"106":{"start":{"line":292,"column":4},"end":{"line":292,"column":23}},"107":{"start":{"line":293,"column":4},"end":{"line":293,"column":26}},"108":{"start":{"line":294,"column":4},"end":{"line":294,"column":22}},"109":{"start":{"line":298,"column":23},"end":{"line":298,"column":33}},"110":{"start":{"line":299,"column":27},"end":{"line":299,"column":37}},"111":{"start":{"line":301,"column":4},"end":{"line":301,"column":30}},"112":{"start":{"line":305,"column":29},"end":{"line":305,"column":39}},"113":{"start":{"line":307,"column":4},"end":{"line":307,"column":31}},"114":{"start":{"line":308,"column":4},"end":{"line":308,"column":42}},"115":{"start":{"line":310,"column":4},"end":{"line":310,"column":26}},"116":{"start":{"line":314,"column":93},"end":{"line":314,"column":103}},"117":{"start":{"line":315,"column":28},"end":{"line":315,"column":47}},"118":{"start":{"line":316,"column":30},"end":{"line":316,"column":38}},"119":{"start":{"line":318,"column":4},"end":{"line":368,"column":5}},"120":{"start":{"line":372,"column":0},"end":{"line":377,"column":1}}},"fnMap":{"0":{"name":"(anonymous_0)","decl":{"start":{"line":9,"column":2},"end":{"line":9,"column":3}},"loc":{"start":{"line":9,"column":22},"end":{"line":41,"column":3}},"line":9},"1":{"name":"(anonymous_1)","decl":{"start":{"line":43,"column":2},"end":{"line":43,"column":3}},"loc":{"start":{"line":43,"column":23},"end":{"line":48,"column":3}},"line":43},"2":{"name":"(anonymous_2)","decl":{"start":{"line":50,"column":2},"end":{"line":50,"column":3}},"loc":{"start":{"line":50,"column":44},"end":{"line":57,"column":3}},"line":50},"3":{"name":"(anonymous_3)","decl":{"start":{"line":59,"column":2},"end":{"line":59,"column":3}},"loc":{"start":{"line":59,"column":26},"end":{"line":62,"column":3}},"line":59},"4":{"name":"(anonymous_4)","decl":{"start":{"line":64,"column":2},"end":{"line":64,"column":3}},"loc":{"start":{"line":64,"column":20},"end":{"line":76,"column":3}},"line":64},"5":{"name":"(anonymous_5)","decl":{"start":{"line":78,"column":2},"end":{"line":78,"column":3}},"loc":{"start":{"line":78,"column":25},"end":{"line":82,"column":3}},"line":78},"6":{"name":"(anonymous_6)","decl":{"start":{"line":89,"column":2},"end":{"line":89,"column":3}},"loc":{"start":{"line":89,"column":19},"end":{"line":104,"column":3}},"line":89},"7":{"name":"(anonymous_7)","decl":{"start":{"line":95,"column":24},"end":{"line":95,"column":25}},"loc":{"start":{"line":95,"column":30},"end":{"line":103,"column":5}},"line":95},"8":{"name":"(anonymous_8)","decl":{"start":{"line":98,"column":16},"end":{"line":98,"column":17}},"loc":{"start":{"line":98,"column":22},"end":{"line":101,"column":11}},"line":98},"9":{"name":"(anonymous_9)","decl":{"start":{"line":111,"column":2},"end":{"line":111,"column":3}},"loc":{"start":{"line":111,"column":22},"end":{"line":120,"column":3}},"line":111},"10":{"name":"(anonymous_10)","decl":{"start":{"line":112,"column":23},"end":{"line":112,"column":24}},"loc":{"start":{"line":112,"column":44},"end":{"line":119,"column":5}},"line":112},"11":{"name":"(anonymous_11)","decl":{"start":{"line":126,"column":2},"end":{"line":126,"column":3}},"loc":{"start":{"line":126,"column":25},"end":{"line":133,"column":3}},"line":126},"12":{"name":"(anonymous_12)","decl":{"start":{"line":139,"column":2},"end":{"line":139,"column":3}},"loc":{"start":{"line":139,"column":27},"end":{"line":141,"column":3}},"line":139},"13":{"name":"(anonymous_13)","decl":{"start":{"line":148,"column":2},"end":{"line":148,"column":3}},"loc":{"start":{"line":148,"column":21},"end":{"line":153,"column":3}},"line":148},"14":{"name":"(anonymous_14)","decl":{"start":{"line":159,"column":2},"end":{"line":159,"column":3}},"loc":{"start":{"line":159,"column":19},"end":{"line":161,"column":3}},"line":159},"15":{"name":"(anonymous_15)","decl":{"start":{"line":167,"column":2},"end":{"line":167,"column":3}},"loc":{"start":{"line":167,"column":25},"end":{"line":169,"column":3}},"line":167},"16":{"name":"(anonymous_16)","decl":{"start":{"line":171,"column":2},"end":{"line":171,"column":3}},"loc":{"start":{"line":171,"column":14},"end":{"line":181,"column":3}},"line":171},"17":{"name":"(anonymous_17)","decl":{"start":{"line":183,"column":2},"end":{"line":183,"column":3}},"loc":{"start":{"line":183,"column":22},"end":{"line":187,"column":3}},"line":183},"18":{"name":"(anonymous_18)","decl":{"start":{"line":196,"column":2},"end":{"line":196,"column":3}},"loc":{"start":{"line":196,"column":22},"end":{"line":200,"column":3}},"line":196},"19":{"name":"(anonymous_19)","decl":{"start":{"line":207,"column":2},"end":{"line":207,"column":3}},"loc":{"start":{"line":207,"column":23},"end":{"line":212,"column":3}},"line":207},"20":{"name":"(anonymous_20)","decl":{"start":{"line":218,"column":2},"end":{"line":218,"column":3}},"loc":{"start":{"line":218,"column":17},"end":{"line":224,"column":3}},"line":218},"21":{"name":"(anonymous_21)","decl":{"start":{"line":219,"column":24},"end":{"line":219,"column":25}},"loc":{"start":{"line":219,"column":33},"end":{"line":221,"column":5}},"line":219},"22":{"name":"(anonymous_22)","decl":{"start":{"line":226,"column":2},"end":{"line":226,"column":3}},"loc":{"start":{"line":226,"column":17},"end":{"line":239,"column":3}},"line":226},"23":{"name":"(anonymous_23)","decl":{"start":{"line":241,"column":2},"end":{"line":241,"column":3}},"loc":{"start":{"line":241,"column":17},"end":{"line":243,"column":3}},"line":241},"24":{"name":"(anonymous_24)","decl":{"start":{"line":245,"column":2},"end":{"line":245,"column":3}},"loc":{"start":{"line":245,"column":24},"end":{"line":255,"column":3}},"line":245},"25":{"name":"(anonymous_25)","decl":{"start":{"line":257,"column":2},"end":{"line":257,"column":3}},"loc":{"start":{"line":257,"column":31},"end":{"line":273,"column":3}},"line":257},"26":{"name":"(anonymous_26)","decl":{"start":{"line":263,"column":37},"end":{"line":263,"column":38}},"loc":{"start":{"line":264,"column":6},"end":{"line":264,"column":62}},"line":264},"27":{"name":"(anonymous_27)","decl":{"start":{"line":275,"column":2},"end":{"line":275,"column":3}},"loc":{"start":{"line":275,"column":16},"end":{"line":280,"column":3}},"line":275},"28":{"name":"(anonymous_28)","decl":{"start":{"line":276,"column":41},"end":{"line":276,"column":42}},"loc":{"start":{"line":276,"column":47},"end":{"line":279,"column":5}},"line":276},"29":{"name":"(anonymous_29)","decl":{"start":{"line":282,"column":2},"end":{"line":282,"column":3}},"loc":{"start":{"line":282,"column":26},"end":{"line":288,"column":3}},"line":282},"30":{"name":"(anonymous_30)","decl":{"start":{"line":287,"column":18},"end":{"line":287,"column":19}},"loc":{"start":{"line":287,"column":24},"end":{"line":287,"column":58}},"line":287},"31":{"name":"(anonymous_31)","decl":{"start":{"line":290,"column":2},"end":{"line":290,"column":3}},"loc":{"start":{"line":290,"column":20},"end":{"line":295,"column":3}},"line":290},"32":{"name":"(anonymous_32)","decl":{"start":{"line":297,"column":2},"end":{"line":297,"column":3}},"loc":{"start":{"line":297,"column":16},"end":{"line":302,"column":3}},"line":297},"33":{"name":"(anonymous_33)","decl":{"start":{"line":304,"column":2},"end":{"line":304,"column":3}},"loc":{"start":{"line":304,"column":18},"end":{"line":311,"column":3}},"line":304},"34":{"name":"(anonymous_34)","decl":{"start":{"line":313,"column":2},"end":{"line":313,"column":3}},"loc":{"start":{"line":313,"column":12},"end":{"line":369,"column":3}},"line":313}},"branchMap":{"0":{"loc":{"start":{"line":54,"column":4},"end":{"line":56,"column":5}},"type":"if","locations":[{"start":{"line":54,"column":4},"end":{"line":56,"column":5}},{"start":{"line":54,"column":4},"end":{"line":56,"column":5}}],"line":54},"1":{"loc":{"start":{"line":117,"column":8},"end":{"line":118,"column":82}},"type":"if","locations":[{"start":{"line":117,"column":8},"end":{"line":118,"column":82}},{"start":{"line":117,"column":8},"end":{"line":118,"column":82}}],"line":117},"2":{"loc":{"start":{"line":150,"column":4},"end":{"line":150,"column":77}},"type":"if","locations":[{"start":{"line":150,"column":4},"end":{"line":150,"column":77}},{"start":{"line":150,"column":4},"end":{"line":150,"column":77}}],"line":150},"3":{"loc":{"start":{"line":175,"column":4},"end":{"line":180,"column":33}},"type":"if","locations":[{"start":{"line":175,"column":4},"end":{"line":180,"column":33}},{"start":{"line":175,"column":4},"end":{"line":180,"column":33}}],"line":175},"4":{"loc":{"start":{"line":231,"column":4},"end":{"line":236,"column":5}},"type":"if","locations":[{"start":{"line":231,"column":4},"end":{"line":236,"column":5}},{"start":{"line":231,"column":4},"end":{"line":236,"column":5}}],"line":231},"5":{"loc":{"start":{"line":234,"column":15},"end":{"line":234,"column":56}},"type":"cond-expr","locations":[{"start":{"line":234,"column":34},"end":{"line":234,"column":42}},{"start":{"line":234,"column":45},"end":{"line":234,"column":56}}],"line":234},"6":{"loc":{"start":{"line":250,"column":4},"end":{"line":252,"column":5}},"type":"if","locations":[{"start":{"line":250,"column":4},"end":{"line":252,"column":5}},{"start":{"line":250,"column":4},"end":{"line":252,"column":5}}],"line":250},"7":{"loc":{"start":{"line":250,"column":8},"end":{"line":250,"column":37}},"type":"binary-expr","locations":[{"start":{"line":250,"column":8},"end":{"line":250,"column":24}},{"start":{"line":250,"column":28},"end":{"line":250,"column":37}}],"line":250},"8":{"loc":{"start":{"line":264,"column":6},"end":{"line":264,"column":62}},"type":"binary-expr","locations":[{"start":{"line":264,"column":6},"end":{"line":264,"column":17}},{"start":{"line":264,"column":21},"end":{"line":264,"column":32}},{"start":{"line":264,"column":36},"end":{"line":264,"column":47}},{"start":{"line":264,"column":51},"end":{"line":264,"column":62}}],"line":264},"9":{"loc":{"start":{"line":267,"column":4},"end":{"line":270,"column":5}},"type":"if","locations":[{"start":{"line":267,"column":4},"end":{"line":270,"column":5}},{"start":{"line":267,"column":4},"end":{"line":270,"column":5}}],"line":267},"10":{"loc":{"start":{"line":268,"column":6},"end":{"line":269,"column":91}},"type":"if","locations":[{"start":{"line":268,"column":6},"end":{"line":269,"column":91}},{"start":{"line":268,"column":6},"end":{"line":269,"column":91}}],"line":268},"11":{"loc":{"start":{"line":272,"column":4},"end":{"line":272,"column":35}},"type":"if","locations":[{"start":{"line":272,"column":4},"end":{"line":272,"column":35}},{"start":{"line":272,"column":4},"end":{"line":272,"column":35}}],"line":272},"12":{"loc":{"start":{"line":326,"column":14},"end":{"line":328,"column":16}},"type":"cond-expr","locations":[{"start":{"line":327,"column":14},"end":{"line":327,"column":154}},{"start":{"line":328,"column":14},"end":{"line":328,"column":16}}],"line":326},"13":{"loc":{"start":{"line":327,"column":52},"end":{"line":327,"column":118}},"type":"cond-expr","locations":[{"start":{"line":327,"column":67},"end":{"line":327,"column":74}},{"start":{"line":327,"column":77},"end":{"line":327,"column":118}}],"line":327},"14":{"loc":{"start":{"line":327,"column":77},"end":{"line":327,"column":118}},"type":"cond-expr","locations":[{"start":{"line":327,"column":102},"end":{"line":327,"column":110}},{"start":{"line":327,"column":113},"end":{"line":327,"column":118}}],"line":327},"15":{"loc":{"start":{"line":327,"column":123},"end":{"line":327,"column":146}},"type":"cond-expr","locations":[{"start":{"line":327,"column":134},"end":{"line":327,"column":141}},{"start":{"line":327,"column":144},"end":{"line":327,"column":146}}],"line":327},"16":{"loc":{"start":{"line":333,"column":14},"end":{"line":338,"column":16}},"type":"cond-expr","locations":[{"start":{"line":334,"column":14},"end":{"line":337,"column":22}},{"start":{"line":338,"column":14},"end":{"line":338,"column":16}}],"line":333},"17":{"loc":{"start":{"line":336,"column":30},"end":{"line":336,"column":110}},"type":"cond-expr","locations":[{"start":{"line":336,"column":45},"end":{"line":336,"column":56}},{"start":{"line":336,"column":59},"end":{"line":336,"column":110}}],"line":336},"18":{"loc":{"start":{"line":336,"column":59},"end":{"line":336,"column":110}},"type":"cond-expr","locations":[{"start":{"line":336,"column":84},"end":{"line":336,"column":97}},{"start":{"line":336,"column":100},"end":{"line":336,"column":110}}],"line":336},"19":{"loc":{"start":{"line":345,"column":14},"end":{"line":348,"column":16}},"type":"cond-expr","locations":[{"start":{"line":346,"column":16},"end":{"line":346,"column":80}},{"start":{"line":348,"column":14},"end":{"line":348,"column":16}}],"line":345},"20":{"loc":{"start":{"line":355,"column":14},"end":{"line":358,"column":18}},"type":"cond-expr","locations":[{"start":{"line":356,"column":16},"end":{"line":356,"column":72}},{"start":{"line":358,"column":16},"end":{"line":358,"column":18}}],"line":355},"21":{"loc":{"start":{"line":363,"column":52},"end":{"line":363,"column":76}},"type":"binary-expr","locations":[{"start":{"line":363,"column":52},"end":{"line":363,"column":61}},{"start":{"line":363,"column":65},"end":{"line":363,"column":76}}],"line":363},"22":{"loc":{"start":{"line":366,"column":24},"end":{"line":366,"column":64}},"type":"cond-expr","locations":[{"start":{"line":366,"column":38},"end":{"line":366,"column":53}},{"start":{"line":366,"column":56},"end":{"line":366,"column":64}}],"line":366}},"s":{"0":1,"1":1,"2":1,"3":1,"4":1,"5":1,"6":1,"7":1,"8":1,"9":1,"10":1,"11":1,"12":1,"13":1,"14":1,"15":1,"16":0,"17":0,"18":0,"19":0,"20":0,"21":0,"22":0,"23":0,"24":0,"25":0,"26":0,"27":0,"28":0,"29":0,"30":0,"31":0,"32":0,"33":0,"34":0,"35":0,"36":0,"37":0,"38":0,"39":0,"40":0,"41":0,"42":0,"43":0,"44":0,"45":0,"46":0,"47":0,"48":0,"49":0,"50":0,"51":0,"52":0,"53":0,"54":0,"55":0,"56":0,"57":0,"58":0,"59":0,"60":0,"61":0,"62":0,"63":0,"64":0,"65":0,"66":0,"67":0,"68":0,"69":0,"70":0,"71":0,"72":0,"73":0,"74":0,"75":0,"76":0,"77":0,"78":0,"79":0,"80":0,"81":0,"82":0,"83":0,"84":0,"85":0,"86":0,"87":0,"88":0,"89":0,"90":0,"91":0,"92":0,"93":0,"94":0,"95":0,"96":0,"97":0,"98":0,"99":0,"100":0,"101":0,"102":0,"103":0,"104":0,"105":0,"106":0,"107":0,"108":0,"109":0,"110":0,"111":0,"112":0,"113":0,"114":0,"115":0,"116":1,"117":1,"118":1,"119":1,"120":3},"f":{"0":1,"1":0,"2":0,"3":0,"4":0,"5":0,"6":0,"7":0,"8":0,"9":0,"10":0,"11":0,"12":0,"13":0,"14":0,"15":0,"16":0,"17":0,"18":0,"19":0,"20":0,"21":0,"22":0,"23":0,"24":0,"25":0,"26":0,"27":0,"28":0,"29":0,"30":0,"31":0,"32":0,"33":0,"34":1},"b":{"0":[0,0],"1":[0,0],"2":[0,0],"3":[0,0],"4":[0,0],"5":[0,0],"6":[0,0],"7":[0,0],"8":[0,0,0,0],"9":[0,0],"10":[0,0],"11":[0,0],"12":[0,1],"13":[0,0],"14":[0,0],"15":[0,0],"16":[0,1],"17":[0,0],"18":[0,0],"19":[0,1],"20":[0,1],"21":[1,0],"22":[0,1]},"_coverageSchema":"332fd63041d2c1bcb487cc26dd0d5f7d97098a6c","hash":"ad6f0e351d9b9b36d562897b77fa87d23ae1ad28"}
,"/home/pavel/git/xray-test/src/components/Test/User.js": {"path":"/home/pavel/git/xray-test/src/components/Test/User.js","statementMap":{"0":{"start":{"line":6,"column":13},"end":{"line":30,"column":1}},"1":{"start":{"line":7,"column":41},"end":{"line":7,"column":46}},"2":{"start":{"line":9,"column":2},"end":{"line":29,"column":3}},"3":{"start":{"line":32,"column":0},"end":{"line":35,"column":1}}},"fnMap":{"0":{"name":"(anonymous_0)","decl":{"start":{"line":6,"column":13},"end":{"line":6,"column":14}},"loc":{"start":{"line":6,"column":22},"end":{"line":30,"column":1}},"line":6}},"branchMap":{},"s":{"0":2,"1":3,"2":3,"3":2},"f":{"0":3},"b":{},"_coverageSchema":"332fd63041d2c1bcb487cc26dd0d5f7d97098a6c","hash":"1276a5d415fccecf33d42cca0e394aeb4e7fb0a4"}
,"/home/pavel/git/xray-test/src/components/Test/index.js": {"path":"/home/pavel/git/xray-test/src/components/Test/index.js","statementMap":{"0":{"start":{"line":10,"column":4},"end":{"line":10,"column":11}},"1":{"start":{"line":12,"column":4},"end":{"line":23,"column":5}},"2":{"start":{"line":25,"column":4},"end":{"line":25,"column":51}},"3":{"start":{"line":26,"column":4},"end":{"line":26,"column":53}},"4":{"start":{"line":27,"column":4},"end":{"line":27,"column":53}},"5":{"start":{"line":28,"column":4},"end":{"line":28,"column":53}},"6":{"start":{"line":29,"column":4},"end":{"line":29,"column":49}},"7":{"start":{"line":33,"column":4},"end":{"line":33,"column":23}},"8":{"start":{"line":34,"column":4},"end":{"line":34,"column":20}},"9":{"start":{"line":38,"column":17},"end":{"line":38,"column":19}},"10":{"start":{"line":40,"column":4},"end":{"line":40,"column":39}},"11":{"start":{"line":42,"column":4},"end":{"line":42,"column":24}},"12":{"start":{"line":46,"column":4},"end":{"line":46,"column":22}},"13":{"start":{"line":48,"column":4},"end":{"line":48,"column":21}},"14":{"start":{"line":52,"column":4},"end":{"line":54,"column":55}},"15":{"start":{"line":53,"column":30},"end":{"line":53,"column":56}},"16":{"start":{"line":54,"column":26},"end":{"line":54,"column":54}},"17":{"start":{"line":58,"column":4},"end":{"line":60,"column":55}},"18":{"start":{"line":59,"column":27},"end":{"line":59,"column":51}},"19":{"start":{"line":60,"column":26},"end":{"line":60,"column":54}},"20":{"start":{"line":64,"column":27},"end":{"line":64,"column":29}},"21":{"start":{"line":66,"column":4},"end":{"line":68,"column":6}},"22":{"start":{"line":67,"column":6},"end":{"line":67,"column":45}},"23":{"start":{"line":70,"column":4},"end":{"line":70,"column":47}},"24":{"start":{"line":74,"column":22},"end":{"line":74,"column":32}},"25":{"start":{"line":75,"column":20},"end":{"line":75,"column":32}},"26":{"start":{"line":76,"column":20},"end":{"line":76,"column":55}},"27":{"start":{"line":77,"column":23},"end":{"line":77,"column":42}},"28":{"start":{"line":79,"column":4},"end":{"line":79,"column":34}},"29":{"start":{"line":83,"column":4},"end":{"line":85,"column":44}},"30":{"start":{"line":84,"column":31},"end":{"line":84,"column":84}},"31":{"start":{"line":85,"column":26},"end":{"line":85,"column":43}},"32":{"start":{"line":89,"column":28},"end":{"line":89,"column":58}},"33":{"start":{"line":90,"column":27},"end":{"line":90,"column":54}},"34":{"start":{"line":92,"column":4},"end":{"line":93,"column":66}},"35":{"start":{"line":92,"column":42},"end":{"line":92,"column":95}},"36":{"start":{"line":93,"column":9},"end":{"line":93,"column":66}},"37":{"start":{"line":97,"column":4},"end":{"line":97,"column":37}},"38":{"start":{"line":101,"column":20},"end":{"line":101,"column":30}},"39":{"start":{"line":103,"column":4},"end":{"line":103,"column":27}},"40":{"start":{"line":104,"column":4},"end":{"line":104,"column":29}},"41":{"start":{"line":108,"column":87},"end":{"line":108,"column":97}},"42":{"start":{"line":109,"column":31},"end":{"line":109,"column":39}},"43":{"start":{"line":111,"column":4},"end":{"line":144,"column":5}}},"fnMap":{"0":{"name":"(anonymous_0)","decl":{"start":{"line":9,"column":2},"end":{"line":9,"column":3}},"loc":{"start":{"line":9,"column":17},"end":{"line":30,"column":3}},"line":9},"1":{"name":"(anonymous_1)","decl":{"start":{"line":32,"column":2},"end":{"line":32,"column":3}},"loc":{"start":{"line":32,"column":23},"end":{"line":35,"column":3}},"line":32},"2":{"name":"(anonymous_2)","decl":{"start":{"line":37,"column":2},"end":{"line":37,"column":3}},"loc":{"start":{"line":37,"column":19},"end":{"line":43,"column":3}},"line":37},"3":{"name":"(anonymous_3)","decl":{"start":{"line":45,"column":2},"end":{"line":45,"column":3}},"loc":{"start":{"line":45,"column":19},"end":{"line":49,"column":3}},"line":45},"4":{"name":"(anonymous_4)","decl":{"start":{"line":51,"column":2},"end":{"line":51,"column":3}},"loc":{"start":{"line":51,"column":17},"end":{"line":55,"column":3}},"line":51},"5":{"name":"(anonymous_5)","decl":{"start":{"line":53,"column":18},"end":{"line":53,"column":19}},"loc":{"start":{"line":53,"column":30},"end":{"line":53,"column":56}},"line":53},"6":{"name":"(anonymous_6)","decl":{"start":{"line":54,"column":19},"end":{"line":54,"column":20}},"loc":{"start":{"line":54,"column":26},"end":{"line":54,"column":54}},"line":54},"7":{"name":"(anonymous_7)","decl":{"start":{"line":57,"column":2},"end":{"line":57,"column":3}},"loc":{"start":{"line":57,"column":14},"end":{"line":61,"column":3}},"line":57},"8":{"name":"(anonymous_8)","decl":{"start":{"line":59,"column":18},"end":{"line":59,"column":19}},"loc":{"start":{"line":59,"column":27},"end":{"line":59,"column":51}},"line":59},"9":{"name":"(anonymous_9)","decl":{"start":{"line":60,"column":19},"end":{"line":60,"column":20}},"loc":{"start":{"line":60,"column":26},"end":{"line":60,"column":54}},"line":60},"10":{"name":"(anonymous_10)","decl":{"start":{"line":63,"column":2},"end":{"line":63,"column":3}},"loc":{"start":{"line":63,"column":30},"end":{"line":71,"column":3}},"line":63},"11":{"name":"(anonymous_11)","decl":{"start":{"line":66,"column":26},"end":{"line":66,"column":27}},"loc":{"start":{"line":66,"column":34},"end":{"line":68,"column":5}},"line":66},"12":{"name":"(anonymous_12)","decl":{"start":{"line":73,"column":2},"end":{"line":73,"column":3}},"loc":{"start":{"line":73,"column":16},"end":{"line":80,"column":3}},"line":73},"13":{"name":"(anonymous_13)","decl":{"start":{"line":82,"column":2},"end":{"line":82,"column":3}},"loc":{"start":{"line":82,"column":28},"end":{"line":86,"column":3}},"line":82},"14":{"name":"(anonymous_14)","decl":{"start":{"line":84,"column":18},"end":{"line":84,"column":19}},"loc":{"start":{"line":84,"column":31},"end":{"line":84,"column":84}},"line":84},"15":{"name":"(anonymous_15)","decl":{"start":{"line":85,"column":19},"end":{"line":85,"column":20}},"loc":{"start":{"line":85,"column":26},"end":{"line":85,"column":43}},"line":85},"16":{"name":"(anonymous_16)","decl":{"start":{"line":88,"column":2},"end":{"line":88,"column":3}},"loc":{"start":{"line":88,"column":24},"end":{"line":94,"column":3}},"line":88},"17":{"name":"(anonymous_17)","decl":{"start":{"line":96,"column":2},"end":{"line":96,"column":3}},"loc":{"start":{"line":96,"column":18},"end":{"line":98,"column":3}},"line":96},"18":{"name":"(anonymous_18)","decl":{"start":{"line":100,"column":2},"end":{"line":100,"column":3}},"loc":{"start":{"line":100,"column":22},"end":{"line":105,"column":3}},"line":100},"19":{"name":"(anonymous_19)","decl":{"start":{"line":107,"column":2},"end":{"line":107,"column":3}},"loc":{"start":{"line":107,"column":12},"end":{"line":145,"column":3}},"line":107}},"branchMap":{"0":{"loc":{"start":{"line":92,"column":4},"end":{"line":93,"column":66}},"type":"if","locations":[{"start":{"line":92,"column":4},"end":{"line":93,"column":66}},{"start":{"line":92,"column":4},"end":{"line":93,"column":66}}],"line":92},"1":{"loc":{"start":{"line":113,"column":10},"end":{"line":141,"column":19}},"type":"cond-expr","locations":[{"start":{"line":114,"column":13},"end":{"line":124,"column":18}},{"start":{"line":126,"column":10},"end":{"line":141,"column":19}}],"line":113},"2":{"loc":{"start":{"line":126,"column":10},"end":{"line":141,"column":19}},"type":"cond-expr","locations":[{"start":{"line":127,"column":13},"end":{"line":134,"column":18}},{"start":{"line":136,"column":13},"end":{"line":141,"column":18}}],"line":126},"3":{"loc":{"start":{"line":131,"column":30},"end":{"line":131,"column":99}},"type":"cond-expr","locations":[{"start":{"line":131,"column":55},"end":{"line":131,"column":61}},{"start":{"line":131,"column":64},"end":{"line":131,"column":99}}],"line":131},"4":{"loc":{"start":{"line":131,"column":64},"end":{"line":131,"column":99}},"type":"cond-expr","locations":[{"start":{"line":131,"column":78},"end":{"line":131,"column":87}},{"start":{"line":131,"column":90},"end":{"line":131,"column":99}}],"line":131}},"s":{"0":1,"1":1,"2":1,"3":1,"4":1,"5":1,"6":1,"7":1,"8":1,"9":0,"10":0,"11":0,"12":0,"13":0,"14":1,"15":0,"16":1,"17":1,"18":0,"19":1,"20":0,"21":0,"22":0,"23":0,"24":0,"25":0,"26":0,"27":0,"28":0,"29":0,"30":0,"31":0,"32":0,"33":0,"34":0,"35":0,"36":0,"37":0,"38":0,"39":0,"40":0,"41":3,"42":3,"43":3},"f":{"0":1,"1":1,"2":0,"3":0,"4":1,"5":0,"6":1,"7":1,"8":0,"9":1,"10":0,"11":0,"12":0,"13":0,"14":0,"15":0,"16":0,"17":0,"18":0,"19":3},"b":{"0":[0,0],"1":[0,3],"2":[0,3],"3":[0,0],"4":[0,0]},"_coverageSchema":"332fd63041d2c1bcb487cc26dd0d5f7d97098a6c","hash":"94f470a19da5c2aa44fefa2d19b288aaa413e046"}
}
