{"D:\\git\\xray-test\\src\\actions.js": {"path":"D:\\git\\xray-test\\src\\actions.js","statementMap":{"0":{"start":{"line":5,"column":17},"end":{"line":12,"column":1}},"1":{"start":{"line":6,"column":2},"end":{"line":11,"column":4}},"2":{"start":{"line":7,"column":4},"end":{"line":10,"column":31}},"3":{"start":{"line":9,"column":18},"end":{"line":9,"column":30}},"4":{"start":{"line":10,"column":19},"end":{"line":10,"column":30}},"5":{"start":{"line":14,"column":16},"end":{"line":21,"column":1}},"6":{"start":{"line":15,"column":2},"end":{"line":20,"column":4}},"7":{"start":{"line":16,"column":4},"end":{"line":19,"column":31}},"8":{"start":{"line":18,"column":18},"end":{"line":18,"column":30}},"9":{"start":{"line":19,"column":19},"end":{"line":19,"column":30}},"10":{"start":{"line":23,"column":19},"end":{"line":30,"column":1}},"11":{"start":{"line":24,"column":2},"end":{"line":29,"column":4}},"12":{"start":{"line":25,"column":4},"end":{"line":28,"column":31}},"13":{"start":{"line":27,"column":18},"end":{"line":27,"column":30}},"14":{"start":{"line":28,"column":19},"end":{"line":28,"column":30}},"15":{"start":{"line":32,"column":17},"end":{"line":39,"column":1}},"16":{"start":{"line":33,"column":2},"end":{"line":38,"column":4}},"17":{"start":{"line":34,"column":4},"end":{"line":37,"column":31}},"18":{"start":{"line":36,"column":18},"end":{"line":36,"column":30}},"19":{"start":{"line":37,"column":19},"end":{"line":37,"column":30}},"20":{"start":{"line":41,"column":21},"end":{"line":45,"column":1}},"21":{"start":{"line":42,"column":2},"end":{"line":44,"column":50}},"22":{"start":{"line":43,"column":23},"end":{"line":43,"column":33}},"23":{"start":{"line":44,"column":24},"end":{"line":44,"column":48}}},"fnMap":{"0":{"name":"(anonymous_0)","decl":{"start":{"line":5,"column":17},"end":{"line":5,"column":18}},"loc":{"start":{"line":5,"column":38},"end":{"line":12,"column":1}},"line":5},"1":{"name":"(anonymous_1)","decl":{"start":{"line":6,"column":21},"end":{"line":6,"column":22}},"loc":{"start":{"line":6,"column":42},"end":{"line":11,"column":3}},"line":6},"2":{"name":"(anonymous_2)","decl":{"start":{"line":9,"column":11},"end":{"line":9,"column":12}},"loc":{"start":{"line":9,"column":18},"end":{"line":9,"column":30}},"line":9},"3":{"name":"(anonymous_3)","decl":{"start":{"line":10,"column":12},"end":{"line":10,"column":13}},"loc":{"start":{"line":10,"column":19},"end":{"line":10,"column":30}},"line":10},"4":{"name":"(anonymous_4)","decl":{"start":{"line":14,"column":16},"end":{"line":14,"column":17}},"loc":{"start":{"line":14,"column":37},"end":{"line":21,"column":1}},"line":14},"5":{"name":"(anonymous_5)","decl":{"start":{"line":15,"column":21},"end":{"line":15,"column":22}},"loc":{"start":{"line":15,"column":42},"end":{"line":20,"column":3}},"line":15},"6":{"name":"(anonymous_6)","decl":{"start":{"line":18,"column":11},"end":{"line":18,"column":12}},"loc":{"start":{"line":18,"column":18},"end":{"line":18,"column":30}},"line":18},"7":{"name":"(anonymous_7)","decl":{"start":{"line":19,"column":12},"end":{"line":19,"column":13}},"loc":{"start":{"line":19,"column":19},"end":{"line":19,"column":30}},"line":19},"8":{"name":"(anonymous_8)","decl":{"start":{"line":23,"column":19},"end":{"line":23,"column":20}},"loc":{"start":{"line":23,"column":40},"end":{"line":30,"column":1}},"line":23},"9":{"name":"(anonymous_9)","decl":{"start":{"line":24,"column":21},"end":{"line":24,"column":22}},"loc":{"start":{"line":24,"column":42},"end":{"line":29,"column":3}},"line":24},"10":{"name":"(anonymous_10)","decl":{"start":{"line":27,"column":11},"end":{"line":27,"column":12}},"loc":{"start":{"line":27,"column":18},"end":{"line":27,"column":30}},"line":27},"11":{"name":"(anonymous_11)","decl":{"start":{"line":28,"column":12},"end":{"line":28,"column":13}},"loc":{"start":{"line":28,"column":19},"end":{"line":28,"column":30}},"line":28},"12":{"name":"(anonymous_12)","decl":{"start":{"line":32,"column":17},"end":{"line":32,"column":18}},"loc":{"start":{"line":32,"column":38},"end":{"line":39,"column":1}},"line":32},"13":{"name":"(anonymous_13)","decl":{"start":{"line":33,"column":21},"end":{"line":33,"column":22}},"loc":{"start":{"line":33,"column":42},"end":{"line":38,"column":3}},"line":33},"14":{"name":"(anonymous_14)","decl":{"start":{"line":36,"column":11},"end":{"line":36,"column":12}},"loc":{"start":{"line":36,"column":18},"end":{"line":36,"column":30}},"line":36},"15":{"name":"(anonymous_15)","decl":{"start":{"line":37,"column":12},"end":{"line":37,"column":13}},"loc":{"start":{"line":37,"column":19},"end":{"line":37,"column":30}},"line":37},"16":{"name":"(anonymous_16)","decl":{"start":{"line":41,"column":21},"end":{"line":41,"column":22}},"loc":{"start":{"line":41,"column":46},"end":{"line":45,"column":1}},"line":41},"17":{"name":"(anonymous_17)","decl":{"start":{"line":43,"column":16},"end":{"line":43,"column":17}},"loc":{"start":{"line":43,"column":23},"end":{"line":43,"column":33}},"line":43},"18":{"name":"(anonymous_18)","decl":{"start":{"line":44,"column":16},"end":{"line":44,"column":17}},"loc":{"start":{"line":44,"column":24},"end":{"line":44,"column":48}},"line":44}},"branchMap":{},"s":{"0":5,"1":0,"2":0,"3":0,"4":0,"5":5,"6":0,"7":0,"8":0,"9":0,"10":5,"11":0,"12":0,"13":0,"14":0,"15":5,"16":0,"17":0,"18":0,"19":0,"20":5,"21":0,"22":0,"23":0},"f":{"0":0,"1":0,"2":0,"3":0,"4":0,"5":0,"6":0,"7":0,"8":0,"9":0,"10":0,"11":0,"12":0,"13":0,"14":0,"15":0,"16":0,"17":0,"18":0},"b":{},"_coverageSchema":"332fd63041d2c1bcb487cc26dd0d5f7d97098a6c","hash":"25f37be3103d7863cebc1468a8f5e7735d81f79b"}
,"D:\\git\\xray-test\\src\\config.js": {"path":"D:\\git\\xray-test\\src\\config.js","statementMap":{"0":{"start":{"line":3,"column":23},"end":{"line":3,"column":42}},"1":{"start":{"line":5,"column":28},"end":{"line":19,"column":1}},"2":{"start":{"line":6,"column":22},"end":{"line":14,"column":5}},"3":{"start":{"line":16,"column":2},"end":{"line":16,"column":70}},"4":{"start":{"line":16,"column":12},"end":{"line":16,"column":70}},"5":{"start":{"line":18,"column":2},"end":{"line":18,"column":20}},"6":{"start":{"line":21,"column":25},"end":{"line":30,"column":1}},"7":{"start":{"line":22,"column":2},"end":{"line":29,"column":5}},"8":{"start":{"line":32,"column":29},"end":{"line":40,"column":1}},"9":{"start":{"line":33,"column":2},"end":{"line":39,"column":3}}},"fnMap":{"0":{"name":"(anonymous_0)","decl":{"start":{"line":5,"column":28},"end":{"line":5,"column":29}},"loc":{"start":{"line":5,"column":60},"end":{"line":19,"column":1}},"line":5},"1":{"name":"(anonymous_1)","decl":{"start":{"line":21,"column":25},"end":{"line":21,"column":26}},"loc":{"start":{"line":21,"column":41},"end":{"line":30,"column":1}},"line":21},"2":{"name":"(anonymous_2)","decl":{"start":{"line":32,"column":29},"end":{"line":32,"column":30}},"loc":{"start":{"line":32,"column":41},"end":{"line":40,"column":1}},"line":32}},"branchMap":{"0":{"loc":{"start":{"line":5,"column":38},"end":{"line":5,"column":52}},"type":"default-arg","locations":[{"start":{"line":5,"column":47},"end":{"line":5,"column":52}}],"line":5},"1":{"loc":{"start":{"line":16,"column":2},"end":{"line":16,"column":70}},"type":"if","locations":[{"start":{"line":16,"column":2},"end":{"line":16,"column":70}},{"start":{"line":16,"column":2},"end":{"line":16,"column":70}}],"line":16}},"s":{"0":5,"1":5,"2":0,"3":0,"4":0,"5":0,"6":5,"7":0,"8":5,"9":0},"f":{"0":0,"1":0,"2":0},"b":{"0":[0],"1":[0,0]},"_coverageSchema":"332fd63041d2c1bcb487cc26dd0d5f7d97098a6c","hash":"a3dd3e279ad00b0ed7849fb1b7d9816b17216cc2"}
,"D:\\git\\xray-test\\src\\helpers.js": {"path":"D:\\git\\xray-test\\src\\helpers.js","statementMap":{"0":{"start":{"line":6,"column":30},"end":{"line":6,"column":113}},"1":{"start":{"line":6,"column":42},"end":{"line":6,"column":113}},"2":{"start":{"line":6,"column":71},"end":{"line":6,"column":112}},"3":{"start":{"line":13,"column":24},"end":{"line":15,"column":1}},"4":{"start":{"line":14,"column":2},"end":{"line":14,"column":46}},"5":{"start":{"line":22,"column":24},"end":{"line":28,"column":1}},"6":{"start":{"line":23,"column":2},"end":{"line":25,"column":3}},"7":{"start":{"line":24,"column":4},"end":{"line":24,"column":40}},"8":{"start":{"line":27,"column":2},"end":{"line":27,"column":15}},"9":{"start":{"line":33,"column":24},"end":{"line":39,"column":1}}},"fnMap":{"0":{"name":"(anonymous_0)","decl":{"start":{"line":6,"column":30},"end":{"line":6,"column":31}},"loc":{"start":{"line":6,"column":42},"end":{"line":6,"column":113}},"line":6},"1":{"name":"(anonymous_1)","decl":{"start":{"line":6,"column":63},"end":{"line":6,"column":64}},"loc":{"start":{"line":6,"column":71},"end":{"line":6,"column":112}},"line":6},"2":{"name":"(anonymous_2)","decl":{"start":{"line":13,"column":24},"end":{"line":13,"column":25}},"loc":{"start":{"line":13,"column":33},"end":{"line":15,"column":1}},"line":13},"3":{"name":"(anonymous_3)","decl":{"start":{"line":22,"column":24},"end":{"line":22,"column":25}},"loc":{"start":{"line":22,"column":30},"end":{"line":28,"column":1}},"line":22}},"branchMap":{"0":{"loc":{"start":{"line":6,"column":71},"end":{"line":6,"column":112}},"type":"cond-expr","locations":[{"start":{"line":6,"column":85},"end":{"line":6,"column":89}},{"start":{"line":6,"column":92},"end":{"line":6,"column":112}}],"line":6},"1":{"loc":{"start":{"line":23,"column":2},"end":{"line":25,"column":3}},"type":"if","locations":[{"start":{"line":23,"column":2},"end":{"line":25,"column":3}},{"start":{"line":23,"column":2},"end":{"line":25,"column":3}}],"line":23}},"s":{"0":6,"1":0,"2":0,"3":6,"4":0,"5":6,"6":0,"7":0,"8":0,"9":6},"f":{"0":0,"1":0,"2":0,"3":0},"b":{"0":[0,0],"1":[0,0]},"_coverageSchema":"332fd63041d2c1bcb487cc26dd0d5f7d97098a6c","hash":"f43773dc9cd6e1ccfb0ce1b8072f6574976c3bae"}
,"D:\\git\\xray-test\\src\\components\\Admin\\index.js": {"path":"D:\\git\\xray-test\\src\\components\\Admin\\index.js","statementMap":{"0":{"start":{"line":7,"column":4},"end":{"line":7,"column":16}},"1":{"start":{"line":9,"column":4},"end":{"line":15,"column":5}},"2":{"start":{"line":17,"column":4},"end":{"line":17,"column":47}},"3":{"start":{"line":18,"column":4},"end":{"line":18,"column":51}},"4":{"start":{"line":19,"column":4},"end":{"line":19,"column":53}},"5":{"start":{"line":20,"column":4},"end":{"line":20,"column":53}},"6":{"start":{"line":21,"column":4},"end":{"line":21,"column":41}},"7":{"start":{"line":22,"column":4},"end":{"line":22,"column":61}},"8":{"start":{"line":24,"column":4},"end":{"line":24,"column":49}},"9":{"start":{"line":25,"column":4},"end":{"line":25,"column":52}},"10":{"start":{"line":26,"column":4},"end":{"line":26,"column":52}},"11":{"start":{"line":27,"column":4},"end":{"line":27,"column":58}},"12":{"start":{"line":28,"column":4},"end":{"line":28,"column":64}},"13":{"start":{"line":32,"column":4},"end":{"line":32,"column":23}},"14":{"start":{"line":33,"column":4},"end":{"line":33,"column":20}},"15":{"start":{"line":34,"column":4},"end":{"line":34,"column":24}},"16":{"start":{"line":38,"column":4},"end":{"line":40,"column":58}},"17":{"start":{"line":39,"column":33},"end":{"line":39,"column":60}},"18":{"start":{"line":40,"column":29},"end":{"line":40,"column":57}},"19":{"start":{"line":44,"column":4},"end":{"line":46,"column":58}},"20":{"start":{"line":45,"column":30},"end":{"line":45,"column":54}},"21":{"start":{"line":46,"column":29},"end":{"line":46,"column":57}},"22":{"start":{"line":50,"column":4},"end":{"line":52,"column":58}},"23":{"start":{"line":51,"column":34},"end":{"line":51,"column":62}},"24":{"start":{"line":52,"column":29},"end":{"line":52,"column":57}},"25":{"start":{"line":56,"column":4},"end":{"line":56,"column":20}},"26":{"start":{"line":57,"column":4},"end":{"line":57,"column":24}},"27":{"start":{"line":61,"column":15},"end":{"line":61,"column":44}},"28":{"start":{"line":63,"column":4},"end":{"line":67,"column":5}},"29":{"start":{"line":64,"column":6},"end":{"line":66,"column":60}},"30":{"start":{"line":65,"column":30},"end":{"line":65,"column":48}},"31":{"start":{"line":66,"column":31},"end":{"line":66,"column":59}},"32":{"start":{"line":71,"column":4},"end":{"line":73,"column":35}},"33":{"start":{"line":72,"column":28},"end":{"line":72,"column":62}},"34":{"start":{"line":77,"column":26},"end":{"line":77,"column":34}},"35":{"start":{"line":78,"column":28},"end":{"line":78,"column":56}},"36":{"start":{"line":79,"column":17},"end":{"line":79,"column":28}},"37":{"start":{"line":80,"column":25},"end":{"line":80,"column":35}},"38":{"start":{"line":82,"column":4},"end":{"line":82,"column":42}},"39":{"start":{"line":84,"column":4},"end":{"line":86,"column":6}},"40":{"start":{"line":85,"column":6},"end":{"line":85,"column":93}},"41":{"start":{"line":85,"column":30},"end":{"line":85,"column":93}},"42":{"start":{"line":88,"column":4},"end":{"line":88,"column":31}},"43":{"start":{"line":92,"column":21},"end":{"line":94,"column":5}},"44":{"start":{"line":93,"column":20},"end":{"line":93,"column":31}},"45":{"start":{"line":96,"column":4},"end":{"line":97,"column":19}},"46":{"start":{"line":96,"column":24},"end":{"line":96,"column":50}},"47":{"start":{"line":97,"column":9},"end":{"line":97,"column":19}},"48":{"start":{"line":101,"column":4},"end":{"line":101,"column":39}},"49":{"start":{"line":103,"column":4},"end":{"line":112,"column":67}},"50":{"start":{"line":106,"column":18},"end":{"line":106,"column":78}},"51":{"start":{"line":107,"column":18},"end":{"line":109,"column":23}},"52":{"start":{"line":108,"column":20},"end":{"line":108,"column":87}},"53":{"start":{"line":112,"column":30},"end":{"line":112,"column":66}},"54":{"start":{"line":116,"column":4},"end":{"line":116,"column":23}},"55":{"start":{"line":118,"column":15},"end":{"line":118,"column":84}},"56":{"start":{"line":120,"column":4},"end":{"line":120,"column":22}},"57":{"start":{"line":120,"column":15},"end":{"line":120,"column":22}},"58":{"start":{"line":122,"column":4},"end":{"line":122,"column":39}},"59":{"start":{"line":124,"column":17},"end":{"line":124,"column":67}},"60":{"start":{"line":126,"column":4},"end":{"line":132,"column":67}},"61":{"start":{"line":128,"column":18},"end":{"line":128,"column":57}},"62":{"start":{"line":129,"column":18},"end":{"line":129,"column":37}},"63":{"start":{"line":132,"column":30},"end":{"line":132,"column":66}},"64":{"start":{"line":136,"column":22},"end":{"line":136,"column":84}},"65":{"start":{"line":137,"column":18},"end":{"line":137,"column":76}},"66":{"start":{"line":138,"column":17},"end":{"line":138,"column":31}},"67":{"start":{"line":140,"column":4},"end":{"line":140,"column":49}},"68":{"start":{"line":141,"column":4},"end":{"line":141,"column":41}},"69":{"start":{"line":143,"column":4},"end":{"line":143,"column":16}},"70":{"start":{"line":147,"column":4},"end":{"line":147,"column":23}},"71":{"start":{"line":148,"column":4},"end":{"line":148,"column":39}},"72":{"start":{"line":150,"column":25},"end":{"line":150,"column":35}},"73":{"start":{"line":152,"column":4},"end":{"line":155,"column":67}},"74":{"start":{"line":153,"column":28},"end":{"line":153,"column":62}},"75":{"start":{"line":155,"column":30},"end":{"line":155,"column":66}},"76":{"start":{"line":159,"column":55},"end":{"line":159,"column":65}},"77":{"start":{"line":161,"column":4},"end":{"line":234,"column":5}},"78":{"start":{"line":186,"column":18},"end":{"line":197,"column":24}},"79":{"start":{"line":212,"column":16},"end":{"line":215,"column":21}},"80":{"start":{"line":213,"column":34},"end":{"line":213,"column":61}},"81":{"start":{"line":214,"column":53},"end":{"line":214,"column":86}},"82":{"start":{"line":225,"column":16},"end":{"line":228,"column":21}},"83":{"start":{"line":227,"column":55},"end":{"line":227,"column":89}}},"fnMap":{"0":{"name":"(anonymous_0)","decl":{"start":{"line":6,"column":2},"end":{"line":6,"column":3}},"loc":{"start":{"line":6,"column":22},"end":{"line":29,"column":3}},"line":6},"1":{"name":"(anonymous_1)","decl":{"start":{"line":31,"column":2},"end":{"line":31,"column":3}},"loc":{"start":{"line":31,"column":23},"end":{"line":35,"column":3}},"line":31},"2":{"name":"(anonymous_2)","decl":{"start":{"line":37,"column":2},"end":{"line":37,"column":3}},"loc":{"start":{"line":37,"column":17},"end":{"line":41,"column":3}},"line":37},"3":{"name":"(anonymous_3)","decl":{"start":{"line":39,"column":21},"end":{"line":39,"column":22}},"loc":{"start":{"line":39,"column":33},"end":{"line":39,"column":60}},"line":39},"4":{"name":"(anonymous_4)","decl":{"start":{"line":40,"column":22},"end":{"line":40,"column":23}},"loc":{"start":{"line":40,"column":29},"end":{"line":40,"column":57}},"line":40},"5":{"name":"(anonymous_5)","decl":{"start":{"line":43,"column":2},"end":{"line":43,"column":3}},"loc":{"start":{"line":43,"column":14},"end":{"line":47,"column":3}},"line":43},"6":{"name":"(anonymous_6)","decl":{"start":{"line":45,"column":21},"end":{"line":45,"column":22}},"loc":{"start":{"line":45,"column":30},"end":{"line":45,"column":54}},"line":45},"7":{"name":"(anonymous_7)","decl":{"start":{"line":46,"column":22},"end":{"line":46,"column":23}},"loc":{"start":{"line":46,"column":29},"end":{"line":46,"column":57}},"line":46},"8":{"name":"(anonymous_8)","decl":{"start":{"line":49,"column":2},"end":{"line":49,"column":3}},"loc":{"start":{"line":49,"column":18},"end":{"line":53,"column":3}},"line":49},"9":{"name":"(anonymous_9)","decl":{"start":{"line":51,"column":21},"end":{"line":51,"column":22}},"loc":{"start":{"line":51,"column":34},"end":{"line":51,"column":62}},"line":51},"10":{"name":"(anonymous_10)","decl":{"start":{"line":52,"column":22},"end":{"line":52,"column":23}},"loc":{"start":{"line":52,"column":29},"end":{"line":52,"column":57}},"line":52},"11":{"name":"(anonymous_11)","decl":{"start":{"line":55,"column":2},"end":{"line":55,"column":3}},"loc":{"start":{"line":55,"column":17},"end":{"line":58,"column":3}},"line":55},"12":{"name":"(anonymous_12)","decl":{"start":{"line":60,"column":2},"end":{"line":60,"column":3}},"loc":{"start":{"line":60,"column":24},"end":{"line":68,"column":3}},"line":60},"13":{"name":"(anonymous_13)","decl":{"start":{"line":65,"column":23},"end":{"line":65,"column":24}},"loc":{"start":{"line":65,"column":30},"end":{"line":65,"column":48}},"line":65},"14":{"name":"(anonymous_14)","decl":{"start":{"line":66,"column":24},"end":{"line":66,"column":25}},"loc":{"start":{"line":66,"column":31},"end":{"line":66,"column":59}},"line":66},"15":{"name":"(anonymous_15)","decl":{"start":{"line":70,"column":2},"end":{"line":70,"column":3}},"loc":{"start":{"line":70,"column":21},"end":{"line":74,"column":3}},"line":70},"16":{"name":"(anonymous_16)","decl":{"start":{"line":72,"column":21},"end":{"line":72,"column":22}},"loc":{"start":{"line":72,"column":28},"end":{"line":72,"column":62}},"line":72},"17":{"name":"(anonymous_17)","decl":{"start":{"line":76,"column":2},"end":{"line":76,"column":3}},"loc":{"start":{"line":76,"column":19},"end":{"line":89,"column":3}},"line":76},"18":{"name":"(anonymous_18)","decl":{"start":{"line":84,"column":21},"end":{"line":84,"column":22}},"loc":{"start":{"line":84,"column":34},"end":{"line":86,"column":5}},"line":84},"19":{"name":"(anonymous_19)","decl":{"start":{"line":91,"column":2},"end":{"line":91,"column":3}},"loc":{"start":{"line":91,"column":26},"end":{"line":98,"column":3}},"line":91},"20":{"name":"(anonymous_20)","decl":{"start":{"line":93,"column":14},"end":{"line":93,"column":15}},"loc":{"start":{"line":93,"column":20},"end":{"line":93,"column":31}},"line":93},"21":{"name":"(anonymous_21)","decl":{"start":{"line":100,"column":2},"end":{"line":100,"column":3}},"loc":{"start":{"line":100,"column":12},"end":{"line":113,"column":3}},"line":100},"22":{"name":"(anonymous_22)","decl":{"start":{"line":104,"column":21},"end":{"line":104,"column":22}},"loc":{"start":{"line":104,"column":27},"end":{"line":110,"column":16}},"line":104},"23":{"name":"(anonymous_23)","decl":{"start":{"line":107,"column":29},"end":{"line":107,"column":30}},"loc":{"start":{"line":108,"column":20},"end":{"line":108,"column":87}},"line":108},"24":{"name":"(anonymous_24)","decl":{"start":{"line":112,"column":24},"end":{"line":112,"column":25}},"loc":{"start":{"line":112,"column":30},"end":{"line":112,"column":66}},"line":112},"25":{"name":"(anonymous_25)","decl":{"start":{"line":115,"column":2},"end":{"line":115,"column":3}},"loc":{"start":{"line":115,"column":23},"end":{"line":133,"column":3}},"line":115},"26":{"name":"(anonymous_26)","decl":{"start":{"line":127,"column":21},"end":{"line":127,"column":22}},"loc":{"start":{"line":127,"column":27},"end":{"line":130,"column":16}},"line":127},"27":{"name":"(anonymous_27)","decl":{"start":{"line":132,"column":24},"end":{"line":132,"column":25}},"loc":{"start":{"line":132,"column":30},"end":{"line":132,"column":66}},"line":132},"28":{"name":"(anonymous_28)","decl":{"start":{"line":135,"column":2},"end":{"line":135,"column":3}},"loc":{"start":{"line":135,"column":20},"end":{"line":144,"column":3}},"line":135},"29":{"name":"(anonymous_29)","decl":{"start":{"line":146,"column":2},"end":{"line":146,"column":3}},"loc":{"start":{"line":146,"column":19},"end":{"line":156,"column":3}},"line":146},"30":{"name":"(anonymous_30)","decl":{"start":{"line":153,"column":21},"end":{"line":153,"column":22}},"loc":{"start":{"line":153,"column":28},"end":{"line":153,"column":62}},"line":153},"31":{"name":"(anonymous_31)","decl":{"start":{"line":155,"column":24},"end":{"line":155,"column":25}},"loc":{"start":{"line":155,"column":30},"end":{"line":155,"column":66}},"line":155},"32":{"name":"(anonymous_32)","decl":{"start":{"line":158,"column":2},"end":{"line":158,"column":3}},"loc":{"start":{"line":158,"column":12},"end":{"line":235,"column":3}},"line":158},"33":{"name":"(anonymous_33)","decl":{"start":{"line":185,"column":29},"end":{"line":185,"column":30}},"loc":{"start":{"line":185,"column":37},"end":{"line":198,"column":17}},"line":185},"34":{"name":"(anonymous_34)","decl":{"start":{"line":211,"column":24},"end":{"line":211,"column":25}},"loc":{"start":{"line":211,"column":32},"end":{"line":216,"column":15}},"line":211},"35":{"name":"(anonymous_35)","decl":{"start":{"line":213,"column":28},"end":{"line":213,"column":29}},"loc":{"start":{"line":213,"column":34},"end":{"line":213,"column":61}},"line":213},"36":{"name":"(anonymous_36)","decl":{"start":{"line":214,"column":47},"end":{"line":214,"column":48}},"loc":{"start":{"line":214,"column":53},"end":{"line":214,"column":86}},"line":214},"37":{"name":"(anonymous_37)","decl":{"start":{"line":224,"column":28},"end":{"line":224,"column":29}},"loc":{"start":{"line":224,"column":33},"end":{"line":229,"column":15}},"line":224},"38":{"name":"(anonymous_38)","decl":{"start":{"line":227,"column":49},"end":{"line":227,"column":50}},"loc":{"start":{"line":227,"column":55},"end":{"line":227,"column":89}},"line":227}},"branchMap":{"0":{"loc":{"start":{"line":24,"column":19},"end":{"line":24,"column":48}},"type":"binary-expr","locations":[{"start":{"line":24,"column":19},"end":{"line":24,"column":37}},{"start":{"line":24,"column":41},"end":{"line":24,"column":48}}],"line":24},"1":{"loc":{"start":{"line":25,"column":20},"end":{"line":25,"column":51}},"type":"binary-expr","locations":[{"start":{"line":25,"column":20},"end":{"line":25,"column":39}},{"start":{"line":25,"column":43},"end":{"line":25,"column":51}}],"line":25},"2":{"loc":{"start":{"line":26,"column":20},"end":{"line":26,"column":51}},"type":"binary-expr","locations":[{"start":{"line":26,"column":20},"end":{"line":26,"column":39}},{"start":{"line":26,"column":43},"end":{"line":26,"column":51}}],"line":26},"3":{"loc":{"start":{"line":27,"column":22},"end":{"line":27,"column":57}},"type":"binary-expr","locations":[{"start":{"line":27,"column":22},"end":{"line":27,"column":43}},{"start":{"line":27,"column":47},"end":{"line":27,"column":57}}],"line":27},"4":{"loc":{"start":{"line":28,"column":24},"end":{"line":28,"column":63}},"type":"binary-expr","locations":[{"start":{"line":28,"column":24},"end":{"line":28,"column":47}},{"start":{"line":28,"column":51},"end":{"line":28,"column":63}}],"line":28},"5":{"loc":{"start":{"line":63,"column":4},"end":{"line":67,"column":5}},"type":"if","locations":[{"start":{"line":63,"column":4},"end":{"line":67,"column":5}},{"start":{"line":63,"column":4},"end":{"line":67,"column":5}}],"line":63},"6":{"loc":{"start":{"line":78,"column":28},"end":{"line":78,"column":56}},"type":"binary-expr","locations":[{"start":{"line":78,"column":28},"end":{"line":78,"column":36}},{"start":{"line":78,"column":40},"end":{"line":78,"column":56}}],"line":78},"7":{"loc":{"start":{"line":85,"column":6},"end":{"line":85,"column":93}},"type":"if","locations":[{"start":{"line":85,"column":6},"end":{"line":85,"column":93}},{"start":{"line":85,"column":6},"end":{"line":85,"column":93}}],"line":85},"8":{"loc":{"start":{"line":96,"column":4},"end":{"line":97,"column":19}},"type":"if","locations":[{"start":{"line":96,"column":4},"end":{"line":97,"column":19}},{"start":{"line":96,"column":4},"end":{"line":97,"column":19}}],"line":96},"9":{"loc":{"start":{"line":120,"column":4},"end":{"line":120,"column":22}},"type":"if","locations":[{"start":{"line":120,"column":4},"end":{"line":120,"column":22}},{"start":{"line":120,"column":4},"end":{"line":120,"column":22}}],"line":120},"10":{"loc":{"start":{"line":124,"column":17},"end":{"line":124,"column":67}},"type":"binary-expr","locations":[{"start":{"line":124,"column":17},"end":{"line":124,"column":42}},{"start":{"line":124,"column":46},"end":{"line":124,"column":67}}],"line":124}},"s":{"0":1,"1":1,"2":1,"3":1,"4":1,"5":1,"6":1,"7":1,"8":1,"9":1,"10":1,"11":1,"12":1,"13":1,"14":1,"15":1,"16":1,"17":1,"18":0,"19":4,"20":4,"21":0,"22":4,"23":4,"24":0,"25":3,"26":3,"27":2,"28":2,"29":2,"30":2,"31":0,"32":1,"33":1,"34":1,"35":1,"36":1,"37":1,"38":1,"39":1,"40":1,"41":1,"42":1,"43":1,"44":0,"45":1,"46":0,"47":1,"48":1,"49":1,"50":1,"51":1,"52":1,"53":1,"54":1,"55":1,"56":1,"57":0,"58":1,"59":1,"60":1,"61":1,"62":1,"63":1,"64":0,"65":0,"66":0,"67":0,"68":0,"69":0,"70":1,"71":1,"72":1,"73":1,"74":1,"75":1,"76":24,"77":24,"78":23,"79":22,"80":1,"81":1,"82":21,"83":1},"f":{"0":1,"1":1,"2":1,"3":1,"4":0,"5":4,"6":4,"7":0,"8":4,"9":4,"10":0,"11":3,"12":2,"13":2,"14":0,"15":1,"16":1,"17":1,"18":1,"19":1,"20":0,"21":1,"22":1,"23":1,"24":1,"25":1,"26":1,"27":1,"28":0,"29":1,"30":1,"31":1,"32":24,"33":23,"34":22,"35":1,"36":1,"37":21,"38":1},"b":{"0":[1,0],"1":[1,0],"2":[1,0],"3":[1,0],"4":[1,0],"5":[2,0],"6":[1,0],"7":[1,0],"8":[0,1],"9":[0,1],"10":[1,0]},"_coverageSchema":"332fd63041d2c1bcb487cc26dd0d5f7d97098a6c","hash":"8ce4b5dc3a70716f5504d46b497fb7151daafb3c"}
,"D:\\git\\xray-test\\src\\components\\App\\index.js": {"path":"D:\\git\\xray-test\\src\\components\\App\\index.js","statementMap":{"0":{"start":{"line":16,"column":4},"end":{"line":16,"column":16}},"1":{"start":{"line":18,"column":4},"end":{"line":23,"column":5}},"2":{"start":{"line":25,"column":4},"end":{"line":25,"column":38}},"3":{"start":{"line":26,"column":4},"end":{"line":26,"column":40}},"4":{"start":{"line":27,"column":4},"end":{"line":27,"column":48}},"5":{"start":{"line":29,"column":4},"end":{"line":29,"column":52}},"6":{"start":{"line":30,"column":4},"end":{"line":30,"column":52}},"7":{"start":{"line":34,"column":4},"end":{"line":34,"column":22}},"8":{"start":{"line":36,"column":17},"end":{"line":39,"column":5}},"9":{"start":{"line":41,"column":4},"end":{"line":41,"column":38}},"10":{"start":{"line":43,"column":4},"end":{"line":46,"column":66}},"11":{"start":{"line":46,"column":30},"end":{"line":46,"column":65}},"12":{"start":{"line":50,"column":4},"end":{"line":50,"column":43}},"13":{"start":{"line":50,"column":18},"end":{"line":50,"column":43}},"14":{"start":{"line":51,"column":4},"end":{"line":51,"column":79}},"15":{"start":{"line":55,"column":4},"end":{"line":58,"column":7}},"16":{"start":{"line":60,"column":5},"end":{"line":60,"column":24}},"17":{"start":{"line":64,"column":45},"end":{"line":64,"column":55}},"18":{"start":{"line":66,"column":4},"end":{"line":85,"column":5}}},"fnMap":{"0":{"name":"(anonymous_0)","decl":{"start":{"line":15,"column":2},"end":{"line":15,"column":3}},"loc":{"start":{"line":15,"column":22},"end":{"line":31,"column":3}},"line":15},"1":{"name":"(anonymous_1)","decl":{"start":{"line":33,"column":2},"end":{"line":33,"column":3}},"loc":{"start":{"line":33,"column":12},"end":{"line":47,"column":3}},"line":33},"2":{"name":"(anonymous_2)","decl":{"start":{"line":46,"column":24},"end":{"line":46,"column":25}},"loc":{"start":{"line":46,"column":30},"end":{"line":46,"column":65}},"line":46},"3":{"name":"(anonymous_3)","decl":{"start":{"line":49,"column":2},"end":{"line":49,"column":3}},"loc":{"start":{"line":49,"column":19},"end":{"line":52,"column":3}},"line":49},"4":{"name":"(anonymous_4)","decl":{"start":{"line":54,"column":2},"end":{"line":54,"column":3}},"loc":{"start":{"line":54,"column":12},"end":{"line":61,"column":3}},"line":54},"5":{"name":"(anonymous_5)","decl":{"start":{"line":63,"column":2},"end":{"line":63,"column":3}},"loc":{"start":{"line":63,"column":12},"end":{"line":86,"column":3}},"line":63}},"branchMap":{"0":{"loc":{"start":{"line":29,"column":20},"end":{"line":29,"column":51}},"type":"binary-expr","locations":[{"start":{"line":29,"column":20},"end":{"line":29,"column":39}},{"start":{"line":29,"column":43},"end":{"line":29,"column":51}}],"line":29},"1":{"loc":{"start":{"line":30,"column":20},"end":{"line":30,"column":51}},"type":"binary-expr","locations":[{"start":{"line":30,"column":20},"end":{"line":30,"column":39}},{"start":{"line":30,"column":43},"end":{"line":30,"column":51}}],"line":30},"2":{"loc":{"start":{"line":50,"column":4},"end":{"line":50,"column":43}},"type":"if","locations":[{"start":{"line":50,"column":4},"end":{"line":50,"column":43}},{"start":{"line":50,"column":4},"end":{"line":50,"column":43}}],"line":50},"3":{"loc":{"start":{"line":79,"column":41},"end":{"line":79,"column":68}},"type":"cond-expr","locations":[{"start":{"line":79,"column":51},"end":{"line":79,"column":56}},{"start":{"line":79,"column":59},"end":{"line":79,"column":68}}],"line":79},"4":{"loc":{"start":{"line":80,"column":47},"end":{"line":80,"column":79}},"type":"cond-expr","locations":[{"start":{"line":80,"column":57},"end":{"line":80,"column":67}},{"start":{"line":80,"column":70},"end":{"line":80,"column":79}}],"line":80},"5":{"loc":{"start":{"line":81,"column":51},"end":{"line":81,"column":87}},"type":"cond-expr","locations":[{"start":{"line":81,"column":61},"end":{"line":81,"column":75}},{"start":{"line":81,"column":78},"end":{"line":81,"column":87}}],"line":81}},"s":{"0":1,"1":1,"2":1,"3":1,"4":1,"5":1,"6":1,"7":1,"8":1,"9":1,"10":1,"11":1,"12":1,"13":1,"14":1,"15":1,"16":1,"17":7,"18":7},"f":{"0":1,"1":1,"2":1,"3":1,"4":1,"5":7},"b":{"0":[1,0],"1":[1,0],"2":[1,0],"3":[2,5],"4":[2,5],"5":[2,5]},"_coverageSchema":"332fd63041d2c1bcb487cc26dd0d5f7d97098a6c","hash":"1791ffdad1fc9dafab7c427e89762e57c79fe6cb"}
,"D:\\git\\xray-test\\src\\components\\CreateQuestion\\index.js": {"path":"D:\\git\\xray-test\\src\\components\\CreateQuestion\\index.js","statementMap":{"0":{"start":{"line":9,"column":4},"end":{"line":9,"column":11}},"1":{"start":{"line":11,"column":4},"end":{"line":19,"column":5}},"2":{"start":{"line":21,"column":4},"end":{"line":21,"column":53}},"3":{"start":{"line":22,"column":4},"end":{"line":22,"column":53}},"4":{"start":{"line":23,"column":4},"end":{"line":23,"column":53}},"5":{"start":{"line":24,"column":4},"end":{"line":24,"column":51}},"6":{"start":{"line":25,"column":4},"end":{"line":25,"column":53}},"7":{"start":{"line":29,"column":23},"end":{"line":29,"column":40}},"8":{"start":{"line":30,"column":29},"end":{"line":30,"column":48}},"9":{"start":{"line":31,"column":4},"end":{"line":31,"column":51}},"10":{"start":{"line":33,"column":4},"end":{"line":33,"column":86}},"11":{"start":{"line":34,"column":4},"end":{"line":34,"column":52}},"12":{"start":{"line":35,"column":4},"end":{"line":35,"column":52}},"13":{"start":{"line":36,"column":4},"end":{"line":36,"column":49}},"14":{"start":{"line":37,"column":4},"end":{"line":37,"column":33}},"15":{"start":{"line":41,"column":4},"end":{"line":41,"column":24}},"16":{"start":{"line":49,"column":4},"end":{"line":49,"column":56}},"17":{"start":{"line":57,"column":4},"end":{"line":57,"column":62}},"18":{"start":{"line":68,"column":4},"end":{"line":73,"column":5}},"19":{"start":{"line":69,"column":20},"end":{"line":69,"column":67}},"20":{"start":{"line":70,"column":23},"end":{"line":70,"column":44}},"21":{"start":{"line":72,"column":6},"end":{"line":72,"column":39}},"22":{"start":{"line":82,"column":4},"end":{"line":88,"column":35}},"23":{"start":{"line":84,"column":18},"end":{"line":86,"column":19}},"24":{"start":{"line":85,"column":20},"end":{"line":85,"column":58}},"25":{"start":{"line":97,"column":4},"end":{"line":97,"column":23}},"26":{"start":{"line":99,"column":17},"end":{"line":99,"column":67}},"27":{"start":{"line":100,"column":25},"end":{"line":100,"column":69}},"28":{"start":{"line":102,"column":4},"end":{"line":102,"column":37}},"29":{"start":{"line":104,"column":4},"end":{"line":107,"column":56}},"30":{"start":{"line":107,"column":21},"end":{"line":107,"column":54}},"31":{"start":{"line":116,"column":21},"end":{"line":116,"column":31}},"32":{"start":{"line":117,"column":20},"end":{"line":117,"column":55}},"33":{"start":{"line":118,"column":4},"end":{"line":118,"column":24}},"34":{"start":{"line":120,"column":4},"end":{"line":123,"column":26}},"35":{"start":{"line":131,"column":18},"end":{"line":131,"column":63}},"36":{"start":{"line":132,"column":18},"end":{"line":132,"column":63}},"37":{"start":{"line":133,"column":31},"end":{"line":133,"column":41}},"38":{"start":{"line":134,"column":17},"end":{"line":134,"column":31}},"39":{"start":{"line":136,"column":4},"end":{"line":136,"column":34}},"40":{"start":{"line":137,"column":4},"end":{"line":137,"column":41}},"41":{"start":{"line":138,"column":4},"end":{"line":138,"column":63}},"42":{"start":{"line":138,"column":26},"end":{"line":138,"column":63}},"43":{"start":{"line":140,"column":4},"end":{"line":140,"column":16}},"44":{"start":{"line":148,"column":17},"end":{"line":148,"column":19}},"45":{"start":{"line":150,"column":4},"end":{"line":150,"column":39}},"46":{"start":{"line":152,"column":4},"end":{"line":152,"column":24}},"47":{"start":{"line":161,"column":4},"end":{"line":161,"column":31}},"48":{"start":{"line":163,"column":23},"end":{"line":163,"column":34}},"49":{"start":{"line":165,"column":4},"end":{"line":165,"column":40}},"50":{"start":{"line":166,"column":4},"end":{"line":169,"column":5}},"51":{"start":{"line":167,"column":6},"end":{"line":167,"column":42}},"52":{"start":{"line":168,"column":6},"end":{"line":168,"column":28}},"53":{"start":{"line":177,"column":30},"end":{"line":177,"column":51}},"54":{"start":{"line":179,"column":4},"end":{"line":179,"column":39}},"55":{"start":{"line":180,"column":4},"end":{"line":180,"column":41}},"56":{"start":{"line":181,"column":4},"end":{"line":181,"column":45}},"57":{"start":{"line":182,"column":4},"end":{"line":182,"column":47}},"58":{"start":{"line":190,"column":4},"end":{"line":190,"column":74}},"59":{"start":{"line":199,"column":28},"end":{"line":199,"column":38}},"60":{"start":{"line":201,"column":4},"end":{"line":201,"column":70}},"61":{"start":{"line":201,"column":32},"end":{"line":201,"column":70}},"62":{"start":{"line":203,"column":4},"end":{"line":203,"column":30}},"63":{"start":{"line":211,"column":4},"end":{"line":211,"column":35}},"64":{"start":{"line":219,"column":52},"end":{"line":219,"column":62}},"65":{"start":{"line":221,"column":21},"end":{"line":227,"column":6}},"66":{"start":{"line":229,"column":5},"end":{"line":229,"column":38}},"67":{"start":{"line":231,"column":5},"end":{"line":234,"column":65}},"68":{"start":{"line":232,"column":29},"end":{"line":232,"column":63}},"69":{"start":{"line":234,"column":31},"end":{"line":234,"column":64}},"70":{"start":{"line":238,"column":40},"end":{"line":238,"column":50}},"71":{"start":{"line":240,"column":4},"end":{"line":312,"column":5}}},"fnMap":{"0":{"name":"(anonymous_0)","decl":{"start":{"line":8,"column":2},"end":{"line":8,"column":3}},"loc":{"start":{"line":8,"column":17},"end":{"line":26,"column":3}},"line":8},"1":{"name":"(anonymous_1)","decl":{"start":{"line":28,"column":2},"end":{"line":28,"column":3}},"loc":{"start":{"line":28,"column":23},"end":{"line":38,"column":3}},"line":28},"2":{"name":"(anonymous_2)","decl":{"start":{"line":40,"column":2},"end":{"line":40,"column":3}},"loc":{"start":{"line":40,"column":26},"end":{"line":42,"column":3}},"line":40},"3":{"name":"(anonymous_3)","decl":{"start":{"line":48,"column":2},"end":{"line":48,"column":3}},"loc":{"start":{"line":48,"column":19},"end":{"line":50,"column":3}},"line":48},"4":{"name":"(anonymous_4)","decl":{"start":{"line":56,"column":2},"end":{"line":56,"column":3}},"loc":{"start":{"line":56,"column":25},"end":{"line":58,"column":3}},"line":56},"5":{"name":"(anonymous_5)","decl":{"start":{"line":67,"column":2},"end":{"line":67,"column":3}},"loc":{"start":{"line":67,"column":28},"end":{"line":74,"column":3}},"line":67},"6":{"name":"(anonymous_6)","decl":{"start":{"line":81,"column":2},"end":{"line":81,"column":3}},"loc":{"start":{"line":81,"column":25},"end":{"line":89,"column":3}},"line":81},"7":{"name":"(anonymous_7)","decl":{"start":{"line":83,"column":21},"end":{"line":83,"column":22}},"loc":{"start":{"line":83,"column":28},"end":{"line":87,"column":16}},"line":83},"8":{"name":"(anonymous_8)","decl":{"start":{"line":96,"column":2},"end":{"line":96,"column":3}},"loc":{"start":{"line":96,"column":19},"end":{"line":108,"column":3}},"line":96},"9":{"name":"(anonymous_9)","decl":{"start":{"line":107,"column":15},"end":{"line":107,"column":16}},"loc":{"start":{"line":107,"column":21},"end":{"line":107,"column":54}},"line":107},"10":{"name":"(anonymous_10)","decl":{"start":{"line":115,"column":2},"end":{"line":115,"column":3}},"loc":{"start":{"line":115,"column":21},"end":{"line":124,"column":3}},"line":115},"11":{"name":"(anonymous_11)","decl":{"start":{"line":130,"column":2},"end":{"line":130,"column":3}},"loc":{"start":{"line":130,"column":20},"end":{"line":141,"column":3}},"line":130},"12":{"name":"(anonymous_12)","decl":{"start":{"line":147,"column":2},"end":{"line":147,"column":3}},"loc":{"start":{"line":147,"column":19},"end":{"line":153,"column":3}},"line":147},"13":{"name":"(anonymous_13)","decl":{"start":{"line":160,"column":2},"end":{"line":160,"column":3}},"loc":{"start":{"line":160,"column":19},"end":{"line":170,"column":3}},"line":160},"14":{"name":"(anonymous_14)","decl":{"start":{"line":166,"column":24},"end":{"line":166,"column":25}},"loc":{"start":{"line":166,"column":30},"end":{"line":169,"column":5}},"line":166},"15":{"name":"(anonymous_15)","decl":{"start":{"line":176,"column":2},"end":{"line":176,"column":3}},"loc":{"start":{"line":176,"column":25},"end":{"line":183,"column":3}},"line":176},"16":{"name":"(anonymous_16)","decl":{"start":{"line":189,"column":2},"end":{"line":189,"column":3}},"loc":{"start":{"line":189,"column":27},"end":{"line":191,"column":3}},"line":189},"17":{"name":"(anonymous_17)","decl":{"start":{"line":198,"column":2},"end":{"line":198,"column":3}},"loc":{"start":{"line":198,"column":21},"end":{"line":204,"column":3}},"line":198},"18":{"name":"(anonymous_18)","decl":{"start":{"line":210,"column":2},"end":{"line":210,"column":3}},"loc":{"start":{"line":210,"column":17},"end":{"line":212,"column":3}},"line":210},"19":{"name":"(anonymous_19)","decl":{"start":{"line":218,"column":2},"end":{"line":218,"column":3}},"loc":{"start":{"line":218,"column":18},"end":{"line":235,"column":3}},"line":218},"20":{"name":"(anonymous_20)","decl":{"start":{"line":232,"column":22},"end":{"line":232,"column":23}},"loc":{"start":{"line":232,"column":29},"end":{"line":232,"column":63}},"line":232},"21":{"name":"(anonymous_21)","decl":{"start":{"line":234,"column":25},"end":{"line":234,"column":26}},"loc":{"start":{"line":234,"column":31},"end":{"line":234,"column":64}},"line":234},"22":{"name":"(anonymous_22)","decl":{"start":{"line":237,"column":2},"end":{"line":237,"column":3}},"loc":{"start":{"line":237,"column":12},"end":{"line":313,"column":3}},"line":237}},"branchMap":{"0":{"loc":{"start":{"line":33,"column":18},"end":{"line":33,"column":85}},"type":"binary-expr","locations":[{"start":{"line":33,"column":18},"end":{"line":33,"column":35}},{"start":{"line":33,"column":39},"end":{"line":33,"column":85}}],"line":33},"1":{"loc":{"start":{"line":34,"column":20},"end":{"line":34,"column":51}},"type":"binary-expr","locations":[{"start":{"line":34,"column":20},"end":{"line":34,"column":39}},{"start":{"line":34,"column":43},"end":{"line":34,"column":51}}],"line":34},"2":{"loc":{"start":{"line":35,"column":20},"end":{"line":35,"column":51}},"type":"binary-expr","locations":[{"start":{"line":35,"column":20},"end":{"line":35,"column":39}},{"start":{"line":35,"column":43},"end":{"line":35,"column":51}}],"line":35},"3":{"loc":{"start":{"line":36,"column":19},"end":{"line":36,"column":48}},"type":"binary-expr","locations":[{"start":{"line":36,"column":19},"end":{"line":36,"column":37}},{"start":{"line":36,"column":41},"end":{"line":36,"column":48}}],"line":36},"4":{"loc":{"start":{"line":68,"column":4},"end":{"line":73,"column":5}},"type":"if","locations":[{"start":{"line":68,"column":4},"end":{"line":73,"column":5}},{"start":{"line":68,"column":4},"end":{"line":73,"column":5}}],"line":68},"5":{"loc":{"start":{"line":68,"column":8},"end":{"line":68,"column":68}},"type":"binary-expr","locations":[{"start":{"line":68,"column":8},"end":{"line":68,"column":27}},{"start":{"line":68,"column":31},"end":{"line":68,"column":68}}],"line":68},"6":{"loc":{"start":{"line":84,"column":18},"end":{"line":86,"column":19}},"type":"if","locations":[{"start":{"line":84,"column":18},"end":{"line":86,"column":19}},{"start":{"line":84,"column":18},"end":{"line":86,"column":19}}],"line":84},"7":{"loc":{"start":{"line":99,"column":17},"end":{"line":99,"column":67}},"type":"binary-expr","locations":[{"start":{"line":99,"column":17},"end":{"line":99,"column":42}},{"start":{"line":99,"column":46},"end":{"line":99,"column":67}}],"line":99},"8":{"loc":{"start":{"line":100,"column":25},"end":{"line":100,"column":69}},"type":"binary-expr","locations":[{"start":{"line":100,"column":25},"end":{"line":100,"column":48}},{"start":{"line":100,"column":52},"end":{"line":100,"column":69}}],"line":100},"9":{"loc":{"start":{"line":138,"column":4},"end":{"line":138,"column":63}},"type":"if","locations":[{"start":{"line":138,"column":4},"end":{"line":138,"column":63}},{"start":{"line":138,"column":4},"end":{"line":138,"column":63}}],"line":138},"10":{"loc":{"start":{"line":201,"column":4},"end":{"line":201,"column":70}},"type":"if","locations":[{"start":{"line":201,"column":4},"end":{"line":201,"column":70}},{"start":{"line":201,"column":4},"end":{"line":201,"column":70}}],"line":201},"11":{"loc":{"start":{"line":253,"column":27},"end":{"line":253,"column":54}},"type":"cond-expr","locations":[{"start":{"line":253,"column":45},"end":{"line":253,"column":49}},{"start":{"line":253,"column":52},"end":{"line":253,"column":54}}],"line":253},"12":{"loc":{"start":{"line":275,"column":25},"end":{"line":275,"column":53}},"type":"cond-expr","locations":[{"start":{"line":275,"column":44},"end":{"line":275,"column":47}},{"start":{"line":275,"column":50},"end":{"line":275,"column":53}}],"line":275},"13":{"loc":{"start":{"line":283,"column":14},"end":{"line":294,"column":27}},"type":"cond-expr","locations":[{"start":{"line":284,"column":14},"end":{"line":293,"column":20}},{"start":{"line":294,"column":14},"end":{"line":294,"column":27}}],"line":283},"14":{"loc":{"start":{"line":304,"column":50},"end":{"line":304,"column":72}},"type":"binary-expr","locations":[{"start":{"line":304,"column":50},"end":{"line":304,"column":57}},{"start":{"line":304,"column":61},"end":{"line":304,"column":72}}],"line":304}},"s":{"0":2,"1":2,"2":2,"3":2,"4":2,"5":2,"6":2,"7":2,"8":2,"9":2,"10":2,"11":2,"12":2,"13":2,"14":2,"15":1,"16":1,"17":0,"18":2,"19":1,"20":1,"21":1,"22":1,"23":1,"24":1,"25":1,"26":1,"27":1,"28":1,"29":1,"30":1,"31":0,"32":0,"33":0,"34":0,"35":0,"36":0,"37":0,"38":0,"39":0,"40":0,"41":0,"42":0,"43":0,"44":2,"45":2,"46":2,"47":1,"48":0,"49":0,"50":0,"51":0,"52":0,"53":1,"54":1,"55":0,"56":0,"57":0,"58":0,"59":0,"60":0,"61":0,"62":0,"63":0,"64":1,"65":1,"66":1,"67":1,"68":1,"69":1,"70":16,"71":16},"f":{"0":2,"1":2,"2":1,"3":1,"4":0,"5":2,"6":1,"7":1,"8":1,"9":1,"10":0,"11":0,"12":2,"13":1,"14":0,"15":1,"16":0,"17":0,"18":0,"19":1,"20":1,"21":1,"22":16},"b":{"0":[2,0],"1":[2,0],"2":[2,0],"3":[2,0],"4":[1,1],"5":[2,1],"6":[1,0],"7":[1,0],"8":[1,0],"9":[0,0],"10":[0,0],"11":[4,12],"12":[15,1],"13":[15,1],"14":[16,14]},"_coverageSchema":"332fd63041d2c1bcb487cc26dd0d5f7d97098a6c","hash":"6a40ddf9c5cc0e72766d11d2f40c1f5dce8979c4"}
,"D:\\git\\xray-test\\src\\components\\CreateTest\\index.js": {"path":"D:\\git\\xray-test\\src\\components\\CreateTest\\index.js","statementMap":{"0":{"start":{"line":7,"column":4},"end":{"line":7,"column":16}},"1":{"start":{"line":9,"column":4},"end":{"line":13,"column":5}},"2":{"start":{"line":15,"column":4},"end":{"line":15,"column":53}},"3":{"start":{"line":16,"column":4},"end":{"line":16,"column":53}},"4":{"start":{"line":17,"column":4},"end":{"line":17,"column":47}},"5":{"start":{"line":21,"column":4},"end":{"line":21,"column":23}},"6":{"start":{"line":23,"column":21},"end":{"line":23,"column":31}},"7":{"start":{"line":25,"column":4},"end":{"line":25,"column":37}},"8":{"start":{"line":27,"column":4},"end":{"line":30,"column":64}},"9":{"start":{"line":28,"column":28},"end":{"line":28,"column":62}},"10":{"start":{"line":30,"column":30},"end":{"line":30,"column":63}},"11":{"start":{"line":34,"column":17},"end":{"line":34,"column":19}},"12":{"start":{"line":36,"column":4},"end":{"line":36,"column":39}},"13":{"start":{"line":38,"column":4},"end":{"line":38,"column":24}},"14":{"start":{"line":42,"column":24},"end":{"line":42,"column":34}},"15":{"start":{"line":44,"column":4},"end":{"line":61,"column":5}}},"fnMap":{"0":{"name":"(anonymous_0)","decl":{"start":{"line":6,"column":2},"end":{"line":6,"column":3}},"loc":{"start":{"line":6,"column":22},"end":{"line":18,"column":3}},"line":6},"1":{"name":"(anonymous_1)","decl":{"start":{"line":20,"column":2},"end":{"line":20,"column":3}},"loc":{"start":{"line":20,"column":19},"end":{"line":31,"column":3}},"line":20},"2":{"name":"(anonymous_2)","decl":{"start":{"line":28,"column":21},"end":{"line":28,"column":22}},"loc":{"start":{"line":28,"column":28},"end":{"line":28,"column":62}},"line":28},"3":{"name":"(anonymous_3)","decl":{"start":{"line":30,"column":24},"end":{"line":30,"column":25}},"loc":{"start":{"line":30,"column":30},"end":{"line":30,"column":63}},"line":30},"4":{"name":"(anonymous_4)","decl":{"start":{"line":33,"column":2},"end":{"line":33,"column":3}},"loc":{"start":{"line":33,"column":19},"end":{"line":39,"column":3}},"line":33},"5":{"name":"(anonymous_5)","decl":{"start":{"line":41,"column":2},"end":{"line":41,"column":3}},"loc":{"start":{"line":41,"column":12},"end":{"line":62,"column":3}},"line":41}},"branchMap":{"0":{"loc":{"start":{"line":17,"column":20},"end":{"line":17,"column":46}},"type":"binary-expr","locations":[{"start":{"line":17,"column":20},"end":{"line":17,"column":34}},{"start":{"line":17,"column":38},"end":{"line":17,"column":46}}],"line":17}},"s":{"0":1,"1":1,"2":1,"3":1,"4":1,"5":1,"6":1,"7":1,"8":1,"9":1,"10":1,"11":1,"12":1,"13":1,"14":7,"15":7},"f":{"0":1,"1":1,"2":1,"3":1,"4":1,"5":7},"b":{"0":[1,0]},"_coverageSchema":"332fd63041d2c1bcb487cc26dd0d5f7d97098a6c","hash":"32226895041ec44641308d615bcc7784bf604c04"}
,"D:\\git\\xray-test\\src\\components\\Drawer\\index.js": {"path":"D:\\git\\xray-test\\src\\components\\Drawer\\index.js","statementMap":{"0":{"start":{"line":3,"column":4},"end":{"line":3,"column":25}},"1":{"start":{"line":4,"column":4},"end":{"line":4,"column":44}},"2":{"start":{"line":6,"column":4},"end":{"line":6,"column":20}},"3":{"start":{"line":8,"column":4},"end":{"line":8,"column":16}},"4":{"start":{"line":9,"column":4},"end":{"line":9,"column":16}},"5":{"start":{"line":10,"column":4},"end":{"line":10,"column":16}},"6":{"start":{"line":11,"column":4},"end":{"line":11,"column":16}},"7":{"start":{"line":13,"column":4},"end":{"line":13,"column":39}},"8":{"start":{"line":15,"column":4},"end":{"line":15,"column":26}},"9":{"start":{"line":16,"column":4},"end":{"line":16,"column":27}},"10":{"start":{"line":18,"column":4},"end":{"line":18,"column":55}},"11":{"start":{"line":19,"column":4},"end":{"line":19,"column":59}},"12":{"start":{"line":20,"column":4},"end":{"line":20,"column":59}},"13":{"start":{"line":21,"column":4},"end":{"line":21,"column":49}},"14":{"start":{"line":25,"column":4},"end":{"line":25,"column":26}},"15":{"start":{"line":27,"column":4},"end":{"line":27,"column":24}},"16":{"start":{"line":28,"column":4},"end":{"line":28,"column":24}},"17":{"start":{"line":32,"column":4},"end":{"line":42,"column":5}},"18":{"start":{"line":33,"column":6},"end":{"line":33,"column":31}},"19":{"start":{"line":35,"column":6},"end":{"line":35,"column":26}},"20":{"start":{"line":36,"column":6},"end":{"line":36,"column":26}},"21":{"start":{"line":38,"column":29},"end":{"line":38,"column":53}},"22":{"start":{"line":40,"column":6},"end":{"line":40,"column":36}},"23":{"start":{"line":41,"column":6},"end":{"line":41,"column":43}},"24":{"start":{"line":46,"column":4},"end":{"line":46,"column":27}},"25":{"start":{"line":48,"column":4},"end":{"line":48,"column":29}},"26":{"start":{"line":50,"column":4},"end":{"line":50,"column":24}},"27":{"start":{"line":51,"column":4},"end":{"line":51,"column":24}},"28":{"start":{"line":53,"column":27},"end":{"line":53,"column":51}},"29":{"start":{"line":55,"column":4},"end":{"line":55,"column":34}},"30":{"start":{"line":56,"column":4},"end":{"line":56,"column":39}},"31":{"start":{"line":57,"column":4},"end":{"line":57,"column":21}},"32":{"start":{"line":61,"column":4},"end":{"line":61,"column":33}},"33":{"start":{"line":62,"column":4},"end":{"line":62,"column":37}},"34":{"start":{"line":63,"column":4},"end":{"line":63,"column":22}},"35":{"start":{"line":67,"column":34},"end":{"line":67,"column":53}},"36":{"start":{"line":69,"column":4},"end":{"line":69,"column":60}},"37":{"start":{"line":70,"column":4},"end":{"line":70,"column":25}},"38":{"start":{"line":74,"column":25},"end":{"line":74,"column":47}},"39":{"start":{"line":75,"column":28},"end":{"line":75,"column":53}},"40":{"start":{"line":77,"column":4},"end":{"line":77,"column":59}},"41":{"start":{"line":84,"column":4},"end":{"line":84,"column":27}},"42":{"start":{"line":86,"column":4},"end":{"line":95,"column":6}},"43":{"start":{"line":87,"column":29},"end":{"line":87,"column":59}},"44":{"start":{"line":88,"column":20},"end":{"line":88,"column":49}},"45":{"start":{"line":89,"column":21},"end":{"line":89,"column":50}},"46":{"start":{"line":91,"column":6},"end":{"line":91,"column":33}},"47":{"start":{"line":92,"column":6},"end":{"line":92,"column":34}},"48":{"start":{"line":94,"column":6},"end":{"line":94,"column":36}},"49":{"start":{"line":99,"column":31},"end":{"line":99,"column":35}},"50":{"start":{"line":101,"column":4},"end":{"line":101,"column":47}},"51":{"start":{"line":105,"column":31},"end":{"line":105,"column":35}},"52":{"start":{"line":107,"column":4},"end":{"line":107,"column":47}},"53":{"start":{"line":111,"column":25},"end":{"line":111,"column":47}},"54":{"start":{"line":112,"column":28},"end":{"line":112,"column":53}},"55":{"start":{"line":114,"column":16},"end":{"line":114,"column":52}},"56":{"start":{"line":115,"column":17},"end":{"line":115,"column":53}},"57":{"start":{"line":117,"column":4},"end":{"line":117,"column":44}},"58":{"start":{"line":121,"column":4},"end":{"line":121,"column":67}},"59":{"start":{"line":122,"column":4},"end":{"line":122,"column":63}},"60":{"start":{"line":123,"column":4},"end":{"line":123,"column":67}},"61":{"start":{"line":127,"column":4},"end":{"line":127,"column":70}},"62":{"start":{"line":128,"column":4},"end":{"line":128,"column":66}},"63":{"start":{"line":129,"column":4},"end":{"line":129,"column":70}},"64":{"start":{"line":133,"column":4},"end":{"line":133,"column":22}},"65":{"start":{"line":137,"column":4},"end":{"line":137,"column":20}},"66":{"start":{"line":138,"column":4},"end":{"line":138,"column":68}},"67":{"start":{"line":139,"column":4},"end":{"line":139,"column":25}},"68":{"start":{"line":143,"column":4},"end":{"line":143,"column":26}},"69":{"start":{"line":144,"column":4},"end":{"line":144,"column":22}}},"fnMap":{"0":{"name":"(anonymous_0)","decl":{"start":{"line":2,"column":2},"end":{"line":2,"column":3}},"loc":{"start":{"line":2,"column":23},"end":{"line":22,"column":3}},"line":2},"1":{"name":"(anonymous_1)","decl":{"start":{"line":24,"column":2},"end":{"line":24,"column":3}},"loc":{"start":{"line":24,"column":22},"end":{"line":29,"column":3}},"line":24},"2":{"name":"(anonymous_2)","decl":{"start":{"line":31,"column":2},"end":{"line":31,"column":3}},"loc":{"start":{"line":31,"column":22},"end":{"line":43,"column":3}},"line":31},"3":{"name":"(anonymous_3)","decl":{"start":{"line":45,"column":2},"end":{"line":45,"column":3}},"loc":{"start":{"line":45,"column":20},"end":{"line":58,"column":3}},"line":45},"4":{"name":"(anonymous_4)","decl":{"start":{"line":60,"column":2},"end":{"line":60,"column":3}},"loc":{"start":{"line":60,"column":43},"end":{"line":64,"column":3}},"line":60},"5":{"name":"(anonymous_5)","decl":{"start":{"line":66,"column":2},"end":{"line":66,"column":3}},"loc":{"start":{"line":66,"column":23},"end":{"line":71,"column":3}},"line":66},"6":{"name":"(anonymous_6)","decl":{"start":{"line":73,"column":2},"end":{"line":73,"column":3}},"loc":{"start":{"line":73,"column":15},"end":{"line":78,"column":3}},"line":73},"7":{"name":"(anonymous_7)","decl":{"start":{"line":83,"column":2},"end":{"line":83,"column":3}},"loc":{"start":{"line":83,"column":27},"end":{"line":96,"column":3}},"line":83},"8":{"name":"(anonymous_8)","decl":{"start":{"line":86,"column":22},"end":{"line":86,"column":23}},"loc":{"start":{"line":86,"column":36},"end":{"line":95,"column":5}},"line":86},"9":{"name":"(anonymous_9)","decl":{"start":{"line":98,"column":2},"end":{"line":98,"column":3}},"loc":{"start":{"line":98,"column":21},"end":{"line":102,"column":3}},"line":98},"10":{"name":"(anonymous_10)","decl":{"start":{"line":104,"column":2},"end":{"line":104,"column":3}},"loc":{"start":{"line":104,"column":24},"end":{"line":108,"column":3}},"line":104},"11":{"name":"(anonymous_11)","decl":{"start":{"line":110,"column":2},"end":{"line":110,"column":3}},"loc":{"start":{"line":110,"column":23},"end":{"line":118,"column":3}},"line":110},"12":{"name":"(anonymous_12)","decl":{"start":{"line":120,"column":2},"end":{"line":120,"column":3}},"loc":{"start":{"line":120,"column":11},"end":{"line":124,"column":3}},"line":120},"13":{"name":"(anonymous_13)","decl":{"start":{"line":126,"column":2},"end":{"line":126,"column":3}},"loc":{"start":{"line":126,"column":20},"end":{"line":130,"column":3}},"line":126},"14":{"name":"(anonymous_14)","decl":{"start":{"line":132,"column":2},"end":{"line":132,"column":3}},"loc":{"start":{"line":132,"column":14},"end":{"line":134,"column":3}},"line":132},"15":{"name":"(anonymous_15)","decl":{"start":{"line":136,"column":2},"end":{"line":136,"column":3}},"loc":{"start":{"line":136,"column":16},"end":{"line":140,"column":3}},"line":136},"16":{"name":"(anonymous_16)","decl":{"start":{"line":142,"column":2},"end":{"line":142,"column":3}},"loc":{"start":{"line":142,"column":11},"end":{"line":145,"column":3}},"line":142}},"branchMap":{"0":{"loc":{"start":{"line":32,"column":4},"end":{"line":42,"column":5}},"type":"if","locations":[{"start":{"line":32,"column":4},"end":{"line":42,"column":5}},{"start":{"line":32,"column":4},"end":{"line":42,"column":5}}],"line":32},"1":{"loc":{"start":{"line":60,"column":28},"end":{"line":60,"column":41}},"type":"default-arg","locations":[{"start":{"line":60,"column":36},"end":{"line":60,"column":41}}],"line":60}},"s":{"0":0,"1":0,"2":0,"3":0,"4":0,"5":0,"6":0,"7":0,"8":0,"9":0,"10":0,"11":0,"12":0,"13":0,"14":0,"15":0,"16":0,"17":0,"18":0,"19":0,"20":0,"21":0,"22":0,"23":0,"24":0,"25":0,"26":0,"27":0,"28":0,"29":0,"30":0,"31":0,"32":0,"33":0,"34":0,"35":0,"36":0,"37":0,"38":0,"39":0,"40":0,"41":0,"42":0,"43":0,"44":0,"45":0,"46":0,"47":0,"48":0,"49":0,"50":0,"51":0,"52":0,"53":0,"54":0,"55":0,"56":0,"57":0,"58":0,"59":0,"60":0,"61":0,"62":0,"63":0,"64":0,"65":0,"66":0,"67":0,"68":0,"69":0},"f":{"0":0,"1":0,"2":0,"3":0,"4":0,"5":0,"6":0,"7":0,"8":0,"9":0,"10":0,"11":0,"12":0,"13":0,"14":0,"15":0,"16":0},"b":{"0":[0,0],"1":[0]},"_coverageSchema":"332fd63041d2c1bcb487cc26dd0d5f7d97098a6c","hash":"bbdd9cc2394d59c60fe1abff0420f61d1f816747"}
,"D:\\git\\xray-test\\src\\components\\Forbidden\\index.js": {"path":"D:\\git\\xray-test\\src\\components\\Forbidden\\index.js","statementMap":{"0":{"start":{"line":6,"column":4},"end":{"line":11,"column":5}}},"fnMap":{"0":{"name":"(anonymous_0)","decl":{"start":{"line":5,"column":2},"end":{"line":5,"column":3}},"loc":{"start":{"line":5,"column":12},"end":{"line":12,"column":3}},"line":5}},"branchMap":{},"s":{"0":1},"f":{"0":1},"b":{},"_coverageSchema":"332fd63041d2c1bcb487cc26dd0d5f7d97098a6c","hash":"bafd654c171ad4c682c7f863953931fa06765a51"}
,"D:\\git\\xray-test\\src\\components\\Header\\Login.js": {"path":"D:\\git\\xray-test\\src\\components\\Header\\Login.js","statementMap":{"0":{"start":{"line":6,"column":14},"end":{"line":26,"column":1}},"1":{"start":{"line":7,"column":41},"end":{"line":7,"column":46}},"2":{"start":{"line":9,"column":2},"end":{"line":25,"column":3}},"3":{"start":{"line":28,"column":0},"end":{"line":30,"column":1}}},"fnMap":{"0":{"name":"(anonymous_0)","decl":{"start":{"line":6,"column":14},"end":{"line":6,"column":15}},"loc":{"start":{"line":6,"column":23},"end":{"line":26,"column":1}},"line":6}},"branchMap":{"0":{"loc":{"start":{"line":12,"column":10},"end":{"line":15,"column":14}},"type":"cond-expr","locations":[{"start":{"line":13,"column":12},"end":{"line":13,"column":88}},{"start":{"line":15,"column":12},"end":{"line":15,"column":14}}],"line":12}},"s":{"0":3,"1":10,"2":10,"3":3},"f":{"0":10},"b":{"0":[1,9]},"_coverageSchema":"332fd63041d2c1bcb487cc26dd0d5f7d97098a6c","hash":"89f240a60f08fd368fa2b508bfbc309a2ba62296"}
,"D:\\git\\xray-test\\src\\components\\Header\\index.js": {"path":"D:\\git\\xray-test\\src\\components\\Header\\index.js","statementMap":{"0":{"start":{"line":7,"column":15},"end":{"line":27,"column":1}},"1":{"start":{"line":8,"column":47},"end":{"line":8,"column":52}},"2":{"start":{"line":10,"column":2},"end":{"line":26,"column":3}},"3":{"start":{"line":29,"column":0},"end":{"line":33,"column":1}}},"fnMap":{"0":{"name":"(anonymous_0)","decl":{"start":{"line":7,"column":15},"end":{"line":7,"column":16}},"loc":{"start":{"line":7,"column":24},"end":{"line":27,"column":1}},"line":7}},"branchMap":{"0":{"loc":{"start":{"line":16,"column":8},"end":{"line":23,"column":54}},"type":"cond-expr","locations":[{"start":{"line":17,"column":12},"end":{"line":22,"column":16}},{"start":{"line":23,"column":12},"end":{"line":23,"column":54}}],"line":16}},"s":{"0":2,"1":9,"2":9,"3":2},"f":{"0":9},"b":{"0":[3,6]},"_coverageSchema":"332fd63041d2c1bcb487cc26dd0d5f7d97098a6c","hash":"88ba16c70e5f05358073f9f17e32ff31358b07e5"}
,"D:\\git\\xray-test\\src\\components\\Menu\\index.js": {"path":"D:\\git\\xray-test\\src\\components\\Menu\\index.js","statementMap":{"0":{"start":{"line":7,"column":4},"end":{"line":16,"column":5}}},"fnMap":{"0":{"name":"(anonymous_0)","decl":{"start":{"line":6,"column":2},"end":{"line":6,"column":3}},"loc":{"start":{"line":6,"column":12},"end":{"line":17,"column":3}},"line":6}},"branchMap":{},"s":{"0":8},"f":{"0":8},"b":{},"_coverageSchema":"332fd63041d2c1bcb487cc26dd0d5f7d97098a6c","hash":"a15f935216c13409e5fe1f02f5e4ae37cfc3ca7a"}
,"D:\\git\\xray-test\\src\\components\\Test\\Slide.js": {"path":"D:\\git\\xray-test\\src\\components\\Test\\Slide.js","statementMap":{"0":{"start":{"line":10,"column":4},"end":{"line":10,"column":17}},"1":{"start":{"line":12,"column":35},"end":{"line":12,"column":45}},"2":{"start":{"line":13,"column":23},"end":{"line":13,"column":40}},"3":{"start":{"line":14,"column":29},"end":{"line":14,"column":48}},"4":{"start":{"line":16,"column":4},"end":{"line":28,"column":5}},"5":{"start":{"line":30,"column":4},"end":{"line":30,"column":45}},"6":{"start":{"line":31,"column":4},"end":{"line":31,"column":53}},"7":{"start":{"line":32,"column":4},"end":{"line":32,"column":63}},"8":{"start":{"line":33,"column":4},"end":{"line":33,"column":51}},"9":{"start":{"line":34,"column":4},"end":{"line":34,"column":63}},"10":{"start":{"line":35,"column":4},"end":{"line":35,"column":51}},"11":{"start":{"line":36,"column":4},"end":{"line":36,"column":51}},"12":{"start":{"line":37,"column":4},"end":{"line":37,"column":55}},"13":{"start":{"line":38,"column":4},"end":{"line":38,"column":57}},"14":{"start":{"line":39,"column":4},"end":{"line":39,"column":47}},"15":{"start":{"line":41,"column":4},"end":{"line":41,"column":21}},"16":{"start":{"line":45,"column":27},"end":{"line":45,"column":37}},"17":{"start":{"line":47,"column":4},"end":{"line":47,"column":86}},"18":{"start":{"line":48,"column":4},"end":{"line":48,"column":72}},"19":{"start":{"line":49,"column":4},"end":{"line":49,"column":26}},"20":{"start":{"line":53,"column":25},"end":{"line":53,"column":43}},"21":{"start":{"line":54,"column":24},"end":{"line":54,"column":43}},"22":{"start":{"line":56,"column":4},"end":{"line":58,"column":5}},"23":{"start":{"line":57,"column":7},"end":{"line":57,"column":28}},"24":{"start":{"line":62,"column":4},"end":{"line":62,"column":23}},"25":{"start":{"line":66,"column":35},"end":{"line":66,"column":45}},"26":{"start":{"line":68,"column":4},"end":{"line":76,"column":27}},"27":{"start":{"line":85,"column":4},"end":{"line":85,"column":31}},"28":{"start":{"line":87,"column":23},"end":{"line":87,"column":34}},"29":{"start":{"line":89,"column":4},"end":{"line":89,"column":49}},"30":{"start":{"line":90,"column":4},"end":{"line":98,"column":5}},"31":{"start":{"line":91,"column":6},"end":{"line":91,"column":43}},"32":{"start":{"line":92,"column":6},"end":{"line":97,"column":31}},"33":{"start":{"line":94,"column":12},"end":{"line":94,"column":37}},"34":{"start":{"line":95,"column":12},"end":{"line":95,"column":50}},"35":{"start":{"line":107,"column":4},"end":{"line":114,"column":7}},"36":{"start":{"line":108,"column":19},"end":{"line":108,"column":45}},"37":{"start":{"line":109,"column":19},"end":{"line":109,"column":39}},"38":{"start":{"line":112,"column":8},"end":{"line":113,"column":82}},"39":{"start":{"line":112,"column":45},"end":{"line":112,"column":55}},"40":{"start":{"line":113,"column":13},"end":{"line":113,"column":82}},"41":{"start":{"line":122,"column":30},"end":{"line":122,"column":60}},"42":{"start":{"line":124,"column":4},"end":{"line":124,"column":39}},"43":{"start":{"line":125,"column":4},"end":{"line":125,"column":41}},"44":{"start":{"line":126,"column":4},"end":{"line":126,"column":45}},"45":{"start":{"line":127,"column":4},"end":{"line":127,"column":47}},"46":{"start":{"line":135,"column":4},"end":{"line":135,"column":74}},"47":{"start":{"line":144,"column":28},"end":{"line":144,"column":47}},"48":{"start":{"line":145,"column":4},"end":{"line":145,"column":77}},"49":{"start":{"line":145,"column":32},"end":{"line":145,"column":77}},"50":{"start":{"line":147,"column":4},"end":{"line":147,"column":17}},"51":{"start":{"line":155,"column":4},"end":{"line":155,"column":56}},"52":{"start":{"line":163,"column":4},"end":{"line":163,"column":62}},"53":{"start":{"line":167,"column":25},"end":{"line":167,"column":44}},"54":{"start":{"line":168,"column":25},"end":{"line":168,"column":44}},"55":{"start":{"line":170,"column":4},"end":{"line":175,"column":33}},"56":{"start":{"line":171,"column":6},"end":{"line":174,"column":29}},"57":{"start":{"line":175,"column":11},"end":{"line":175,"column":33}},"58":{"start":{"line":186,"column":24},"end":{"line":186,"column":42}},"59":{"start":{"line":188,"column":4},"end":{"line":188,"column":52}},"60":{"start":{"line":197,"column":34},"end":{"line":197,"column":53}},"61":{"start":{"line":199,"column":4},"end":{"line":199,"column":55}},"62":{"start":{"line":200,"column":4},"end":{"line":200,"column":48}},"63":{"start":{"line":208,"column":4},"end":{"line":210,"column":7}},"64":{"start":{"line":209,"column":6},"end":{"line":209,"column":25}},"65":{"start":{"line":212,"column":4},"end":{"line":212,"column":21}},"66":{"start":{"line":216,"column":25},"end":{"line":216,"column":35}},"67":{"start":{"line":217,"column":38},"end":{"line":217,"column":57}},"68":{"start":{"line":218,"column":25},"end":{"line":218,"column":44}},"69":{"start":{"line":220,"column":4},"end":{"line":225,"column":5}},"70":{"start":{"line":223,"column":6},"end":{"line":223,"column":57}},"71":{"start":{"line":224,"column":6},"end":{"line":224,"column":99}},"72":{"start":{"line":227,"column":4},"end":{"line":227,"column":17}},"73":{"start":{"line":231,"column":4},"end":{"line":231,"column":49}},"74":{"start":{"line":235,"column":4},"end":{"line":235,"column":16}},"75":{"start":{"line":237,"column":25},"end":{"line":237,"column":35}},"76":{"start":{"line":238,"column":25},"end":{"line":238,"column":44}},"77":{"start":{"line":239,"column":28},"end":{"line":239,"column":47}},"78":{"start":{"line":241,"column":4},"end":{"line":243,"column":5}},"79":{"start":{"line":242,"column":6},"end":{"line":242,"column":98}},"80":{"start":{"line":245,"column":4},"end":{"line":245,"column":55}},"81":{"start":{"line":249,"column":14},"end":{"line":249,"column":23}},"82":{"start":{"line":250,"column":14},"end":{"line":250,"column":23}},"83":{"start":{"line":251,"column":25},"end":{"line":251,"column":35}},"84":{"start":{"line":252,"column":28},"end":{"line":252,"column":47}},"85":{"start":{"line":253,"column":25},"end":{"line":253,"column":44}},"86":{"start":{"line":254,"column":20},"end":{"line":256,"column":5}},"87":{"start":{"line":255,"column":6},"end":{"line":255,"column":62}},"88":{"start":{"line":258,"column":4},"end":{"line":261,"column":5}},"89":{"start":{"line":259,"column":6},"end":{"line":260,"column":91}},"90":{"start":{"line":259,"column":19},"end":{"line":259,"column":41}},"91":{"start":{"line":260,"column":11},"end":{"line":260,"column":91}},"92":{"start":{"line":263,"column":4},"end":{"line":263,"column":35}},"93":{"start":{"line":263,"column":17},"end":{"line":263,"column":35}},"94":{"start":{"line":267,"column":4},"end":{"line":270,"column":7}},"95":{"start":{"line":268,"column":6},"end":{"line":268,"column":34}},"96":{"start":{"line":269,"column":6},"end":{"line":269,"column":75}},"97":{"start":{"line":274,"column":18},"end":{"line":274,"column":58}},"98":{"start":{"line":276,"column":4},"end":{"line":276,"column":29}},"99":{"start":{"line":276,"column":16},"end":{"line":276,"column":29}},"100":{"start":{"line":278,"column":4},"end":{"line":278,"column":67}},"101":{"start":{"line":279,"column":4},"end":{"line":279,"column":67}},"102":{"start":{"line":280,"column":4},"end":{"line":280,"column":64}},"103":{"start":{"line":280,"column":24},"end":{"line":280,"column":58}},"104":{"start":{"line":284,"column":4},"end":{"line":284,"column":38}},"105":{"start":{"line":285,"column":4},"end":{"line":285,"column":23}},"106":{"start":{"line":286,"column":4},"end":{"line":286,"column":26}},"107":{"start":{"line":287,"column":4},"end":{"line":287,"column":22}},"108":{"start":{"line":291,"column":23},"end":{"line":291,"column":33}},"109":{"start":{"line":292,"column":27},"end":{"line":292,"column":37}},"110":{"start":{"line":294,"column":4},"end":{"line":294,"column":30}},"111":{"start":{"line":298,"column":29},"end":{"line":298,"column":39}},"112":{"start":{"line":300,"column":4},"end":{"line":300,"column":63}},"113":{"start":{"line":302,"column":4},"end":{"line":302,"column":26}},"114":{"start":{"line":306,"column":107},"end":{"line":306,"column":117}},"115":{"start":{"line":307,"column":28},"end":{"line":307,"column":47}},"116":{"start":{"line":308,"column":30},"end":{"line":308,"column":38}},"117":{"start":{"line":310,"column":4},"end":{"line":360,"column":5}},"118":{"start":{"line":344,"column":73},"end":{"line":344,"column":98}},"119":{"start":{"line":364,"column":0},"end":{"line":369,"column":1}}},"fnMap":{"0":{"name":"(anonymous_0)","decl":{"start":{"line":9,"column":2},"end":{"line":9,"column":3}},"loc":{"start":{"line":9,"column":22},"end":{"line":42,"column":3}},"line":9},"1":{"name":"(anonymous_1)","decl":{"start":{"line":44,"column":2},"end":{"line":44,"column":3}},"loc":{"start":{"line":44,"column":23},"end":{"line":50,"column":3}},"line":44},"2":{"name":"(anonymous_2)","decl":{"start":{"line":52,"column":2},"end":{"line":52,"column":3}},"loc":{"start":{"line":52,"column":44},"end":{"line":59,"column":3}},"line":52},"3":{"name":"(anonymous_3)","decl":{"start":{"line":61,"column":2},"end":{"line":61,"column":3}},"loc":{"start":{"line":61,"column":26},"end":{"line":63,"column":3}},"line":61},"4":{"name":"(anonymous_4)","decl":{"start":{"line":65,"column":2},"end":{"line":65,"column":3}},"loc":{"start":{"line":65,"column":20},"end":{"line":77,"column":3}},"line":65},"5":{"name":"(anonymous_5)","decl":{"start":{"line":84,"column":2},"end":{"line":84,"column":3}},"loc":{"start":{"line":84,"column":19},"end":{"line":99,"column":3}},"line":84},"6":{"name":"(anonymous_6)","decl":{"start":{"line":90,"column":24},"end":{"line":90,"column":25}},"loc":{"start":{"line":90,"column":30},"end":{"line":98,"column":5}},"line":90},"7":{"name":"(anonymous_7)","decl":{"start":{"line":93,"column":16},"end":{"line":93,"column":17}},"loc":{"start":{"line":93,"column":22},"end":{"line":96,"column":11}},"line":93},"8":{"name":"(anonymous_8)","decl":{"start":{"line":106,"column":2},"end":{"line":106,"column":3}},"loc":{"start":{"line":106,"column":22},"end":{"line":115,"column":3}},"line":106},"9":{"name":"(anonymous_9)","decl":{"start":{"line":107,"column":23},"end":{"line":107,"column":24}},"loc":{"start":{"line":107,"column":44},"end":{"line":114,"column":5}},"line":107},"10":{"name":"(anonymous_10)","decl":{"start":{"line":121,"column":2},"end":{"line":121,"column":3}},"loc":{"start":{"line":121,"column":25},"end":{"line":128,"column":3}},"line":121},"11":{"name":"(anonymous_11)","decl":{"start":{"line":134,"column":2},"end":{"line":134,"column":3}},"loc":{"start":{"line":134,"column":27},"end":{"line":136,"column":3}},"line":134},"12":{"name":"(anonymous_12)","decl":{"start":{"line":143,"column":2},"end":{"line":143,"column":3}},"loc":{"start":{"line":143,"column":21},"end":{"line":148,"column":3}},"line":143},"13":{"name":"(anonymous_13)","decl":{"start":{"line":154,"column":2},"end":{"line":154,"column":3}},"loc":{"start":{"line":154,"column":19},"end":{"line":156,"column":3}},"line":154},"14":{"name":"(anonymous_14)","decl":{"start":{"line":162,"column":2},"end":{"line":162,"column":3}},"loc":{"start":{"line":162,"column":25},"end":{"line":164,"column":3}},"line":162},"15":{"name":"(anonymous_15)","decl":{"start":{"line":166,"column":2},"end":{"line":166,"column":3}},"loc":{"start":{"line":166,"column":14},"end":{"line":176,"column":3}},"line":166},"16":{"name":"(anonymous_16)","decl":{"start":{"line":185,"column":2},"end":{"line":185,"column":3}},"loc":{"start":{"line":185,"column":22},"end":{"line":189,"column":3}},"line":185},"17":{"name":"(anonymous_17)","decl":{"start":{"line":196,"column":2},"end":{"line":196,"column":3}},"loc":{"start":{"line":196,"column":23},"end":{"line":201,"column":3}},"line":196},"18":{"name":"(anonymous_18)","decl":{"start":{"line":207,"column":2},"end":{"line":207,"column":3}},"loc":{"start":{"line":207,"column":17},"end":{"line":213,"column":3}},"line":207},"19":{"name":"(anonymous_19)","decl":{"start":{"line":208,"column":24},"end":{"line":208,"column":25}},"loc":{"start":{"line":208,"column":33},"end":{"line":210,"column":5}},"line":208},"20":{"name":"(anonymous_20)","decl":{"start":{"line":215,"column":2},"end":{"line":215,"column":3}},"loc":{"start":{"line":215,"column":17},"end":{"line":228,"column":3}},"line":215},"21":{"name":"(anonymous_21)","decl":{"start":{"line":230,"column":2},"end":{"line":230,"column":3}},"loc":{"start":{"line":230,"column":17},"end":{"line":232,"column":3}},"line":230},"22":{"name":"(anonymous_22)","decl":{"start":{"line":234,"column":2},"end":{"line":234,"column":3}},"loc":{"start":{"line":234,"column":24},"end":{"line":246,"column":3}},"line":234},"23":{"name":"(anonymous_23)","decl":{"start":{"line":248,"column":2},"end":{"line":248,"column":3}},"loc":{"start":{"line":248,"column":31},"end":{"line":264,"column":3}},"line":248},"24":{"name":"(anonymous_24)","decl":{"start":{"line":254,"column":37},"end":{"line":254,"column":38}},"loc":{"start":{"line":255,"column":6},"end":{"line":255,"column":62}},"line":255},"25":{"name":"(anonymous_25)","decl":{"start":{"line":266,"column":2},"end":{"line":266,"column":3}},"loc":{"start":{"line":266,"column":16},"end":{"line":271,"column":3}},"line":266},"26":{"name":"(anonymous_26)","decl":{"start":{"line":267,"column":41},"end":{"line":267,"column":42}},"loc":{"start":{"line":267,"column":47},"end":{"line":270,"column":5}},"line":267},"27":{"name":"(anonymous_27)","decl":{"start":{"line":273,"column":2},"end":{"line":273,"column":3}},"loc":{"start":{"line":273,"column":26},"end":{"line":281,"column":3}},"line":273},"28":{"name":"(anonymous_28)","decl":{"start":{"line":280,"column":18},"end":{"line":280,"column":19}},"loc":{"start":{"line":280,"column":24},"end":{"line":280,"column":58}},"line":280},"29":{"name":"(anonymous_29)","decl":{"start":{"line":283,"column":2},"end":{"line":283,"column":3}},"loc":{"start":{"line":283,"column":20},"end":{"line":288,"column":3}},"line":283},"30":{"name":"(anonymous_30)","decl":{"start":{"line":290,"column":2},"end":{"line":290,"column":3}},"loc":{"start":{"line":290,"column":16},"end":{"line":295,"column":3}},"line":290},"31":{"name":"(anonymous_31)","decl":{"start":{"line":297,"column":2},"end":{"line":297,"column":3}},"loc":{"start":{"line":297,"column":18},"end":{"line":303,"column":3}},"line":297},"32":{"name":"(anonymous_32)","decl":{"start":{"line":305,"column":2},"end":{"line":305,"column":3}},"loc":{"start":{"line":305,"column":12},"end":{"line":361,"column":3}},"line":305},"33":{"name":"(anonymous_33)","decl":{"start":{"line":344,"column":66},"end":{"line":344,"column":67}},"loc":{"start":{"line":344,"column":73},"end":{"line":344,"column":98}},"line":344},"34":{"name":"(anonymous_34)","decl":{"start":{"line":344,"column":101},"end":{"line":344,"column":102}},"loc":{"start":{"line":344,"column":107},"end":{"line":344,"column":109}},"line":344}},"branchMap":{"0":{"loc":{"start":{"line":47,"column":18},"end":{"line":47,"column":85}},"type":"binary-expr","locations":[{"start":{"line":47,"column":18},"end":{"line":47,"column":35}},{"start":{"line":47,"column":39},"end":{"line":47,"column":85}}],"line":47},"1":{"loc":{"start":{"line":48,"column":25},"end":{"line":48,"column":71}},"type":"binary-expr","locations":[{"start":{"line":48,"column":25},"end":{"line":48,"column":49}},{"start":{"line":48,"column":53},"end":{"line":48,"column":71}}],"line":48},"2":{"loc":{"start":{"line":56,"column":4},"end":{"line":58,"column":5}},"type":"if","locations":[{"start":{"line":56,"column":4},"end":{"line":58,"column":5}},{"start":{"line":56,"column":4},"end":{"line":58,"column":5}}],"line":56},"3":{"loc":{"start":{"line":112,"column":8},"end":{"line":113,"column":82}},"type":"if","locations":[{"start":{"line":112,"column":8},"end":{"line":113,"column":82}},{"start":{"line":112,"column":8},"end":{"line":113,"column":82}}],"line":112},"4":{"loc":{"start":{"line":145,"column":4},"end":{"line":145,"column":77}},"type":"if","locations":[{"start":{"line":145,"column":4},"end":{"line":145,"column":77}},{"start":{"line":145,"column":4},"end":{"line":145,"column":77}}],"line":145},"5":{"loc":{"start":{"line":170,"column":4},"end":{"line":175,"column":33}},"type":"if","locations":[{"start":{"line":170,"column":4},"end":{"line":175,"column":33}},{"start":{"line":170,"column":4},"end":{"line":175,"column":33}}],"line":170},"6":{"loc":{"start":{"line":220,"column":4},"end":{"line":225,"column":5}},"type":"if","locations":[{"start":{"line":220,"column":4},"end":{"line":225,"column":5}},{"start":{"line":220,"column":4},"end":{"line":225,"column":5}}],"line":220},"7":{"loc":{"start":{"line":223,"column":15},"end":{"line":223,"column":56}},"type":"cond-expr","locations":[{"start":{"line":223,"column":34},"end":{"line":223,"column":42}},{"start":{"line":223,"column":45},"end":{"line":223,"column":56}}],"line":223},"8":{"loc":{"start":{"line":241,"column":4},"end":{"line":243,"column":5}},"type":"if","locations":[{"start":{"line":241,"column":4},"end":{"line":243,"column":5}},{"start":{"line":241,"column":4},"end":{"line":243,"column":5}}],"line":241},"9":{"loc":{"start":{"line":241,"column":8},"end":{"line":241,"column":37}},"type":"binary-expr","locations":[{"start":{"line":241,"column":8},"end":{"line":241,"column":24}},{"start":{"line":241,"column":28},"end":{"line":241,"column":37}}],"line":241},"10":{"loc":{"start":{"line":255,"column":6},"end":{"line":255,"column":62}},"type":"binary-expr","locations":[{"start":{"line":255,"column":6},"end":{"line":255,"column":17}},{"start":{"line":255,"column":21},"end":{"line":255,"column":32}},{"start":{"line":255,"column":36},"end":{"line":255,"column":47}},{"start":{"line":255,"column":51},"end":{"line":255,"column":62}}],"line":255},"11":{"loc":{"start":{"line":258,"column":4},"end":{"line":261,"column":5}},"type":"if","locations":[{"start":{"line":258,"column":4},"end":{"line":261,"column":5}},{"start":{"line":258,"column":4},"end":{"line":261,"column":5}}],"line":258},"12":{"loc":{"start":{"line":259,"column":6},"end":{"line":260,"column":91}},"type":"if","locations":[{"start":{"line":259,"column":6},"end":{"line":260,"column":91}},{"start":{"line":259,"column":6},"end":{"line":260,"column":91}}],"line":259},"13":{"loc":{"start":{"line":263,"column":4},"end":{"line":263,"column":35}},"type":"if","locations":[{"start":{"line":263,"column":4},"end":{"line":263,"column":35}},{"start":{"line":263,"column":4},"end":{"line":263,"column":35}}],"line":263},"14":{"loc":{"start":{"line":276,"column":4},"end":{"line":276,"column":29}},"type":"if","locations":[{"start":{"line":276,"column":4},"end":{"line":276,"column":29}},{"start":{"line":276,"column":4},"end":{"line":276,"column":29}}],"line":276},"15":{"loc":{"start":{"line":318,"column":14},"end":{"line":320,"column":16}},"type":"cond-expr","locations":[{"start":{"line":319,"column":14},"end":{"line":319,"column":154}},{"start":{"line":320,"column":14},"end":{"line":320,"column":16}}],"line":318},"16":{"loc":{"start":{"line":319,"column":52},"end":{"line":319,"column":118}},"type":"cond-expr","locations":[{"start":{"line":319,"column":67},"end":{"line":319,"column":74}},{"start":{"line":319,"column":77},"end":{"line":319,"column":118}}],"line":319},"17":{"loc":{"start":{"line":319,"column":77},"end":{"line":319,"column":118}},"type":"cond-expr","locations":[{"start":{"line":319,"column":102},"end":{"line":319,"column":110}},{"start":{"line":319,"column":113},"end":{"line":319,"column":118}}],"line":319},"18":{"loc":{"start":{"line":319,"column":123},"end":{"line":319,"column":146}},"type":"cond-expr","locations":[{"start":{"line":319,"column":134},"end":{"line":319,"column":141}},{"start":{"line":319,"column":144},"end":{"line":319,"column":146}}],"line":319},"19":{"loc":{"start":{"line":325,"column":14},"end":{"line":330,"column":16}},"type":"cond-expr","locations":[{"start":{"line":326,"column":14},"end":{"line":329,"column":22}},{"start":{"line":330,"column":14},"end":{"line":330,"column":16}}],"line":325},"20":{"loc":{"start":{"line":328,"column":30},"end":{"line":328,"column":110}},"type":"cond-expr","locations":[{"start":{"line":328,"column":45},"end":{"line":328,"column":56}},{"start":{"line":328,"column":59},"end":{"line":328,"column":110}}],"line":328},"21":{"loc":{"start":{"line":328,"column":59},"end":{"line":328,"column":110}},"type":"cond-expr","locations":[{"start":{"line":328,"column":84},"end":{"line":328,"column":97}},{"start":{"line":328,"column":100},"end":{"line":328,"column":110}}],"line":328},"22":{"loc":{"start":{"line":334,"column":50},"end":{"line":334,"column":75}},"type":"binary-expr","locations":[{"start":{"line":334,"column":50},"end":{"line":334,"column":58}},{"start":{"line":334,"column":62},"end":{"line":334,"column":75}}],"line":334},"23":{"loc":{"start":{"line":337,"column":14},"end":{"line":340,"column":16}},"type":"cond-expr","locations":[{"start":{"line":338,"column":16},"end":{"line":338,"column":80}},{"start":{"line":340,"column":14},"end":{"line":340,"column":16}}],"line":337},"24":{"loc":{"start":{"line":344,"column":51},"end":{"line":344,"column":109}},"type":"cond-expr","locations":[{"start":{"line":344,"column":66},"end":{"line":344,"column":98}},{"start":{"line":344,"column":101},"end":{"line":344,"column":109}}],"line":344},"25":{"loc":{"start":{"line":347,"column":14},"end":{"line":350,"column":18}},"type":"cond-expr","locations":[{"start":{"line":348,"column":16},"end":{"line":348,"column":72}},{"start":{"line":350,"column":16},"end":{"line":350,"column":18}}],"line":347},"26":{"loc":{"start":{"line":355,"column":52},"end":{"line":355,"column":76}},"type":"binary-expr","locations":[{"start":{"line":355,"column":52},"end":{"line":355,"column":61}},{"start":{"line":355,"column":65},"end":{"line":355,"column":76}}],"line":355},"27":{"loc":{"start":{"line":358,"column":24},"end":{"line":358,"column":64}},"type":"cond-expr","locations":[{"start":{"line":358,"column":38},"end":{"line":358,"column":53}},{"start":{"line":358,"column":56},"end":{"line":358,"column":64}}],"line":358}},"s":{"0":3,"1":3,"2":3,"3":3,"4":3,"5":3,"6":3,"7":3,"8":3,"9":3,"10":3,"11":3,"12":3,"13":3,"14":3,"15":3,"16":3,"17":3,"18":3,"19":3,"20":28,"21":28,"22":28,"23":0,"24":2,"25":3,"26":3,"27":0,"28":0,"29":0,"30":0,"31":0,"32":0,"33":0,"34":0,"35":0,"36":0,"37":0,"38":0,"39":0,"40":0,"41":0,"42":0,"43":0,"44":0,"45":0,"46":0,"47":6,"48":6,"49":4,"50":2,"51":0,"52":0,"53":2,"54":2,"55":2,"56":1,"57":1,"58":3,"59":3,"60":1,"61":1,"62":1,"63":8,"64":2,"65":8,"66":1,"67":1,"68":1,"69":1,"70":1,"71":1,"72":0,"73":1,"74":3,"75":3,"76":3,"77":3,"78":3,"79":1,"80":2,"81":2,"82":2,"83":2,"84":2,"85":2,"86":2,"87":2,"88":2,"89":2,"90":1,"91":1,"92":2,"93":1,"94":1,"95":1,"96":1,"97":1,"98":1,"99":1,"100":0,"101":0,"102":0,"103":0,"104":6,"105":6,"106":6,"107":6,"108":6,"109":6,"110":6,"111":1,"112":1,"113":1,"114":31,"115":31,"116":31,"117":31,"118":3,"119":3},"f":{"0":3,"1":3,"2":28,"3":2,"4":3,"5":0,"6":0,"7":0,"8":0,"9":0,"10":0,"11":0,"12":6,"13":0,"14":0,"15":2,"16":3,"17":1,"18":8,"19":2,"20":1,"21":1,"22":3,"23":2,"24":2,"25":1,"26":1,"27":1,"28":0,"29":6,"30":6,"31":1,"32":31,"33":3,"34":0},"b":{"0":[3,0],"1":[3,0],"2":[0,28],"3":[0,0],"4":[4,2],"5":[1,1],"6":[1,0],"7":[1,0],"8":[1,2],"9":[3,1],"10":[2,2,2,1],"11":[2,0],"12":[1,1],"13":[1,1],"14":[1,0],"15":[8,23],"16":[4,4],"17":[1,3],"18":[8,0],"19":[8,23],"20":[4,4],"21":[1,3],"22":[31,23],"23":[27,4],"24":[13,18],"25":[2,29],"26":[31,8],"27":[1,30]},"_coverageSchema":"332fd63041d2c1bcb487cc26dd0d5f7d97098a6c","hash":"d10dbcdd72cde1856742f97cae5b8d7a63501a44"}
,"D:\\git\\xray-test\\src\\components\\Test\\User.js": {"path":"D:\\git\\xray-test\\src\\components\\Test\\User.js","statementMap":{"0":{"start":{"line":6,"column":13},"end":{"line":30,"column":1}},"1":{"start":{"line":7,"column":41},"end":{"line":7,"column":46}},"2":{"start":{"line":9,"column":2},"end":{"line":29,"column":3}},"3":{"start":{"line":32,"column":0},"end":{"line":35,"column":1}}},"fnMap":{"0":{"name":"(anonymous_0)","decl":{"start":{"line":6,"column":13},"end":{"line":6,"column":14}},"loc":{"start":{"line":6,"column":22},"end":{"line":30,"column":1}},"line":6}},"branchMap":{},"s":{"0":3,"1":9,"2":9,"3":3},"f":{"0":9},"b":{},"_coverageSchema":"332fd63041d2c1bcb487cc26dd0d5f7d97098a6c","hash":"c0e9a3b7f3d4fa09a1286d3ba9c6474ecaebc933"}
,"D:\\git\\xray-test\\src\\components\\Test\\index.js": {"path":"D:\\git\\xray-test\\src\\components\\Test\\index.js","statementMap":{"0":{"start":{"line":10,"column":4},"end":{"line":10,"column":16}},"1":{"start":{"line":12,"column":4},"end":{"line":22,"column":5}},"2":{"start":{"line":24,"column":4},"end":{"line":24,"column":51}},"3":{"start":{"line":25,"column":4},"end":{"line":25,"column":53}},"4":{"start":{"line":26,"column":4},"end":{"line":26,"column":53}},"5":{"start":{"line":27,"column":4},"end":{"line":27,"column":53}},"6":{"start":{"line":28,"column":4},"end":{"line":28,"column":49}},"7":{"start":{"line":30,"column":4},"end":{"line":30,"column":49}},"8":{"start":{"line":34,"column":4},"end":{"line":34,"column":23}},"9":{"start":{"line":35,"column":4},"end":{"line":35,"column":20}},"10":{"start":{"line":39,"column":17},"end":{"line":39,"column":19}},"11":{"start":{"line":41,"column":4},"end":{"line":41,"column":39}},"12":{"start":{"line":43,"column":4},"end":{"line":43,"column":24}},"13":{"start":{"line":47,"column":4},"end":{"line":47,"column":22}},"14":{"start":{"line":49,"column":4},"end":{"line":49,"column":21}},"15":{"start":{"line":53,"column":4},"end":{"line":55,"column":58}},"16":{"start":{"line":54,"column":33},"end":{"line":54,"column":59}},"17":{"start":{"line":55,"column":29},"end":{"line":55,"column":57}},"18":{"start":{"line":59,"column":4},"end":{"line":61,"column":58}},"19":{"start":{"line":60,"column":30},"end":{"line":60,"column":54}},"20":{"start":{"line":61,"column":29},"end":{"line":61,"column":57}},"21":{"start":{"line":65,"column":27},"end":{"line":65,"column":29}},"22":{"start":{"line":67,"column":4},"end":{"line":69,"column":6}},"23":{"start":{"line":68,"column":6},"end":{"line":68,"column":45}},"24":{"start":{"line":71,"column":4},"end":{"line":71,"column":47}},"25":{"start":{"line":75,"column":22},"end":{"line":75,"column":32}},"26":{"start":{"line":76,"column":20},"end":{"line":76,"column":32}},"27":{"start":{"line":77,"column":20},"end":{"line":77,"column":55}},"28":{"start":{"line":78,"column":23},"end":{"line":78,"column":42}},"29":{"start":{"line":80,"column":4},"end":{"line":80,"column":34}},"30":{"start":{"line":84,"column":4},"end":{"line":86,"column":47}},"31":{"start":{"line":85,"column":34},"end":{"line":85,"column":87}},"32":{"start":{"line":86,"column":29},"end":{"line":86,"column":46}},"33":{"start":{"line":90,"column":28},"end":{"line":90,"column":58}},"34":{"start":{"line":91,"column":27},"end":{"line":91,"column":54}},"35":{"start":{"line":93,"column":4},"end":{"line":94,"column":66}},"36":{"start":{"line":93,"column":42},"end":{"line":93,"column":95}},"37":{"start":{"line":94,"column":9},"end":{"line":94,"column":66}},"38":{"start":{"line":98,"column":4},"end":{"line":98,"column":37}},"39":{"start":{"line":102,"column":20},"end":{"line":102,"column":30}},"40":{"start":{"line":104,"column":4},"end":{"line":104,"column":27}},"41":{"start":{"line":105,"column":4},"end":{"line":105,"column":29}},"42":{"start":{"line":109,"column":87},"end":{"line":109,"column":97}},"43":{"start":{"line":110,"column":38},"end":{"line":110,"column":48}},"44":{"start":{"line":111,"column":31},"end":{"line":111,"column":39}},"45":{"start":{"line":113,"column":4},"end":{"line":148,"column":5}}},"fnMap":{"0":{"name":"(anonymous_0)","decl":{"start":{"line":9,"column":2},"end":{"line":9,"column":3}},"loc":{"start":{"line":9,"column":22},"end":{"line":31,"column":3}},"line":9},"1":{"name":"(anonymous_1)","decl":{"start":{"line":33,"column":2},"end":{"line":33,"column":3}},"loc":{"start":{"line":33,"column":23},"end":{"line":36,"column":3}},"line":33},"2":{"name":"(anonymous_2)","decl":{"start":{"line":38,"column":2},"end":{"line":38,"column":3}},"loc":{"start":{"line":38,"column":19},"end":{"line":44,"column":3}},"line":38},"3":{"name":"(anonymous_3)","decl":{"start":{"line":46,"column":2},"end":{"line":46,"column":3}},"loc":{"start":{"line":46,"column":19},"end":{"line":50,"column":3}},"line":46},"4":{"name":"(anonymous_4)","decl":{"start":{"line":52,"column":2},"end":{"line":52,"column":3}},"loc":{"start":{"line":52,"column":17},"end":{"line":56,"column":3}},"line":52},"5":{"name":"(anonymous_5)","decl":{"start":{"line":54,"column":21},"end":{"line":54,"column":22}},"loc":{"start":{"line":54,"column":33},"end":{"line":54,"column":59}},"line":54},"6":{"name":"(anonymous_6)","decl":{"start":{"line":55,"column":22},"end":{"line":55,"column":23}},"loc":{"start":{"line":55,"column":29},"end":{"line":55,"column":57}},"line":55},"7":{"name":"(anonymous_7)","decl":{"start":{"line":58,"column":2},"end":{"line":58,"column":3}},"loc":{"start":{"line":58,"column":14},"end":{"line":62,"column":3}},"line":58},"8":{"name":"(anonymous_8)","decl":{"start":{"line":60,"column":21},"end":{"line":60,"column":22}},"loc":{"start":{"line":60,"column":30},"end":{"line":60,"column":54}},"line":60},"9":{"name":"(anonymous_9)","decl":{"start":{"line":61,"column":22},"end":{"line":61,"column":23}},"loc":{"start":{"line":61,"column":29},"end":{"line":61,"column":57}},"line":61},"10":{"name":"(anonymous_10)","decl":{"start":{"line":64,"column":2},"end":{"line":64,"column":3}},"loc":{"start":{"line":64,"column":30},"end":{"line":72,"column":3}},"line":64},"11":{"name":"(anonymous_11)","decl":{"start":{"line":67,"column":26},"end":{"line":67,"column":27}},"loc":{"start":{"line":67,"column":34},"end":{"line":69,"column":5}},"line":67},"12":{"name":"(anonymous_12)","decl":{"start":{"line":74,"column":2},"end":{"line":74,"column":3}},"loc":{"start":{"line":74,"column":16},"end":{"line":81,"column":3}},"line":74},"13":{"name":"(anonymous_13)","decl":{"start":{"line":83,"column":2},"end":{"line":83,"column":3}},"loc":{"start":{"line":83,"column":28},"end":{"line":87,"column":3}},"line":83},"14":{"name":"(anonymous_14)","decl":{"start":{"line":85,"column":21},"end":{"line":85,"column":22}},"loc":{"start":{"line":85,"column":34},"end":{"line":85,"column":87}},"line":85},"15":{"name":"(anonymous_15)","decl":{"start":{"line":86,"column":22},"end":{"line":86,"column":23}},"loc":{"start":{"line":86,"column":29},"end":{"line":86,"column":46}},"line":86},"16":{"name":"(anonymous_16)","decl":{"start":{"line":89,"column":2},"end":{"line":89,"column":3}},"loc":{"start":{"line":89,"column":24},"end":{"line":95,"column":3}},"line":89},"17":{"name":"(anonymous_17)","decl":{"start":{"line":97,"column":2},"end":{"line":97,"column":3}},"loc":{"start":{"line":97,"column":18},"end":{"line":99,"column":3}},"line":97},"18":{"name":"(anonymous_18)","decl":{"start":{"line":101,"column":2},"end":{"line":101,"column":3}},"loc":{"start":{"line":101,"column":22},"end":{"line":106,"column":3}},"line":101},"19":{"name":"(anonymous_19)","decl":{"start":{"line":108,"column":2},"end":{"line":108,"column":3}},"loc":{"start":{"line":108,"column":12},"end":{"line":149,"column":3}},"line":108}},"branchMap":{"0":{"loc":{"start":{"line":30,"column":19},"end":{"line":30,"column":48}},"type":"binary-expr","locations":[{"start":{"line":30,"column":19},"end":{"line":30,"column":37}},{"start":{"line":30,"column":41},"end":{"line":30,"column":48}}],"line":30},"1":{"loc":{"start":{"line":93,"column":4},"end":{"line":94,"column":66}},"type":"if","locations":[{"start":{"line":93,"column":4},"end":{"line":94,"column":66}},{"start":{"line":93,"column":4},"end":{"line":94,"column":66}}],"line":93},"2":{"loc":{"start":{"line":115,"column":10},"end":{"line":145,"column":19}},"type":"cond-expr","locations":[{"start":{"line":116,"column":13},"end":{"line":128,"column":18}},{"start":{"line":130,"column":10},"end":{"line":145,"column":19}}],"line":115},"3":{"loc":{"start":{"line":130,"column":10},"end":{"line":145,"column":19}},"type":"cond-expr","locations":[{"start":{"line":131,"column":13},"end":{"line":138,"column":18}},{"start":{"line":140,"column":13},"end":{"line":145,"column":18}}],"line":130},"4":{"loc":{"start":{"line":135,"column":30},"end":{"line":135,"column":99}},"type":"cond-expr","locations":[{"start":{"line":135,"column":55},"end":{"line":135,"column":61}},{"start":{"line":135,"column":64},"end":{"line":135,"column":99}}],"line":135},"5":{"loc":{"start":{"line":135,"column":64},"end":{"line":135,"column":99}},"type":"cond-expr","locations":[{"start":{"line":135,"column":78},"end":{"line":135,"column":87}},{"start":{"line":135,"column":90},"end":{"line":135,"column":99}}],"line":135}},"s":{"0":1,"1":1,"2":1,"3":1,"4":1,"5":1,"6":1,"7":1,"8":1,"9":1,"10":1,"11":1,"12":1,"13":1,"14":1,"15":1,"16":1,"17":0,"18":1,"19":1,"20":0,"21":1,"22":1,"23":1,"24":1,"25":1,"26":1,"27":1,"28":1,"29":1,"30":1,"31":1,"32":0,"33":1,"34":1,"35":1,"36":1,"37":0,"38":0,"39":0,"40":0,"41":0,"42":11,"43":11,"44":11,"45":11},"f":{"0":1,"1":1,"2":1,"3":1,"4":1,"5":1,"6":0,"7":1,"8":1,"9":0,"10":1,"11":1,"12":1,"13":1,"14":1,"15":0,"16":1,"17":0,"18":0,"19":11},"b":{"0":[1,0],"1":[1,0],"2":[2,9],"3":[1,8],"4":[0,1],"5":[0,1]},"_coverageSchema":"332fd63041d2c1bcb487cc26dd0d5f7d97098a6c","hash":"14c0bbc1b03ed7c21bcbf451e444afa3985386a1"}
}
