TN:
SF:D:\git\xray-test\src\actions.js
FN:5,(anonymous_0)
FN:6,(anonymous_1)
FN:9,(anonymous_2)
FN:10,(anonymous_3)
FN:14,(anonymous_4)
FN:15,(anonymous_5)
FN:18,(anonymous_6)
FN:19,(anonymous_7)
FN:23,(anonymous_8)
FN:24,(anonymous_9)
FN:27,(anonymous_10)
FN:28,(anonymous_11)
FN:32,(anonymous_12)
FN:33,(anonymous_13)
FN:36,(anonymous_14)
FN:37,(anonymous_15)
FN:41,(anonymous_16)
FN:43,(anonymous_17)
FN:44,(anonymous_18)
FNF:19
FNH:0
FNDA:0,(anonymous_0)
FNDA:0,(anonymous_1)
FNDA:0,(anonymous_2)
FNDA:0,(anonymous_3)
FNDA:0,(anonymous_4)
FNDA:0,(anonymous_5)
FNDA:0,(anonymous_6)
FNDA:0,(anonymous_7)
FNDA:0,(anonymous_8)
FNDA:0,(anonymous_9)
FNDA:0,(anonymous_10)
FNDA:0,(anonymous_11)
FNDA:0,(anonymous_12)
FNDA:0,(anonymous_13)
FNDA:0,(anonymous_14)
FNDA:0,(anonymous_15)
FNDA:0,(anonymous_16)
FNDA:0,(anonymous_17)
FNDA:0,(anonymous_18)
DA:5,5
DA:6,0
DA:7,0
DA:9,0
DA:10,0
DA:14,5
DA:15,0
DA:16,0
DA:18,0
DA:19,0
DA:23,5
DA:24,0
DA:25,0
DA:27,0
DA:28,0
DA:32,5
DA:33,0
DA:34,0
DA:36,0
DA:37,0
DA:41,5
DA:42,0
DA:43,0
DA:44,0
LF:24
LH:5
BRF:0
BRH:0
end_of_record
TN:
SF:D:\git\xray-test\src\config.js
FN:5,(anonymous_0)
FN:21,(anonymous_1)
FN:32,(anonymous_2)
FNF:3
FNH:0
FNDA:0,(anonymous_0)
FNDA:0,(anonymous_1)
FNDA:0,(anonymous_2)
DA:3,5
DA:5,5
DA:6,0
DA:16,0
DA:18,0
DA:21,5
DA:22,0
DA:32,5
DA:33,0
LF:9
LH:4
BRDA:5,0,0,0
BRDA:16,1,0,0
BRDA:16,1,1,0
BRF:3
BRH:0
end_of_record
TN:
SF:D:\git\xray-test\src\helpers.js
FN:6,(anonymous_0)
FN:6,(anonymous_1)
FN:13,(anonymous_2)
FN:22,(anonymous_3)
FNF:4
FNH:0
FNDA:0,(anonymous_0)
FNDA:0,(anonymous_1)
FNDA:0,(anonymous_2)
FNDA:0,(anonymous_3)
DA:6,6
DA:13,6
DA:14,0
DA:22,6
DA:23,0
DA:24,0
DA:27,0
DA:33,6
LF:8
LH:4
BRDA:6,0,0,0
BRDA:6,0,1,0
BRDA:23,1,0,0
BRDA:23,1,1,0
BRF:4
BRH:0
end_of_record
TN:
SF:D:\git\xray-test\src\components\Admin\index.js
FN:6,(anonymous_0)
FN:31,(anonymous_1)
FN:37,(anonymous_2)
FN:39,(anonymous_3)
FN:40,(anonymous_4)
FN:43,(anonymous_5)
FN:45,(anonymous_6)
FN:46,(anonymous_7)
FN:49,(anonymous_8)
FN:51,(anonymous_9)
FN:52,(anonymous_10)
FN:55,(anonymous_11)
FN:60,(anonymous_12)
FN:65,(anonymous_13)
FN:66,(anonymous_14)
FN:70,(anonymous_15)
FN:72,(anonymous_16)
FN:76,(anonymous_17)
FN:84,(anonymous_18)
FN:91,(anonymous_19)
FN:93,(anonymous_20)
FN:100,(anonymous_21)
FN:104,(anonymous_22)
FN:107,(anonymous_23)
FN:112,(anonymous_24)
FN:115,(anonymous_25)
FN:127,(anonymous_26)
FN:132,(anonymous_27)
FN:135,(anonymous_28)
FN:146,(anonymous_29)
FN:153,(anonymous_30)
FN:155,(anonymous_31)
FN:158,(anonymous_32)
FN:185,(anonymous_33)
FN:211,(anonymous_34)
FN:213,(anonymous_35)
FN:214,(anonymous_36)
FN:224,(anonymous_37)
FN:227,(anonymous_38)
FNF:39
FNH:33
FNDA:1,(anonymous_0)
FNDA:1,(anonymous_1)
FNDA:1,(anonymous_2)
FNDA:1,(anonymous_3)
FNDA:0,(anonymous_4)
FNDA:4,(anonymous_5)
FNDA:4,(anonymous_6)
FNDA:0,(anonymous_7)
FNDA:4,(anonymous_8)
FNDA:4,(anonymous_9)
FNDA:0,(anonymous_10)
FNDA:3,(anonymous_11)
FNDA:2,(anonymous_12)
FNDA:2,(anonymous_13)
FNDA:0,(anonymous_14)
FNDA:1,(anonymous_15)
FNDA:1,(anonymous_16)
FNDA:1,(anonymous_17)
FNDA:1,(anonymous_18)
FNDA:1,(anonymous_19)
FNDA:0,(anonymous_20)
FNDA:1,(anonymous_21)
FNDA:1,(anonymous_22)
FNDA:1,(anonymous_23)
FNDA:1,(anonymous_24)
FNDA:1,(anonymous_25)
FNDA:1,(anonymous_26)
FNDA:1,(anonymous_27)
FNDA:0,(anonymous_28)
FNDA:1,(anonymous_29)
FNDA:1,(anonymous_30)
FNDA:1,(anonymous_31)
FNDA:24,(anonymous_32)
FNDA:23,(anonymous_33)
FNDA:22,(anonymous_34)
FNDA:1,(anonymous_35)
FNDA:1,(anonymous_36)
FNDA:21,(anonymous_37)
FNDA:1,(anonymous_38)
DA:7,1
DA:9,1
DA:17,1
DA:18,1
DA:19,1
DA:20,1
DA:21,1
DA:22,1
DA:24,1
DA:25,1
DA:26,1
DA:27,1
DA:28,1
DA:32,1
DA:33,1
DA:34,1
DA:38,1
DA:39,1
DA:40,0
DA:44,4
DA:45,4
DA:46,0
DA:50,4
DA:51,4
DA:52,0
DA:56,3
DA:57,3
DA:61,2
DA:63,2
DA:64,2
DA:65,2
DA:66,0
DA:71,1
DA:72,1
DA:77,1
DA:78,1
DA:79,1
DA:80,1
DA:82,1
DA:84,1
DA:85,1
DA:88,1
DA:92,1
DA:93,0
DA:96,1
DA:97,1
DA:101,1
DA:103,1
DA:106,1
DA:107,1
DA:108,1
DA:112,1
DA:116,1
DA:118,1
DA:120,1
DA:122,1
DA:124,1
DA:126,1
DA:128,1
DA:129,1
DA:132,1
DA:136,0
DA:137,0
DA:138,0
DA:140,0
DA:141,0
DA:143,0
DA:147,1
DA:148,1
DA:150,1
DA:152,1
DA:153,1
DA:155,1
DA:159,24
DA:161,24
DA:186,23
DA:212,22
DA:213,1
DA:214,1
DA:225,21
DA:227,1
LF:81
LH:70
BRDA:24,0,0,1
BRDA:24,0,1,0
BRDA:25,1,0,1
BRDA:25,1,1,0
BRDA:26,2,0,1
BRDA:26,2,1,0
BRDA:27,3,0,1
BRDA:27,3,1,0
BRDA:28,4,0,1
BRDA:28,4,1,0
BRDA:63,5,0,2
BRDA:63,5,1,0
BRDA:78,6,0,1
BRDA:78,6,1,0
BRDA:85,7,0,1
BRDA:85,7,1,0
BRDA:96,8,0,0
BRDA:96,8,1,1
BRDA:120,9,0,0
BRDA:120,9,1,1
BRDA:124,10,0,1
BRDA:124,10,1,0
BRF:22
BRH:11
end_of_record
TN:
SF:D:\git\xray-test\src\components\App\index.js
FN:15,(anonymous_0)
FN:33,(anonymous_1)
FN:46,(anonymous_2)
FN:49,(anonymous_3)
FN:54,(anonymous_4)
FN:63,(anonymous_5)
FNF:6
FNH:6
FNDA:1,(anonymous_0)
FNDA:1,(anonymous_1)
FNDA:1,(anonymous_2)
FNDA:1,(anonymous_3)
FNDA:1,(anonymous_4)
FNDA:7,(anonymous_5)
DA:16,1
DA:18,1
DA:25,1
DA:26,1
DA:27,1
DA:29,1
DA:30,1
DA:34,1
DA:36,1
DA:41,1
DA:43,1
DA:46,1
DA:50,1
DA:51,1
DA:55,1
DA:60,1
DA:64,7
DA:66,7
LF:18
LH:18
BRDA:29,0,0,1
BRDA:29,0,1,0
BRDA:30,1,0,1
BRDA:30,1,1,0
BRDA:50,2,0,1
BRDA:50,2,1,0
BRDA:79,3,0,2
BRDA:79,3,1,5
BRDA:80,4,0,2
BRDA:80,4,1,5
BRDA:81,5,0,2
BRDA:81,5,1,5
BRF:12
BRH:9
end_of_record
TN:
SF:D:\git\xray-test\src\components\CreateQuestion\index.js
FN:8,(anonymous_0)
FN:28,(anonymous_1)
FN:40,(anonymous_2)
FN:48,(anonymous_3)
FN:56,(anonymous_4)
FN:67,(anonymous_5)
FN:81,(anonymous_6)
FN:83,(anonymous_7)
FN:96,(anonymous_8)
FN:107,(anonymous_9)
FN:115,(anonymous_10)
FN:130,(anonymous_11)
FN:147,(anonymous_12)
FN:160,(anonymous_13)
FN:166,(anonymous_14)
FN:176,(anonymous_15)
FN:189,(anonymous_16)
FN:198,(anonymous_17)
FN:210,(anonymous_18)
FN:218,(anonymous_19)
FN:232,(anonymous_20)
FN:234,(anonymous_21)
FN:237,(anonymous_22)
FNF:23
FNH:16
FNDA:2,(anonymous_0)
FNDA:2,(anonymous_1)
FNDA:1,(anonymous_2)
FNDA:1,(anonymous_3)
FNDA:0,(anonymous_4)
FNDA:2,(anonymous_5)
FNDA:1,(anonymous_6)
FNDA:1,(anonymous_7)
FNDA:1,(anonymous_8)
FNDA:1,(anonymous_9)
FNDA:0,(anonymous_10)
FNDA:0,(anonymous_11)
FNDA:2,(anonymous_12)
FNDA:1,(anonymous_13)
FNDA:0,(anonymous_14)
FNDA:1,(anonymous_15)
FNDA:0,(anonymous_16)
FNDA:0,(anonymous_17)
FNDA:0,(anonymous_18)
FNDA:1,(anonymous_19)
FNDA:1,(anonymous_20)
FNDA:1,(anonymous_21)
FNDA:16,(anonymous_22)
DA:9,2
DA:11,2
DA:21,2
DA:22,2
DA:23,2
DA:24,2
DA:25,2
DA:29,2
DA:30,2
DA:31,2
DA:33,2
DA:34,2
DA:35,2
DA:36,2
DA:37,2
DA:41,1
DA:49,1
DA:57,0
DA:68,2
DA:69,1
DA:70,1
DA:72,1
DA:82,1
DA:84,1
DA:85,1
DA:97,1
DA:99,1
DA:100,1
DA:102,1
DA:104,1
DA:107,1
DA:116,0
DA:117,0
DA:118,0
DA:120,0
DA:131,0
DA:132,0
DA:133,0
DA:134,0
DA:136,0
DA:137,0
DA:138,0
DA:140,0
DA:148,2
DA:150,2
DA:152,2
DA:161,1
DA:163,0
DA:165,0
DA:166,0
DA:167,0
DA:168,0
DA:177,1
DA:179,1
DA:180,0
DA:181,0
DA:182,0
DA:190,0
DA:199,0
DA:201,0
DA:203,0
DA:211,0
DA:219,1
DA:221,1
DA:229,1
DA:231,1
DA:232,1
DA:234,1
DA:238,16
DA:240,16
LF:70
LH:44
BRDA:33,0,0,2
BRDA:33,0,1,0
BRDA:34,1,0,2
BRDA:34,1,1,0
BRDA:35,2,0,2
BRDA:35,2,1,0
BRDA:36,3,0,2
BRDA:36,3,1,0
BRDA:68,4,0,1
BRDA:68,4,1,1
BRDA:68,5,0,2
BRDA:68,5,1,1
BRDA:84,6,0,1
BRDA:84,6,1,0
BRDA:99,7,0,1
BRDA:99,7,1,0
BRDA:100,8,0,1
BRDA:100,8,1,0
BRDA:138,9,0,0
BRDA:138,9,1,0
BRDA:201,10,0,0
BRDA:201,10,1,0
BRDA:253,11,0,4
BRDA:253,11,1,12
BRDA:275,12,0,15
BRDA:275,12,1,1
BRDA:283,13,0,15
BRDA:283,13,1,1
BRDA:304,14,0,16
BRDA:304,14,1,14
BRF:30
BRH:19
end_of_record
TN:
SF:D:\git\xray-test\src\components\CreateTest\index.js
FN:6,(anonymous_0)
FN:20,(anonymous_1)
FN:28,(anonymous_2)
FN:30,(anonymous_3)
FN:33,(anonymous_4)
FN:41,(anonymous_5)
FNF:6
FNH:6
FNDA:1,(anonymous_0)
FNDA:1,(anonymous_1)
FNDA:1,(anonymous_2)
FNDA:1,(anonymous_3)
FNDA:1,(anonymous_4)
FNDA:7,(anonymous_5)
DA:7,1
DA:9,1
DA:15,1
DA:16,1
DA:17,1
DA:21,1
DA:23,1
DA:25,1
DA:27,1
DA:28,1
DA:30,1
DA:34,1
DA:36,1
DA:38,1
DA:42,7
DA:44,7
LF:16
LH:16
BRDA:17,0,0,1
BRDA:17,0,1,0
BRF:2
BRH:1
end_of_record
TN:
SF:D:\git\xray-test\src\components\Drawer\index.js
FN:2,(anonymous_0)
FN:24,(anonymous_1)
FN:31,(anonymous_2)
FN:45,(anonymous_3)
FN:60,(anonymous_4)
FN:66,(anonymous_5)
FN:73,(anonymous_6)
FN:83,(anonymous_7)
FN:86,(anonymous_8)
FN:98,(anonymous_9)
FN:104,(anonymous_10)
FN:110,(anonymous_11)
FN:120,(anonymous_12)
FN:126,(anonymous_13)
FN:132,(anonymous_14)
FN:136,(anonymous_15)
FN:142,(anonymous_16)
FNF:17
FNH:0
FNDA:0,(anonymous_0)
FNDA:0,(anonymous_1)
FNDA:0,(anonymous_2)
FNDA:0,(anonymous_3)
FNDA:0,(anonymous_4)
FNDA:0,(anonymous_5)
FNDA:0,(anonymous_6)
FNDA:0,(anonymous_7)
FNDA:0,(anonymous_8)
FNDA:0,(anonymous_9)
FNDA:0,(anonymous_10)
FNDA:0,(anonymous_11)
FNDA:0,(anonymous_12)
FNDA:0,(anonymous_13)
FNDA:0,(anonymous_14)
FNDA:0,(anonymous_15)
FNDA:0,(anonymous_16)
DA:3,0
DA:4,0
DA:6,0
DA:8,0
DA:9,0
DA:10,0
DA:11,0
DA:13,0
DA:15,0
DA:16,0
DA:18,0
DA:19,0
DA:20,0
DA:21,0
DA:25,0
DA:27,0
DA:28,0
DA:32,0
DA:33,0
DA:35,0
DA:36,0
DA:38,0
DA:40,0
DA:41,0
DA:46,0
DA:48,0
DA:50,0
DA:51,0
DA:53,0
DA:55,0
DA:56,0
DA:57,0
DA:61,0
DA:62,0
DA:63,0
DA:67,0
DA:69,0
DA:70,0
DA:74,0
DA:75,0
DA:77,0
DA:84,0
DA:86,0
DA:87,0
DA:88,0
DA:89,0
DA:91,0
DA:92,0
DA:94,0
DA:99,0
DA:101,0
DA:105,0
DA:107,0
DA:111,0
DA:112,0
DA:114,0
DA:115,0
DA:117,0
DA:121,0
DA:122,0
DA:123,0
DA:127,0
DA:128,0
DA:129,0
DA:133,0
DA:137,0
DA:138,0
DA:139,0
DA:143,0
DA:144,0
LF:70
LH:0
BRDA:32,0,0,0
BRDA:32,0,1,0
BRDA:60,1,0,0
BRF:3
BRH:0
end_of_record
TN:
SF:D:\git\xray-test\src\components\Forbidden\index.js
FN:5,(anonymous_0)
FNF:1
FNH:1
FNDA:1,(anonymous_0)
DA:6,1
LF:1
LH:1
BRF:0
BRH:0
end_of_record
TN:
SF:D:\git\xray-test\src\components\Header\Login.js
FN:6,(anonymous_0)
FNF:1
FNH:1
FNDA:10,(anonymous_0)
DA:6,3
DA:7,10
DA:9,10
DA:28,3
LF:4
LH:4
BRDA:12,0,0,1
BRDA:12,0,1,9
BRF:2
BRH:2
end_of_record
TN:
SF:D:\git\xray-test\src\components\Header\index.js
FN:7,(anonymous_0)
FNF:1
FNH:1
FNDA:9,(anonymous_0)
DA:7,2
DA:8,9
DA:10,9
DA:29,2
LF:4
LH:4
BRDA:16,0,0,3
BRDA:16,0,1,6
BRF:2
BRH:2
end_of_record
TN:
SF:D:\git\xray-test\src\components\Menu\index.js
FN:6,(anonymous_0)
FNF:1
FNH:1
FNDA:8,(anonymous_0)
DA:7,8
LF:1
LH:1
BRF:0
BRH:0
end_of_record
TN:
SF:D:\git\xray-test\src\components\Test\Slide.js
FN:9,(anonymous_0)
FN:44,(anonymous_1)
FN:52,(anonymous_2)
FN:61,(anonymous_3)
FN:65,(anonymous_4)
FN:84,(anonymous_5)
FN:90,(anonymous_6)
FN:93,(anonymous_7)
FN:106,(anonymous_8)
FN:107,(anonymous_9)
FN:121,(anonymous_10)
FN:134,(anonymous_11)
FN:143,(anonymous_12)
FN:154,(anonymous_13)
FN:162,(anonymous_14)
FN:166,(anonymous_15)
FN:185,(anonymous_16)
FN:196,(anonymous_17)
FN:207,(anonymous_18)
FN:208,(anonymous_19)
FN:215,(anonymous_20)
FN:230,(anonymous_21)
FN:234,(anonymous_22)
FN:248,(anonymous_23)
FN:254,(anonymous_24)
FN:266,(anonymous_25)
FN:267,(anonymous_26)
FN:273,(anonymous_27)
FN:280,(anonymous_28)
FN:283,(anonymous_29)
FN:290,(anonymous_30)
FN:297,(anonymous_31)
FN:305,(anonymous_32)
FN:344,(anonymous_33)
FN:344,(anonymous_34)
FNF:35
FNH:24
FNDA:3,(anonymous_0)
FNDA:3,(anonymous_1)
FNDA:28,(anonymous_2)
FNDA:2,(anonymous_3)
FNDA:3,(anonymous_4)
FNDA:0,(anonymous_5)
FNDA:0,(anonymous_6)
FNDA:0,(anonymous_7)
FNDA:0,(anonymous_8)
FNDA:0,(anonymous_9)
FNDA:0,(anonymous_10)
FNDA:0,(anonymous_11)
FNDA:6,(anonymous_12)
FNDA:0,(anonymous_13)
FNDA:0,(anonymous_14)
FNDA:2,(anonymous_15)
FNDA:3,(anonymous_16)
FNDA:1,(anonymous_17)
FNDA:8,(anonymous_18)
FNDA:2,(anonymous_19)
FNDA:1,(anonymous_20)
FNDA:1,(anonymous_21)
FNDA:3,(anonymous_22)
FNDA:2,(anonymous_23)
FNDA:2,(anonymous_24)
FNDA:1,(anonymous_25)
FNDA:1,(anonymous_26)
FNDA:1,(anonymous_27)
FNDA:0,(anonymous_28)
FNDA:6,(anonymous_29)
FNDA:6,(anonymous_30)
FNDA:1,(anonymous_31)
FNDA:31,(anonymous_32)
FNDA:3,(anonymous_33)
FNDA:0,(anonymous_34)
DA:10,3
DA:12,3
DA:13,3
DA:14,3
DA:16,3
DA:30,3
DA:31,3
DA:32,3
DA:33,3
DA:34,3
DA:35,3
DA:36,3
DA:37,3
DA:38,3
DA:39,3
DA:41,3
DA:45,3
DA:47,3
DA:48,3
DA:49,3
DA:53,28
DA:54,28
DA:56,28
DA:57,0
DA:62,2
DA:66,3
DA:68,3
DA:85,0
DA:87,0
DA:89,0
DA:90,0
DA:91,0
DA:92,0
DA:94,0
DA:95,0
DA:107,0
DA:108,0
DA:109,0
DA:112,0
DA:113,0
DA:122,0
DA:124,0
DA:125,0
DA:126,0
DA:127,0
DA:135,0
DA:144,6
DA:145,6
DA:147,2
DA:155,0
DA:163,0
DA:167,2
DA:168,2
DA:170,2
DA:171,1
DA:175,1
DA:186,3
DA:188,3
DA:197,1
DA:199,1
DA:200,1
DA:208,8
DA:209,2
DA:212,8
DA:216,1
DA:217,1
DA:218,1
DA:220,1
DA:223,1
DA:224,1
DA:227,0
DA:231,1
DA:235,3
DA:237,3
DA:238,3
DA:239,3
DA:241,3
DA:242,1
DA:245,2
DA:249,2
DA:250,2
DA:251,2
DA:252,2
DA:253,2
DA:254,2
DA:255,2
DA:258,2
DA:259,2
DA:260,1
DA:263,2
DA:267,1
DA:268,1
DA:269,1
DA:274,1
DA:276,1
DA:278,0
DA:279,0
DA:280,0
DA:284,6
DA:285,6
DA:286,6
DA:287,6
DA:291,6
DA:292,6
DA:294,6
DA:298,1
DA:300,1
DA:302,1
DA:306,31
DA:307,31
DA:308,31
DA:310,31
DA:344,3
DA:364,3
LF:114
LH:88
BRDA:47,0,0,3
BRDA:47,0,1,0
BRDA:48,1,0,3
BRDA:48,1,1,0
BRDA:56,2,0,0
BRDA:56,2,1,28
BRDA:112,3,0,0
BRDA:112,3,1,0
BRDA:145,4,0,4
BRDA:145,4,1,2
BRDA:170,5,0,1
BRDA:170,5,1,1
BRDA:220,6,0,1
BRDA:220,6,1,0
BRDA:223,7,0,1
BRDA:223,7,1,0
BRDA:241,8,0,1
BRDA:241,8,1,2
BRDA:241,9,0,3
BRDA:241,9,1,1
BRDA:255,10,0,2
BRDA:255,10,1,2
BRDA:255,10,2,2
BRDA:255,10,3,1
BRDA:258,11,0,2
BRDA:258,11,1,0
BRDA:259,12,0,1
BRDA:259,12,1,1
BRDA:263,13,0,1
BRDA:263,13,1,1
BRDA:276,14,0,1
BRDA:276,14,1,0
BRDA:318,15,0,8
BRDA:318,15,1,23
BRDA:319,16,0,4
BRDA:319,16,1,4
BRDA:319,17,0,1
BRDA:319,17,1,3
BRDA:319,18,0,8
BRDA:319,18,1,0
BRDA:325,19,0,8
BRDA:325,19,1,23
BRDA:328,20,0,4
BRDA:328,20,1,4
BRDA:328,21,0,1
BRDA:328,21,1,3
BRDA:334,22,0,31
BRDA:334,22,1,23
BRDA:337,23,0,27
BRDA:337,23,1,4
BRDA:344,24,0,13
BRDA:344,24,1,18
BRDA:347,25,0,2
BRDA:347,25,1,29
BRDA:355,26,0,31
BRDA:355,26,1,8
BRDA:358,27,0,1
BRDA:358,27,1,30
BRF:58
BRH:48
end_of_record
TN:
SF:D:\git\xray-test\src\components\Test\User.js
FN:6,(anonymous_0)
FNF:1
FNH:1
FNDA:9,(anonymous_0)
DA:6,3
DA:7,9
DA:9,9
DA:32,3
LF:4
LH:4
BRF:0
BRH:0
end_of_record
TN:
SF:D:\git\xray-test\src\components\Test\index.js
FN:9,(anonymous_0)
FN:33,(anonymous_1)
FN:38,(anonymous_2)
FN:46,(anonymous_3)
FN:52,(anonymous_4)
FN:54,(anonymous_5)
FN:55,(anonymous_6)
FN:58,(anonymous_7)
FN:60,(anonymous_8)
FN:61,(anonymous_9)
FN:64,(anonymous_10)
FN:67,(anonymous_11)
FN:74,(anonymous_12)
FN:83,(anonymous_13)
FN:85,(anonymous_14)
FN:86,(anonymous_15)
FN:89,(anonymous_16)
FN:97,(anonymous_17)
FN:101,(anonymous_18)
FN:108,(anonymous_19)
FNF:20
FNH:15
FNDA:1,(anonymous_0)
FNDA:1,(anonymous_1)
FNDA:1,(anonymous_2)
FNDA:1,(anonymous_3)
FNDA:1,(anonymous_4)
FNDA:1,(anonymous_5)
FNDA:0,(anonymous_6)
FNDA:1,(anonymous_7)
FNDA:1,(anonymous_8)
FNDA:0,(anonymous_9)
FNDA:1,(anonymous_10)
FNDA:1,(anonymous_11)
FNDA:1,(anonymous_12)
FNDA:1,(anonymous_13)
FNDA:1,(anonymous_14)
FNDA:0,(anonymous_15)
FNDA:1,(anonymous_16)
FNDA:0,(anonymous_17)
FNDA:0,(anonymous_18)
FNDA:11,(anonymous_19)
DA:10,1
DA:12,1
DA:24,1
DA:25,1
DA:26,1
DA:27,1
DA:28,1
DA:30,1
DA:34,1
DA:35,1
DA:39,1
DA:41,1
DA:43,1
DA:47,1
DA:49,1
DA:53,1
DA:54,1
DA:55,0
DA:59,1
DA:60,1
DA:61,0
DA:65,1
DA:67,1
DA:68,1
DA:71,1
DA:75,1
DA:76,1
DA:77,1
DA:78,1
DA:80,1
DA:84,1
DA:85,1
DA:86,0
DA:90,1
DA:91,1
DA:93,1
DA:94,0
DA:98,0
DA:102,0
DA:104,0
DA:105,0
DA:109,11
DA:110,11
DA:111,11
DA:113,11
LF:45
LH:37
BRDA:30,0,0,1
BRDA:30,0,1,0
BRDA:93,1,0,1
BRDA:93,1,1,0
BRDA:115,2,0,2
BRDA:115,2,1,9
BRDA:130,3,0,1
BRDA:130,3,1,8
BRDA:135,4,0,0
BRDA:135,4,1,1
BRDA:135,5,0,0
BRDA:135,5,1,1
BRF:12
BRH:8
end_of_record
