TN:
SF:D:\git\xray-test\src\actions.js
FN:5,(anonymous_0)
FN:6,(anonymous_1)
FN:9,(anonymous_2)
FN:10,(anonymous_3)
FN:14,(anonymous_4)
FN:15,(anonymous_5)
FN:18,(anonymous_6)
FN:19,(anonymous_7)
FN:23,(anonymous_8)
FN:24,(anonymous_9)
FN:27,(anonymous_10)
FN:28,(anonymous_11)
FN:32,(anonymous_12)
FN:33,(anonymous_13)
FN:36,(anonymous_14)
FN:37,(anonymous_15)
FN:41,(anonymous_16)
FN:43,(anonymous_17)
FN:44,(anonymous_18)
FNF:19
FNH:2
FNDA:0,(anonymous_0)
FNDA:0,(anonymous_1)
FNDA:0,(anonymous_2)
FNDA:0,(anonymous_3)
FNDA:5,(anonymous_4)
FNDA:5,(anonymous_5)
FNDA:0,(anonymous_6)
FNDA:0,(anonymous_7)
FNDA:0,(anonymous_8)
FNDA:0,(anonymous_9)
FNDA:0,(anonymous_10)
FNDA:0,(anonymous_11)
FNDA:0,(anonymous_12)
FNDA:0,(anonymous_13)
FNDA:0,(anonymous_14)
FNDA:0,(anonymous_15)
FNDA:0,(anonymous_16)
FNDA:0,(anonymous_17)
FNDA:0,(anonymous_18)
DA:5,5
DA:6,0
DA:7,0
DA:9,0
DA:10,0
DA:14,5
DA:15,5
DA:16,5
DA:18,0
DA:19,0
DA:23,5
DA:24,0
DA:25,0
DA:27,0
DA:28,0
DA:32,5
DA:33,0
DA:34,0
DA:36,0
DA:37,0
DA:41,5
DA:42,0
DA:43,0
DA:44,0
LF:24
LH:7
BRF:0
BRH:0
end_of_record
TN:
SF:D:\git\xray-test\src\config.js
FN:5,(anonymous_0)
FN:21,(anonymous_1)
FN:32,(anonymous_2)
FNF:3
FNH:0
FNDA:0,(anonymous_0)
FNDA:0,(anonymous_1)
FNDA:0,(anonymous_2)
DA:3,5
DA:5,5
DA:6,0
DA:16,0
DA:18,0
DA:21,5
DA:22,0
DA:32,5
DA:33,0
LF:9
LH:4
BRDA:5,0,0,0
BRDA:16,1,0,0
BRDA:16,1,1,0
BRF:3
BRH:0
end_of_record
TN:
SF:D:\git\xray-test\src\helpers.js
FN:6,(anonymous_0)
FN:6,(anonymous_1)
FN:13,(anonymous_2)
FN:22,(anonymous_3)
FNF:4
FNH:0
FNDA:0,(anonymous_0)
FNDA:0,(anonymous_1)
FNDA:0,(anonymous_2)
FNDA:0,(anonymous_3)
DA:6,6
DA:13,6
DA:14,0
DA:22,6
DA:23,0
DA:24,0
DA:27,0
DA:33,6
LF:8
LH:4
BRDA:6,0,0,0
BRDA:6,0,1,0
BRDA:23,1,0,0
BRDA:23,1,1,0
BRF:4
BRH:0
end_of_record
TN:
SF:D:\git\xray-test\src\components\Admin\index.js
FN:6,(anonymous_0)
FN:25,(anonymous_1)
FN:31,(anonymous_2)
FN:33,(anonymous_3)
FN:34,(anonymous_4)
FN:37,(anonymous_5)
FN:39,(anonymous_6)
FN:40,(anonymous_7)
FN:43,(anonymous_8)
FN:45,(anonymous_9)
FN:46,(anonymous_10)
FN:49,(anonymous_11)
FN:54,(anonymous_12)
FN:59,(anonymous_13)
FN:60,(anonymous_14)
FN:64,(anonymous_15)
FN:66,(anonymous_16)
FN:70,(anonymous_17)
FN:78,(anonymous_18)
FN:85,(anonymous_19)
FN:87,(anonymous_20)
FN:94,(anonymous_21)
FN:98,(anonymous_22)
FN:104,(anonymous_23)
FN:107,(anonymous_24)
FN:124,(anonymous_25)
FN:129,(anonymous_26)
FN:132,(anonymous_27)
FN:139,(anonymous_28)
FN:141,(anonymous_29)
FN:144,(anonymous_30)
FN:171,(anonymous_31)
FN:197,(anonymous_32)
FN:199,(anonymous_33)
FN:200,(anonymous_34)
FN:210,(anonymous_35)
FN:213,(anonymous_36)
FNF:37
FNH:9
FNDA:1,(anonymous_0)
FNDA:1,(anonymous_1)
FNDA:1,(anonymous_2)
FNDA:0,(anonymous_3)
FNDA:1,(anonymous_4)
FNDA:1,(anonymous_5)
FNDA:0,(anonymous_6)
FNDA:1,(anonymous_7)
FNDA:1,(anonymous_8)
FNDA:0,(anonymous_9)
FNDA:1,(anonymous_10)
FNDA:0,(anonymous_11)
FNDA:0,(anonymous_12)
FNDA:0,(anonymous_13)
FNDA:0,(anonymous_14)
FNDA:0,(anonymous_15)
FNDA:0,(anonymous_16)
FNDA:0,(anonymous_17)
FNDA:0,(anonymous_18)
FNDA:0,(anonymous_19)
FNDA:0,(anonymous_20)
FNDA:0,(anonymous_21)
FNDA:0,(anonymous_22)
FNDA:0,(anonymous_23)
FNDA:0,(anonymous_24)
FNDA:0,(anonymous_25)
FNDA:0,(anonymous_26)
FNDA:0,(anonymous_27)
FNDA:0,(anonymous_28)
FNDA:0,(anonymous_29)
FNDA:4,(anonymous_30)
FNDA:0,(anonymous_31)
FNDA:0,(anonymous_32)
FNDA:0,(anonymous_33)
FNDA:0,(anonymous_34)
FNDA:0,(anonymous_35)
FNDA:0,(anonymous_36)
DA:7,1
DA:9,1
DA:17,1
DA:18,1
DA:19,1
DA:20,1
DA:21,1
DA:22,1
DA:26,1
DA:27,1
DA:28,1
DA:32,1
DA:33,0
DA:34,1
DA:38,1
DA:39,0
DA:40,1
DA:44,1
DA:45,0
DA:46,1
DA:50,0
DA:51,0
DA:55,0
DA:57,0
DA:58,0
DA:59,0
DA:60,0
DA:65,0
DA:66,0
DA:71,0
DA:72,0
DA:73,0
DA:74,0
DA:76,0
DA:78,0
DA:79,0
DA:82,0
DA:86,0
DA:87,0
DA:90,0
DA:91,0
DA:95,0
DA:97,0
DA:100,0
DA:101,0
DA:104,0
DA:108,0
DA:110,0
DA:112,0
DA:114,0
DA:116,0
DA:117,0
DA:118,0
DA:120,0
DA:121,0
DA:123,0
DA:125,0
DA:126,0
DA:129,0
DA:133,0
DA:134,0
DA:136,0
DA:138,0
DA:139,0
DA:141,0
DA:145,4
DA:147,4
DA:172,0
DA:198,0
DA:199,0
DA:200,0
DA:211,0
DA:213,0
LF:73
LH:19
BRDA:57,0,0,0
BRDA:57,0,1,0
BRDA:79,1,0,0
BRDA:79,1,1,0
BRDA:90,2,0,0
BRDA:90,2,1,0
BRDA:112,3,0,0
BRDA:112,3,1,0
BRF:8
BRH:0
end_of_record
TN:
SF:D:\git\xray-test\src\components\App\index.js
FN:15,(anonymous_0)
FN:30,(anonymous_1)
FN:41,(anonymous_2)
FN:42,(anonymous_3)
FN:43,(anonymous_4)
FN:46,(anonymous_5)
FN:51,(anonymous_6)
FN:60,(anonymous_7)
FNF:8
FNH:2
FNDA:1,(anonymous_0)
FNDA:0,(anonymous_1)
FNDA:0,(anonymous_2)
FNDA:0,(anonymous_3)
FNDA:0,(anonymous_4)
FNDA:0,(anonymous_5)
FNDA:0,(anonymous_6)
FNDA:1,(anonymous_7)
DA:16,1
DA:18,1
DA:25,1
DA:26,1
DA:27,1
DA:31,0
DA:33,0
DA:38,0
DA:40,0
DA:41,0
DA:42,0
DA:43,0
DA:47,0
DA:48,0
DA:52,0
DA:57,0
DA:61,1
DA:63,1
LF:18
LH:7
BRDA:47,0,0,0
BRDA:47,0,1,0
BRDA:76,1,0,0
BRDA:76,1,1,1
BRDA:77,2,0,0
BRDA:77,2,1,1
BRDA:78,3,0,0
BRDA:78,3,1,1
BRF:8
BRH:3
end_of_record
TN:
SF:D:\git\xray-test\src\components\CreateQuestion\index.js
FN:8,(anonymous_0)
FN:27,(anonymous_1)
FN:36,(anonymous_2)
FN:44,(anonymous_3)
FN:52,(anonymous_4)
FN:63,(anonymous_5)
FN:77,(anonymous_6)
FN:79,(anonymous_7)
FN:84,(anonymous_8)
FN:92,(anonymous_9)
FN:99,(anonymous_10)
FN:109,(anonymous_11)
FN:110,(anonymous_12)
FN:117,(anonymous_13)
FN:134,(anonymous_14)
FN:147,(anonymous_15)
FN:153,(anonymous_16)
FN:163,(anonymous_17)
FN:176,(anonymous_18)
FN:185,(anonymous_19)
FN:197,(anonymous_20)
FN:205,(anonymous_21)
FN:219,(anonymous_22)
FN:220,(anonymous_23)
FN:221,(anonymous_24)
FN:224,(anonymous_25)
FNF:26
FNH:2
FNDA:1,(anonymous_0)
FNDA:0,(anonymous_1)
FNDA:0,(anonymous_2)
FNDA:0,(anonymous_3)
FNDA:0,(anonymous_4)
FNDA:0,(anonymous_5)
FNDA:0,(anonymous_6)
FNDA:0,(anonymous_7)
FNDA:0,(anonymous_8)
FNDA:0,(anonymous_9)
FNDA:0,(anonymous_10)
FNDA:0,(anonymous_11)
FNDA:0,(anonymous_12)
FNDA:0,(anonymous_13)
FNDA:0,(anonymous_14)
FNDA:0,(anonymous_15)
FNDA:0,(anonymous_16)
FNDA:0,(anonymous_17)
FNDA:0,(anonymous_18)
FNDA:0,(anonymous_19)
FNDA:0,(anonymous_20)
FNDA:0,(anonymous_21)
FNDA:0,(anonymous_22)
FNDA:0,(anonymous_23)
FNDA:0,(anonymous_24)
FNDA:1,(anonymous_25)
DA:9,1
DA:11,1
DA:21,1
DA:22,1
DA:23,1
DA:24,1
DA:28,0
DA:29,0
DA:30,0
DA:32,0
DA:33,0
DA:37,0
DA:45,0
DA:53,0
DA:64,0
DA:65,0
DA:66,0
DA:68,0
DA:78,0
DA:80,0
DA:81,0
DA:84,0
DA:93,0
DA:95,0
DA:97,0
DA:98,0
DA:100,0
DA:101,0
DA:102,0
DA:104,0
DA:109,0
DA:110,0
DA:118,0
DA:119,0
DA:120,0
DA:121,0
DA:123,0
DA:124,0
DA:125,0
DA:127,0
DA:135,0
DA:137,0
DA:139,0
DA:148,0
DA:150,0
DA:152,0
DA:153,0
DA:154,0
DA:155,0
DA:164,0
DA:166,0
DA:167,0
DA:168,0
DA:169,0
DA:177,0
DA:186,0
DA:188,0
DA:190,0
DA:198,0
DA:206,0
DA:208,0
DA:216,0
DA:218,0
DA:219,0
DA:220,0
DA:221,0
DA:225,1
DA:227,1
LF:68
LH:8
BRDA:64,0,0,0
BRDA:64,0,1,0
BRDA:80,1,0,0
BRDA:80,1,1,0
BRDA:125,2,0,0
BRDA:125,2,1,0
BRDA:188,3,0,0
BRDA:188,3,1,0
BRDA:240,4,0,0
BRDA:240,4,1,1
BRDA:262,5,0,1
BRDA:262,5,1,0
BRDA:270,6,0,1
BRDA:270,6,1,0
BRDA:291,7,0,1
BRDA:291,7,1,1
BRF:16
BRH:5
end_of_record
TN:
SF:D:\git\xray-test\src\components\CreateTest\index.js
FN:6,(anonymous_0)
FN:19,(anonymous_1)
FN:27,(anonymous_2)
FN:28,(anonymous_3)
FN:29,(anonymous_4)
FN:32,(anonymous_5)
FN:40,(anonymous_6)
FNF:7
FNH:2
FNDA:1,(anonymous_0)
FNDA:0,(anonymous_1)
FNDA:0,(anonymous_2)
FNDA:0,(anonymous_3)
FNDA:0,(anonymous_4)
FNDA:0,(anonymous_5)
FNDA:1,(anonymous_6)
DA:7,1
DA:9,1
DA:15,1
DA:16,1
DA:20,0
DA:22,0
DA:24,0
DA:26,0
DA:27,0
DA:28,0
DA:29,0
DA:33,0
DA:35,0
DA:37,0
DA:41,1
DA:43,1
LF:16
LH:6
BRF:0
BRH:0
end_of_record
TN:
SF:D:\git\xray-test\src\components\Drawer\index.js
FN:2,(anonymous_0)
FN:24,(anonymous_1)
FN:31,(anonymous_2)
FN:45,(anonymous_3)
FN:60,(anonymous_4)
FN:66,(anonymous_5)
FN:73,(anonymous_6)
FN:83,(anonymous_7)
FN:86,(anonymous_8)
FN:98,(anonymous_9)
FN:104,(anonymous_10)
FN:110,(anonymous_11)
FN:120,(anonymous_12)
FN:126,(anonymous_13)
FN:132,(anonymous_14)
FN:136,(anonymous_15)
FN:142,(anonymous_16)
FNF:17
FNH:0
FNDA:0,(anonymous_0)
FNDA:0,(anonymous_1)
FNDA:0,(anonymous_2)
FNDA:0,(anonymous_3)
FNDA:0,(anonymous_4)
FNDA:0,(anonymous_5)
FNDA:0,(anonymous_6)
FNDA:0,(anonymous_7)
FNDA:0,(anonymous_8)
FNDA:0,(anonymous_9)
FNDA:0,(anonymous_10)
FNDA:0,(anonymous_11)
FNDA:0,(anonymous_12)
FNDA:0,(anonymous_13)
FNDA:0,(anonymous_14)
FNDA:0,(anonymous_15)
FNDA:0,(anonymous_16)
DA:3,0
DA:4,0
DA:6,0
DA:8,0
DA:9,0
DA:10,0
DA:11,0
DA:13,0
DA:15,0
DA:16,0
DA:18,0
DA:19,0
DA:20,0
DA:21,0
DA:25,0
DA:27,0
DA:28,0
DA:32,0
DA:33,0
DA:35,0
DA:36,0
DA:38,0
DA:40,0
DA:41,0
DA:46,0
DA:48,0
DA:50,0
DA:51,0
DA:53,0
DA:55,0
DA:56,0
DA:57,0
DA:61,0
DA:62,0
DA:63,0
DA:67,0
DA:69,0
DA:70,0
DA:74,0
DA:75,0
DA:77,0
DA:84,0
DA:86,0
DA:87,0
DA:88,0
DA:89,0
DA:91,0
DA:92,0
DA:94,0
DA:99,0
DA:101,0
DA:105,0
DA:107,0
DA:111,0
DA:112,0
DA:114,0
DA:115,0
DA:117,0
DA:121,0
DA:122,0
DA:123,0
DA:127,0
DA:128,0
DA:129,0
DA:133,0
DA:137,0
DA:138,0
DA:139,0
DA:143,0
DA:144,0
LF:70
LH:0
BRDA:32,0,0,0
BRDA:32,0,1,0
BRDA:60,1,0,0
BRF:3
BRH:0
end_of_record
TN:
SF:D:\git\xray-test\src\components\Forbidden\index.js
FN:5,(anonymous_0)
FNF:1
FNH:1
FNDA:1,(anonymous_0)
DA:6,1
LF:1
LH:1
BRF:0
BRH:0
end_of_record
TN:
SF:D:\git\xray-test\src\components\Header\Login.js
FN:6,(anonymous_0)
FNF:1
FNH:1
FNDA:7,(anonymous_0)
DA:6,3
DA:7,7
DA:9,7
DA:28,3
LF:4
LH:4
BRDA:12,0,0,1
BRDA:12,0,1,6
BRF:2
BRH:2
end_of_record
TN:
SF:D:\git\xray-test\src\components\Header\index.js
FN:7,(anonymous_0)
FNF:1
FNH:1
FNDA:4,(anonymous_0)
DA:7,2
DA:8,4
DA:10,4
DA:29,2
LF:4
LH:4
BRDA:16,0,0,1
BRDA:16,0,1,3
BRF:2
BRH:2
end_of_record
TN:
SF:D:\git\xray-test\src\components\Menu\index.js
FN:6,(anonymous_0)
FNF:1
FNH:1
FNDA:2,(anonymous_0)
DA:7,2
LF:1
LH:1
BRF:0
BRH:0
end_of_record
TN:
SF:D:\git\xray-test\src\components\Test\Slide.js
FN:9,(anonymous_0)
FN:43,(anonymous_1)
FN:50,(anonymous_2)
FN:59,(anonymous_3)
FN:64,(anonymous_4)
FN:78,(anonymous_5)
FN:89,(anonymous_6)
FN:95,(anonymous_7)
FN:98,(anonymous_8)
FN:111,(anonymous_9)
FN:112,(anonymous_10)
FN:126,(anonymous_11)
FN:139,(anonymous_12)
FN:148,(anonymous_13)
FN:159,(anonymous_14)
FN:167,(anonymous_15)
FN:171,(anonymous_16)
FN:183,(anonymous_17)
FN:196,(anonymous_18)
FN:207,(anonymous_19)
FN:218,(anonymous_20)
FN:219,(anonymous_21)
FN:226,(anonymous_22)
FN:241,(anonymous_23)
FN:245,(anonymous_24)
FN:257,(anonymous_25)
FN:263,(anonymous_26)
FN:275,(anonymous_27)
FN:276,(anonymous_28)
FN:282,(anonymous_29)
FN:287,(anonymous_30)
FN:290,(anonymous_31)
FN:297,(anonymous_32)
FN:304,(anonymous_33)
FN:313,(anonymous_34)
FNF:35
FNH:2
FNDA:1,(anonymous_0)
FNDA:0,(anonymous_1)
FNDA:0,(anonymous_2)
FNDA:0,(anonymous_3)
FNDA:0,(anonymous_4)
FNDA:0,(anonymous_5)
FNDA:0,(anonymous_6)
FNDA:0,(anonymous_7)
FNDA:0,(anonymous_8)
FNDA:0,(anonymous_9)
FNDA:0,(anonymous_10)
FNDA:0,(anonymous_11)
FNDA:0,(anonymous_12)
FNDA:0,(anonymous_13)
FNDA:0,(anonymous_14)
FNDA:0,(anonymous_15)
FNDA:0,(anonymous_16)
FNDA:0,(anonymous_17)
FNDA:0,(anonymous_18)
FNDA:0,(anonymous_19)
FNDA:0,(anonymous_20)
FNDA:0,(anonymous_21)
FNDA:0,(anonymous_22)
FNDA:0,(anonymous_23)
FNDA:0,(anonymous_24)
FNDA:0,(anonymous_25)
FNDA:0,(anonymous_26)
FNDA:0,(anonymous_27)
FNDA:0,(anonymous_28)
FNDA:0,(anonymous_29)
FNDA:0,(anonymous_30)
FNDA:0,(anonymous_31)
FNDA:0,(anonymous_32)
FNDA:0,(anonymous_33)
FNDA:1,(anonymous_34)
DA:10,1
DA:12,1
DA:13,1
DA:14,1
DA:16,1
DA:29,1
DA:30,1
DA:31,1
DA:32,1
DA:33,1
DA:34,1
DA:35,1
DA:36,1
DA:37,1
DA:38,1
DA:40,1
DA:44,0
DA:46,0
DA:47,0
DA:51,0
DA:52,0
DA:54,0
DA:55,0
DA:60,0
DA:61,0
DA:65,0
DA:67,0
DA:79,0
DA:81,0
DA:90,0
DA:92,0
DA:94,0
DA:95,0
DA:96,0
DA:97,0
DA:99,0
DA:100,0
DA:112,0
DA:113,0
DA:114,0
DA:117,0
DA:118,0
DA:127,0
DA:129,0
DA:130,0
DA:131,0
DA:132,0
DA:140,0
DA:149,0
DA:150,0
DA:152,0
DA:160,0
DA:168,0
DA:172,0
DA:173,0
DA:175,0
DA:176,0
DA:180,0
DA:184,0
DA:186,0
DA:197,0
DA:199,0
DA:208,0
DA:210,0
DA:211,0
DA:219,0
DA:220,0
DA:223,0
DA:227,0
DA:228,0
DA:229,0
DA:231,0
DA:234,0
DA:235,0
DA:238,0
DA:242,0
DA:246,0
DA:247,0
DA:248,0
DA:250,0
DA:251,0
DA:254,0
DA:258,0
DA:259,0
DA:260,0
DA:261,0
DA:262,0
DA:263,0
DA:264,0
DA:267,0
DA:268,0
DA:269,0
DA:272,0
DA:276,0
DA:277,0
DA:278,0
DA:283,0
DA:285,0
DA:286,0
DA:287,0
DA:291,0
DA:292,0
DA:293,0
DA:294,0
DA:298,0
DA:299,0
DA:301,0
DA:305,0
DA:307,0
DA:308,0
DA:310,0
DA:314,1
DA:315,1
DA:316,1
DA:318,1
DA:372,3
LF:116
LH:21
BRDA:54,0,0,0
BRDA:54,0,1,0
BRDA:117,1,0,0
BRDA:117,1,1,0
BRDA:150,2,0,0
BRDA:150,2,1,0
BRDA:175,3,0,0
BRDA:175,3,1,0
BRDA:231,4,0,0
BRDA:231,4,1,0
BRDA:234,5,0,0
BRDA:234,5,1,0
BRDA:250,6,0,0
BRDA:250,6,1,0
BRDA:250,7,0,0
BRDA:250,7,1,0
BRDA:264,8,0,0
BRDA:264,8,1,0
BRDA:264,8,2,0
BRDA:264,8,3,0
BRDA:267,9,0,0
BRDA:267,9,1,0
BRDA:268,10,0,0
BRDA:268,10,1,0
BRDA:272,11,0,0
BRDA:272,11,1,0
BRDA:326,12,0,0
BRDA:326,12,1,1
BRDA:327,13,0,0
BRDA:327,13,1,0
BRDA:327,14,0,0
BRDA:327,14,1,0
BRDA:327,15,0,0
BRDA:327,15,1,0
BRDA:333,16,0,0
BRDA:333,16,1,1
BRDA:336,17,0,0
BRDA:336,17,1,0
BRDA:336,18,0,0
BRDA:336,18,1,0
BRDA:345,19,0,0
BRDA:345,19,1,1
BRDA:355,20,0,0
BRDA:355,20,1,1
BRDA:363,21,0,1
BRDA:363,21,1,0
BRDA:366,22,0,0
BRDA:366,22,1,1
BRF:48
BRH:6
end_of_record
TN:
SF:D:\git\xray-test\src\components\Test\User.js
FN:6,(anonymous_0)
FNF:1
FNH:1
FNDA:3,(anonymous_0)
DA:6,2
DA:7,3
DA:9,3
DA:32,2
LF:4
LH:4
BRF:0
BRH:0
end_of_record
TN:
SF:D:\git\xray-test\src\components\Test\index.js
FN:9,(anonymous_0)
FN:32,(anonymous_1)
FN:37,(anonymous_2)
FN:45,(anonymous_3)
FN:51,(anonymous_4)
FN:53,(anonymous_5)
FN:54,(anonymous_6)
FN:57,(anonymous_7)
FN:59,(anonymous_8)
FN:60,(anonymous_9)
FN:63,(anonymous_10)
FN:66,(anonymous_11)
FN:73,(anonymous_12)
FN:82,(anonymous_13)
FN:84,(anonymous_14)
FN:85,(anonymous_15)
FN:88,(anonymous_16)
FN:96,(anonymous_17)
FN:100,(anonymous_18)
FN:107,(anonymous_19)
FNF:20
FNH:7
FNDA:1,(anonymous_0)
FNDA:1,(anonymous_1)
FNDA:0,(anonymous_2)
FNDA:0,(anonymous_3)
FNDA:1,(anonymous_4)
FNDA:0,(anonymous_5)
FNDA:1,(anonymous_6)
FNDA:1,(anonymous_7)
FNDA:0,(anonymous_8)
FNDA:1,(anonymous_9)
FNDA:0,(anonymous_10)
FNDA:0,(anonymous_11)
FNDA:0,(anonymous_12)
FNDA:0,(anonymous_13)
FNDA:0,(anonymous_14)
FNDA:0,(anonymous_15)
FNDA:0,(anonymous_16)
FNDA:0,(anonymous_17)
FNDA:0,(anonymous_18)
FNDA:3,(anonymous_19)
DA:10,1
DA:12,1
DA:25,1
DA:26,1
DA:27,1
DA:28,1
DA:29,1
DA:33,1
DA:34,1
DA:38,0
DA:40,0
DA:42,0
DA:46,0
DA:48,0
DA:52,1
DA:53,0
DA:54,1
DA:58,1
DA:59,0
DA:60,1
DA:64,0
DA:66,0
DA:67,0
DA:70,0
DA:74,0
DA:75,0
DA:76,0
DA:77,0
DA:79,0
DA:83,0
DA:84,0
DA:85,0
DA:89,0
DA:90,0
DA:92,0
DA:93,0
DA:97,0
DA:101,0
DA:103,0
DA:104,0
DA:108,3
DA:109,3
DA:111,3
LF:43
LH:16
BRDA:92,0,0,0
BRDA:92,0,1,0
BRDA:113,1,0,0
BRDA:113,1,1,3
BRDA:126,2,0,0
BRDA:126,2,1,3
BRDA:131,3,0,0
BRDA:131,3,1,0
BRDA:131,4,0,0
BRDA:131,4,1,0
BRF:10
BRH:2
end_of_record
